<?xml version="1.0" encoding="UTF-8"?>
<coverage generated="1694955998911" clover="3.2.0">
  <project timestamp="1694955998911" name="All files">
    <metrics statements="1373" coveredstatements="540" conditionals="577" coveredconditionals="144" methods="427" coveredmethods="123" elements="2377" coveredelements="807" complexity="0" loc="1373" ncloc="1373" packages="29" files="104" classes="104"/>
    <package name="foundo-app">
      <metrics statements="13" coveredstatements="12" conditionals="6" coveredconditionals="5" methods="4" coveredmethods="3"/>
      <file name="App.tsx" path="E:\IMP PROJECT\foundo\foundo-app 1.1\foundo-app\App.tsx">
        <metrics statements="13" coveredstatements="12" conditionals="6" coveredconditionals="5" methods="4" coveredmethods="3"/>
        <line num="16" count="1" type="stmt"/>
        <line num="18" count="1" type="stmt"/>
        <line num="24" count="1" type="stmt"/>
        <line num="25" count="22" type="stmt"/>
        <line num="27" count="21" type="stmt"/>
        <line num="28" count="14" type="cond" truecount="2" falsecount="0"/>
        <line num="29" count="7" type="stmt"/>
        <line num="30" count="7" type="stmt"/>
        <line num="35" count="21" type="cond" truecount="2" falsecount="0"/>
        <line num="36" count="14" type="stmt"/>
        <line num="44" count="7" type="cond" truecount="1" falsecount="1"/>
        <line num="45" count="0" type="stmt"/>
        <line num="47" count="7" type="stmt"/>
      </file>
    </package>
    <package name="foundo-app.src.assets.fonts">
      <metrics statements="1" coveredstatements="1" conditionals="0" coveredconditionals="0" methods="0" coveredmethods="0"/>
      <file name="index.js" path="E:\IMP PROJECT\foundo\foundo-app 1.1\foundo-app\src\assets\fonts\index.js">
        <metrics statements="1" coveredstatements="1" conditionals="0" coveredconditionals="0" methods="0" coveredmethods="0"/>
        <line num="8" count="1" type="stmt"/>
      </file>
    </package>
    <package name="foundo-app.src.assets.images">
      <metrics statements="13" coveredstatements="13" conditionals="0" coveredconditionals="0" methods="0" coveredmethods="0"/>
      <file name="character1.png" path="E:\IMP PROJECT\foundo\foundo-app 1.1\foundo-app\src\assets\images\character1.png">
        <metrics statements="1" coveredstatements="1" conditionals="0" coveredconditionals="0" methods="0" coveredmethods="0"/>
        <line num="1" count="4" type="stmt"/>
      </file>
      <file name="character2.png" path="E:\IMP PROJECT\foundo\foundo-app 1.1\foundo-app\src\assets\images\character2.png">
        <metrics statements="1" coveredstatements="1" conditionals="0" coveredconditionals="0" methods="0" coveredmethods="0"/>
        <line num="1" count="2" type="stmt"/>
      </file>
      <file name="character3.png" path="E:\IMP PROJECT\foundo\foundo-app 1.1\foundo-app\src\assets\images\character3.png">
        <metrics statements="1" coveredstatements="1" conditionals="0" coveredconditionals="0" methods="0" coveredmethods="0"/>
        <line num="1" count="3" type="stmt"/>
      </file>
      <file name="character4.png" path="E:\IMP PROJECT\foundo\foundo-app 1.1\foundo-app\src\assets\images\character4.png">
        <metrics statements="1" coveredstatements="1" conditionals="0" coveredconditionals="0" methods="0" coveredmethods="0"/>
        <line num="1" count="2" type="stmt"/>
      </file>
      <file name="character5.png" path="E:\IMP PROJECT\foundo\foundo-app 1.1\foundo-app\src\assets\images\character5.png">
        <metrics statements="1" coveredstatements="1" conditionals="0" coveredconditionals="0" methods="0" coveredmethods="0"/>
        <line num="1" count="5" type="stmt"/>
      </file>
      <file name="email.png" path="E:\IMP PROJECT\foundo\foundo-app 1.1\foundo-app\src\assets\images\email.png">
        <metrics statements="1" coveredstatements="1" conditionals="0" coveredconditionals="0" methods="0" coveredmethods="0"/>
        <line num="1" count="2" type="stmt"/>
      </file>
      <file name="file.png" path="E:\IMP PROJECT\foundo\foundo-app 1.1\foundo-app\src\assets\images\file.png">
        <metrics statements="1" coveredstatements="1" conditionals="0" coveredconditionals="0" methods="0" coveredmethods="0"/>
        <line num="1" count="2" type="stmt"/>
      </file>
      <file name="object1.png" path="E:\IMP PROJECT\foundo\foundo-app 1.1\foundo-app\src\assets\images\object1.png">
        <metrics statements="1" coveredstatements="1" conditionals="0" coveredconditionals="0" methods="0" coveredmethods="0"/>
        <line num="1" count="2" type="stmt"/>
      </file>
      <file name="object2.png" path="E:\IMP PROJECT\foundo\foundo-app 1.1\foundo-app\src\assets\images\object2.png">
        <metrics statements="1" coveredstatements="1" conditionals="0" coveredconditionals="0" methods="0" coveredmethods="0"/>
        <line num="1" count="4" type="stmt"/>
      </file>
      <file name="object3.png" path="E:\IMP PROJECT\foundo\foundo-app 1.1\foundo-app\src\assets\images\object3.png">
        <metrics statements="1" coveredstatements="1" conditionals="0" coveredconditionals="0" methods="0" coveredmethods="0"/>
        <line num="1" count="5" type="stmt"/>
      </file>
      <file name="object4.png" path="E:\IMP PROJECT\foundo\foundo-app 1.1\foundo-app\src\assets\images\object4.png">
        <metrics statements="1" coveredstatements="1" conditionals="0" coveredconditionals="0" methods="0" coveredmethods="0"/>
        <line num="1" count="3" type="stmt"/>
      </file>
      <file name="phone.png" path="E:\IMP PROJECT\foundo\foundo-app 1.1\foundo-app\src\assets\images\phone.png">
        <metrics statements="1" coveredstatements="1" conditionals="0" coveredconditionals="0" methods="0" coveredmethods="0"/>
        <line num="1" count="2" type="stmt"/>
      </file>
      <file name="searchitem.png" path="E:\IMP PROJECT\foundo\foundo-app 1.1\foundo-app\src\assets\images\searchitem.png">
        <metrics statements="1" coveredstatements="1" conditionals="0" coveredconditionals="0" methods="0" coveredmethods="0"/>
        <line num="1" count="3" type="stmt"/>
      </file>
    </package>
    <package name="foundo-app.src.components">
      <metrics statements="34" coveredstatements="24" conditionals="18" coveredconditionals="8" methods="9" coveredmethods="7"/>
      <file name="Error.tsx" path="E:\IMP PROJECT\foundo\foundo-app 1.1\foundo-app\src\components\Error.tsx">
        <metrics statements="3" coveredstatements="1" conditionals="2" coveredconditionals="0" methods="1" coveredmethods="0"/>
        <line num="9" count="7" type="stmt"/>
        <line num="10" count="0" type="cond" truecount="0" falsecount="2"/>
        <line num="12" count="0" type="stmt"/>
      </file>
      <file name="Foundo.tsx" path="E:\IMP PROJECT\foundo\foundo-app 1.1\foundo-app\src\components\Foundo.tsx">
        <metrics statements="8" coveredstatements="7" conditionals="2" coveredconditionals="1" methods="2" coveredmethods="2"/>
        <line num="15" count="2" type="stmt"/>
        <line num="16" count="2" type="stmt"/>
        <line num="21" count="2" type="stmt"/>
        <line num="22" count="7" type="stmt"/>
        <line num="24" count="7" type="stmt"/>
        <line num="25" count="7" type="cond" truecount="1" falsecount="1"/>
        <line num="26" count="0" type="stmt"/>
        <line num="30" count="7" type="stmt"/>
      </file>
      <file name="LoadFoundo.tsx" path="E:\IMP PROJECT\foundo\foundo-app 1.1\foundo-app\src\components\LoadFoundo.tsx">
        <metrics statements="23" coveredstatements="16" conditionals="14" coveredconditionals="7" methods="6" coveredmethods="5"/>
        <line num="15" count="22" type="stmt"/>
        <line num="16" count="21" type="stmt"/>
        <line num="17" count="21" type="stmt"/>
        <line num="19" count="21" type="stmt"/>
        <line num="20" count="21" type="stmt"/>
        <line num="22" count="21" type="stmt"/>
        <line num="23" count="14" type="stmt"/>
        <line num="24" count="14" type="cond" truecount="4" falsecount="0"/>
        <line num="25" count="7" type="stmt"/>
        <line num="27" count="7" type="cond" truecount="1" falsecount="1"/>
        <line num="28" count="7" type="cond" truecount="1" falsecount="1"/>
        <line num="29" count="0" type="stmt"/>
        <line num="33" count="7" type="cond" truecount="1" falsecount="1"/>
        <line num="34" count="0" type="stmt"/>
        <line num="35" count="0" type="stmt"/>
        <line num="36" count="0" type="cond" truecount="0" falsecount="4"/>
        <line num="37" count="0" type="stmt"/>
        <line num="46" count="0" type="stmt"/>
        <line num="47" count="0" type="stmt"/>
        <line num="50" count="7" type="stmt"/>
        <line num="54" count="14" type="stmt"/>
        <line num="55" count="14" type="stmt"/>
        <line num="59" count="21" type="stmt"/>
      </file>
    </package>
    <package name="foundo-app.src.components.atoms">
      <metrics statements="79" coveredstatements="58" conditionals="65" coveredconditionals="34" methods="38" coveredmethods="18"/>
      <file name="BottomModal.tsx" path="E:\IMP PROJECT\foundo\foundo-app 1.1\foundo-app\src\components\atoms\BottomModal.tsx">
        <metrics statements="3" coveredstatements="3" conditionals="11" coveredconditionals="11" methods="1" coveredmethods="1"/>
        <line num="19" count="4" type="stmt"/>
        <line num="31" count="38" type="stmt"/>
        <line num="69" count="4" type="stmt"/>
      </file>
      <file name="ElevatedCard.tsx" path="E:\IMP PROJECT\foundo\foundo-app 1.1\foundo-app\src\components\atoms\ElevatedCard.tsx">
        <metrics statements="2" coveredstatements="2" conditionals="1" coveredconditionals="1" methods="1" coveredmethods="1"/>
        <line num="9" count="6" type="stmt"/>
        <line num="15" count="7" type="stmt"/>
      </file>
      <file name="FilterOptionItem.js" path="E:\IMP PROJECT\foundo\foundo-app 1.1\foundo-app\src\components\atoms\FilterOptionItem.js">
        <metrics statements="9" coveredstatements="9" conditionals="4" coveredconditionals="4" methods="3" coveredmethods="3"/>
        <line num="4" count="3" type="stmt"/>
        <line num="5" count="3" type="stmt"/>
        <line num="6" count="3" type="stmt"/>
        <line num="10" count="3" type="stmt"/>
        <line num="15" count="120" type="stmt"/>
        <line num="16" count="360" type="stmt"/>
        <line num="19" count="120" type="stmt"/>
        <line num="21" count="4" type="stmt"/>
        <line num="42" count="3" type="stmt"/>
      </file>
      <file name="ItemExtraDetailComponent.tsx" path="E:\IMP PROJECT\foundo\foundo-app 1.1\foundo-app\src\components\atoms\ItemExtraDetailComponent.tsx">
        <metrics statements="3" coveredstatements="2" conditionals="0" coveredconditionals="0" methods="1" coveredmethods="0"/>
        <line num="6" count="4" type="stmt"/>
        <line num="7" count="0" type="stmt"/>
        <line num="24" count="4" type="stmt"/>
      </file>
      <file name="ItemSearchComponent.tsx" path="E:\IMP PROJECT\foundo\foundo-app 1.1\foundo-app\src\components\atoms\ItemSearchComponent.tsx">
        <metrics statements="4" coveredstatements="4" conditionals="0" coveredconditionals="0" methods="2" coveredmethods="2"/>
        <line num="11" count="3" type="stmt"/>
        <line num="16" count="11" type="stmt"/>
        <line num="19" count="11" type="stmt"/>
        <line num="34" count="3" type="stmt"/>
      </file>
      <file name="ListItem.tsx" path="E:\IMP PROJECT\foundo\foundo-app 1.1\foundo-app\src\components\atoms\ListItem.tsx">
        <metrics statements="33" coveredstatements="22" conditionals="25" coveredconditionals="11" methods="19" coveredmethods="7"/>
        <line num="30" count="3" type="stmt"/>
        <line num="35" count="14" type="stmt"/>
        <line num="77" count="3" type="stmt"/>
        <line num="83" count="16" type="stmt"/>
        <line num="84" count="16" type="stmt"/>
        <line num="85" count="2" type="stmt"/>
        <line num="86" count="2" type="stmt"/>
        <line num="87" count="32" type="stmt"/>
        <line num="89" count="2" type="stmt"/>
        <line num="91" count="16" type="stmt"/>
        <line num="92" count="0" type="stmt"/>
        <line num="94" count="16" type="stmt"/>
        <line num="95" count="0" type="stmt"/>
        <line num="96" count="0" type="stmt"/>
        <line num="98" count="16" type="stmt"/>
        <line num="112" count="2" type="stmt"/>
        <line num="148" count="120" type="stmt"/>
        <line num="156" count="156" type="stmt"/>
        <line num="182" count="3" type="stmt"/>
        <line num="189" count="14" type="stmt"/>
        <line num="190" count="14" type="stmt"/>
        <line num="191" count="14" type="stmt"/>
        <line num="192" count="0" type="stmt"/>
        <line num="194" count="14" type="stmt"/>
        <line num="195" count="0" type="stmt"/>
        <line num="196" count="0" type="stmt"/>
        <line num="198" count="14" type="stmt"/>
        <line num="212" count="0" type="stmt"/>
        <line num="251" count="0" type="stmt"/>
        <line num="252" count="0" type="stmt"/>
        <line num="269" count="0" type="stmt"/>
        <line num="274" count="0" type="stmt"/>
        <line num="292" count="3" type="stmt"/>
      </file>
      <file name="LogInButtonComponent.tsx" path="E:\IMP PROJECT\foundo\foundo-app 1.1\foundo-app\src\components\atoms\LogInButtonComponent.tsx">
        <metrics statements="4" coveredstatements="3" conditionals="0" coveredconditionals="0" methods="2" coveredmethods="1"/>
        <line num="8" count="5" type="stmt"/>
        <line num="9" count="1" type="stmt"/>
        <line num="11" count="0" type="stmt"/>
        <line num="19" count="5" type="stmt"/>
      </file>
      <file name="LogoutButtonComponent.tsx" path="E:\IMP PROJECT\foundo\foundo-app 1.1\foundo-app\src\components\atoms\LogoutButtonComponent.tsx">
        <metrics statements="6" coveredstatements="2" conditionals="0" coveredconditionals="0" methods="2" coveredmethods="0"/>
        <line num="19" count="2" type="stmt"/>
        <line num="20" count="0" type="stmt"/>
        <line num="21" count="0" type="stmt"/>
        <line num="22" count="0" type="stmt"/>
        <line num="24" count="0" type="stmt"/>
        <line num="32" count="2" type="stmt"/>
      </file>
      <file name="MiniItemColorIcon.tsx" path="E:\IMP PROJECT\foundo\foundo-app 1.1\foundo-app\src\components\atoms\MiniItemColorIcon.tsx">
        <metrics statements="4" coveredstatements="3" conditionals="10" coveredconditionals="3" methods="2" coveredmethods="1"/>
        <line num="14" count="4" type="stmt"/>
        <line num="21" count="120" type="stmt"/>
        <line num="27" count="0" type="cond" truecount="0" falsecount="2"/>
        <line num="66" count="4" type="stmt"/>
      </file>
      <file name="MiniItemTextIcon.tsx" path="E:\IMP PROJECT\foundo\foundo-app 1.1\foundo-app\src\components\atoms\MiniItemTextIcon.tsx">
        <metrics statements="4" coveredstatements="3" conditionals="10" coveredconditionals="3" methods="2" coveredmethods="1"/>
        <line num="13" count="4" type="stmt"/>
        <line num="18" count="40" type="stmt"/>
        <line num="25" count="0" type="cond" truecount="0" falsecount="2"/>
        <line num="50" count="4" type="stmt"/>
      </file>
      <file name="NotLoggedInComponent.tsx" path="E:\IMP PROJECT\foundo\foundo-app 1.1\foundo-app\src\components\atoms\NotLoggedInComponent.tsx">
        <metrics statements="2" coveredstatements="2" conditionals="2" coveredconditionals="1" methods="1" coveredmethods="1"/>
        <line num="20" count="5" type="stmt"/>
        <line num="27" count="1" type="stmt"/>
      </file>
      <file name="OTPInputBox.tsx" path="E:\IMP PROJECT\foundo\foundo-app 1.1\foundo-app\src\components\atoms\OTPInputBox.tsx">
        <metrics statements="2" coveredstatements="1" conditionals="0" coveredconditionals="0" methods="1" coveredmethods="0"/>
        <line num="10" count="2" type="stmt"/>
        <line num="21" count="0" type="stmt"/>
      </file>
      <file name="ToggleComponent.tsx" path="E:\IMP PROJECT\foundo\foundo-app 1.1\foundo-app\src\components\atoms\ToggleComponent.tsx">
        <metrics statements="3" coveredstatements="2" conditionals="2" coveredconditionals="0" methods="1" coveredmethods="0"/>
        <line num="7" count="2" type="stmt"/>
        <line num="8" count="0" type="stmt"/>
        <line num="21" count="2" type="stmt"/>
      </file>
    </package>
    <package name="foundo-app.src.components.atoms.Map">
      <metrics statements="23" coveredstatements="6" conditionals="2" coveredconditionals="0" methods="8" coveredmethods="0"/>
      <file name="PickMapComponent.tsx" path="E:\IMP PROJECT\foundo\foundo-app 1.1\foundo-app\src\components\atoms\Map\PickMapComponent.tsx">
        <metrics statements="14" coveredstatements="2" conditionals="2" coveredconditionals="0" methods="4" coveredmethods="0"/>
        <line num="17" count="5" type="stmt"/>
        <line num="18" count="0" type="stmt"/>
        <line num="19" count="0" type="stmt"/>
        <line num="20" count="0" type="stmt"/>
        <line num="24" count="0" type="stmt"/>
        <line num="25" count="0" type="stmt"/>
        <line num="30" count="0" type="stmt"/>
        <line num="31" count="0" type="stmt"/>
        <line num="33" count="0" type="stmt"/>
        <line num="36" count="0" type="stmt"/>
        <line num="37" count="0" type="stmt"/>
        <line num="40" count="0" type="stmt"/>
        <line num="54" count="0" type="stmt"/>
        <line num="98" count="5" type="stmt"/>
      </file>
      <file name="ShowMapComponent.tsx" path="E:\IMP PROJECT\foundo\foundo-app 1.1\foundo-app\src\components\atoms\Map\ShowMapComponent.tsx">
        <metrics statements="5" coveredstatements="2" conditionals="0" coveredconditionals="0" methods="2" coveredmethods="0"/>
        <line num="8" count="4" type="stmt"/>
        <line num="9" count="0" type="stmt"/>
        <line num="11" count="0" type="stmt"/>
        <line num="30" count="0" type="stmt"/>
        <line num="40" count="4" type="stmt"/>
      </file>
      <file name="pickMapTemplate.js" path="E:\IMP PROJECT\foundo\foundo-app 1.1\foundo-app\src\components\atoms\Map\pickMapTemplate.js">
        <metrics statements="2" coveredstatements="1" conditionals="0" coveredconditionals="0" methods="1" coveredmethods="0"/>
        <line num="1" count="5" type="stmt"/>
        <line num="2" count="0" type="stmt"/>
      </file>
      <file name="showMapTemplate.js" path="E:\IMP PROJECT\foundo\foundo-app 1.1\foundo-app\src\components\atoms\Map\showMapTemplate.js">
        <metrics statements="2" coveredstatements="1" conditionals="0" coveredconditionals="0" methods="1" coveredmethods="0"/>
        <line num="1" count="4" type="stmt"/>
        <line num="2" count="0" type="stmt"/>
      </file>
    </package>
    <package name="foundo-app.src.components.atoms.ProgressBar">
      <metrics statements="4" coveredstatements="2" conditionals="2" coveredconditionals="0" methods="2" coveredmethods="0"/>
      <file name="StepWiseProgress.tsx" path="E:\IMP PROJECT\foundo\foundo-app 1.1\foundo-app\src\components\atoms\ProgressBar\StepWiseProgress.tsx">
        <metrics statements="4" coveredstatements="2" conditionals="2" coveredconditionals="0" methods="2" coveredmethods="0"/>
        <line num="8" count="3" type="stmt"/>
        <line num="9" count="0" type="stmt"/>
        <line num="12" count="0" type="stmt"/>
        <line num="27" count="3" type="stmt"/>
      </file>
    </package>
    <package name="foundo-app.src.components.molecules.Animation">
      <metrics statements="65" coveredstatements="28" conditionals="35" coveredconditionals="19" methods="9" coveredmethods="7"/>
      <file name="AnimatedComponent.tsx" path="E:\IMP PROJECT\foundo\foundo-app 1.1\foundo-app\src\components\molecules\Animation\AnimatedComponent.tsx">
        <metrics statements="2" coveredstatements="2" conditionals="3" coveredconditionals="3" methods="1" coveredmethods="1"/>
        <line num="13" count="6" type="stmt"/>
        <line num="21" count="5" type="stmt"/>
      </file>
      <file name="AnimatedImageComponent.tsx" path="E:\IMP PROJECT\foundo\foundo-app 1.1\foundo-app\src\components\molecules\Animation\AnimatedImageComponent.tsx">
        <metrics statements="50" coveredstatements="13" conditionals="16" coveredconditionals="2" methods="5" coveredmethods="3"/>
        <line num="29" count="4" type="stmt"/>
        <line num="30" count="10" type="stmt"/>
        <line num="31" count="10" type="stmt"/>
        <line num="32" count="10" type="stmt"/>
        <line num="33" count="10" type="stmt"/>
        <line num="34" count="10" type="stmt"/>
        <line num="35" count="10" type="stmt"/>
        <line num="36" count="10" type="stmt"/>
        <line num="37" count="10" type="stmt"/>
        <line num="39" count="0" type="cond" truecount="0" falsecount="2"/>
        <line num="40" count="0" type="stmt"/>
        <line num="41" count="0" type="stmt"/>
        <line num="42" count="0" type="stmt"/>
        <line num="44" count="0" type="stmt"/>
        <line num="45" count="0" type="cond" truecount="0" falsecount="2"/>
        <line num="46" count="0" type="stmt"/>
        <line num="47" count="0" type="stmt"/>
        <line num="48" count="0" type="stmt"/>
        <line num="49" count="0" type="stmt"/>
        <line num="51" count="0" type="stmt"/>
        <line num="52" count="0" type="stmt"/>
        <line num="53" count="0" type="stmt"/>
        <line num="54" count="0" type="stmt"/>
        <line num="58" count="0" type="cond" truecount="0" falsecount="2"/>
        <line num="59" count="0" type="stmt"/>
        <line num="60" count="0" type="stmt"/>
        <line num="61" count="0" type="stmt"/>
        <line num="62" count="0" type="stmt"/>
        <line num="63" count="0" type="stmt"/>
        <line num="64" count="0" type="cond" truecount="0" falsecount="4"/>
        <line num="65" count="0" type="stmt"/>
        <line num="66" count="0" type="stmt"/>
        <line num="67" count="0" type="stmt"/>
        <line num="68" count="0" type="stmt"/>
        <line num="69" count="0" type="stmt"/>
        <line num="70" count="0" type="cond" truecount="0" falsecount="4"/>
        <line num="71" count="0" type="stmt"/>
        <line num="72" count="0" type="stmt"/>
        <line num="73" count="0" type="stmt"/>
        <line num="74" count="0" type="stmt"/>
        <line num="75" count="0" type="stmt"/>
        <line num="77" count="0" type="stmt"/>
        <line num="78" count="0" type="stmt"/>
        <line num="79" count="0" type="stmt"/>
        <line num="80" count="0" type="stmt"/>
        <line num="81" count="0" type="stmt"/>
        <line num="84" count="12" type="stmt"/>
        <line num="87" count="12" type="stmt"/>
        <line num="90" count="10" type="stmt"/>
        <line num="116" count="4" type="stmt"/>
      </file>
      <file name="AnimatedObject.tsx" path="E:\IMP PROJECT\foundo\foundo-app 1.1\foundo-app\src\components\molecules\Animation\AnimatedObject.tsx">
        <metrics statements="2" coveredstatements="2" conditionals="2" coveredconditionals="2" methods="1" coveredmethods="1"/>
        <line num="11" count="6" type="stmt"/>
        <line num="17" count="7" type="stmt"/>
      </file>
      <file name="AnimationTranslateScale.tsx" path="E:\IMP PROJECT\foundo\foundo-app 1.1\foundo-app\src\components\molecules\Animation\AnimationTranslateScale.tsx">
        <metrics statements="11" coveredstatements="11" conditionals="14" coveredconditionals="12" methods="2" coveredmethods="2"/>
        <line num="13" count="7" type="stmt"/>
        <line num="23" count="29" type="stmt"/>
        <line num="24" count="29" type="stmt"/>
        <line num="28" count="29" type="stmt"/>
        <line num="32" count="29" type="stmt"/>
        <line num="33" count="29" type="stmt"/>
        <line num="38" count="29" type="stmt"/>
        <line num="39" count="29" type="stmt"/>
        <line num="40" count="18" type="stmt"/>
        <line num="59" count="29" type="stmt"/>
        <line num="74" count="7" type="stmt"/>
      </file>
    </package>
    <package name="foundo-app.src.components.molecules.Contact">
      <metrics statements="16" coveredstatements="4" conditionals="6" coveredconditionals="0" methods="6" coveredmethods="0"/>
      <file name="ContactListComponent.tsx" path="E:\IMP PROJECT\foundo\foundo-app 1.1\foundo-app\src\components\molecules\Contact\ContactListComponent.tsx">
        <metrics statements="11" coveredstatements="2" conditionals="6" coveredconditionals="0" methods="4" coveredmethods="0"/>
        <line num="22" count="2" type="stmt"/>
        <line num="30" count="0" type="stmt"/>
        <line num="31" count="0" type="stmt"/>
        <line num="32" count="0" type="stmt"/>
        <line num="33" count="0" type="stmt"/>
        <line num="35" count="0" type="cond" truecount="0" falsecount="2"/>
        <line num="36" count="0" type="stmt"/>
        <line num="44" count="0" type="stmt"/>
        <line num="48" count="0" type="stmt"/>
        <line num="55" count="0" type="stmt"/>
        <line num="70" count="2" type="stmt"/>
      </file>
      <file name="SingleContactComponent.tsx" path="E:\IMP PROJECT\foundo\foundo-app 1.1\foundo-app\src\components\molecules\Contact\SingleContactComponent.tsx">
        <metrics statements="5" coveredstatements="2" conditionals="0" coveredconditionals="0" methods="2" coveredmethods="0"/>
        <line num="26" count="2" type="stmt"/>
        <line num="27" count="0" type="stmt"/>
        <line num="28" count="0" type="stmt"/>
        <line num="30" count="0" type="stmt"/>
        <line num="44" count="2" type="stmt"/>
      </file>
    </package>
    <package name="foundo-app.src.components.molecules.Filter">
      <metrics statements="29" coveredstatements="23" conditionals="22" coveredconditionals="9" methods="14" coveredmethods="7"/>
      <file name="AditionalFilterOptionComponent.tsx.tsx" path="E:\IMP PROJECT\foundo\foundo-app 1.1\foundo-app\src\components\molecules\Filter\AditionalFilterOptionComponent.tsx.tsx">
        <metrics statements="3" coveredstatements="3" conditionals="2" coveredconditionals="1" methods="1" coveredmethods="1"/>
        <line num="10" count="3" type="stmt"/>
        <line num="14" count="60" type="stmt"/>
        <line num="28" count="3" type="stmt"/>
      </file>
      <file name="FilterItemComponent.tsx" path="E:\IMP PROJECT\foundo\foundo-app 1.1\foundo-app\src\components\molecules\Filter\FilterItemComponent.tsx">
        <metrics statements="26" coveredstatements="20" conditionals="20" coveredconditionals="8" methods="13" coveredmethods="6"/>
        <line num="24" count="3" type="stmt"/>
        <line num="25" count="3" type="stmt"/>
        <line num="31" count="3" type="stmt"/>
        <line num="36" count="14" type="stmt"/>
        <line num="37" count="14" type="stmt"/>
        <line num="38" count="14" type="stmt"/>
        <line num="39" count="2" type="stmt"/>
        <line num="40" count="2" type="stmt"/>
        <line num="41" count="96" type="stmt"/>
        <line num="43" count="2" type="stmt"/>
        <line num="46" count="14" type="stmt"/>
        <line num="47" count="4" type="stmt"/>
        <line num="49" count="14" type="stmt"/>
        <line num="50" count="0" type="stmt"/>
        <line num="51" count="0" type="stmt"/>
        <line num="53" count="14" type="stmt"/>
        <line num="54" count="0" type="stmt"/>
        <line num="56" count="14" type="stmt"/>
        <line num="57" count="0" type="stmt"/>
        <line num="71" count="14" type="stmt"/>
        <line num="102" count="0" type="stmt"/>
        <line num="145" count="1" type="cond" truecount="1" falsecount="1"/>
        <line num="166" count="40" type="stmt"/>
        <line num="173" count="52" type="stmt"/>
        <line num="183" count="0" type="cond" truecount="1" falsecount="1"/>
        <line num="198" count="3" type="stmt"/>
      </file>
    </package>
    <package name="foundo-app.src.components.molecules.Item">
      <metrics statements="48" coveredstatements="16" conditionals="52" coveredconditionals="7" methods="19" coveredmethods="2"/>
      <file name="ContactOwnerComponent.tsx" path="E:\IMP PROJECT\foundo\foundo-app 1.1\foundo-app\src\components\molecules\Item\ContactOwnerComponent.tsx">
        <metrics statements="29" coveredstatements="3" conditionals="38" coveredconditionals="0" methods="11" coveredmethods="0"/>
        <line num="30" count="4" type="stmt"/>
        <line num="35" count="0" type="stmt"/>
        <line num="36" count="0" type="stmt"/>
        <line num="37" count="0" type="stmt"/>
        <line num="39" count="0" type="stmt"/>
        <line num="40" count="0" type="stmt"/>
        <line num="41" count="0" type="stmt"/>
        <line num="43" count="0" type="stmt"/>
        <line num="44" count="0" type="stmt"/>
        <line num="45" count="0" type="stmt"/>
        <line num="46" count="0" type="stmt"/>
        <line num="53" count="0" type="stmt"/>
        <line num="55" count="0" type="stmt"/>
        <line num="56" count="0" type="stmt"/>
        <line num="63" count="0" type="stmt"/>
        <line num="66" count="0" type="cond" truecount="0" falsecount="2"/>
        <line num="67" count="0" type="stmt"/>
        <line num="73" count="0" type="stmt"/>
        <line num="121" count="0" type="stmt"/>
        <line num="198" count="0" type="stmt"/>
        <line num="228" count="0" type="stmt"/>
        <line num="249" count="0" type="stmt"/>
        <line num="292" count="0" type="stmt"/>
        <line num="324" count="0" type="stmt"/>
        <line num="351" count="0" type="stmt"/>
        <line num="370" count="0" type="stmt"/>
        <line num="372" count="0" type="stmt"/>
        <line num="384" count="4" type="stmt"/>
        <line num="455" count="4" type="stmt"/>
      </file>
      <file name="ItemViewComponent.tsx" path="E:\IMP PROJECT\foundo\foundo-app 1.1\foundo-app\src\components\molecules\Item\ItemViewComponent.tsx">
        <metrics statements="19" coveredstatements="13" conditionals="14" coveredconditionals="7" methods="8" coveredmethods="2"/>
        <line num="34" count="4" type="stmt"/>
        <line num="40" count="14" type="stmt"/>
        <line num="41" count="14" type="stmt"/>
        <line num="43" count="14" type="stmt"/>
        <line num="46" count="14" type="stmt"/>
        <line num="47" count="14" type="stmt"/>
        <line num="48" count="14" type="stmt"/>
        <line num="49" count="14" type="stmt"/>
        <line num="50" count="14" type="stmt"/>
        <line num="51" count="0" type="stmt"/>
        <line num="53" count="14" type="stmt"/>
        <line num="54" count="0" type="stmt"/>
        <line num="56" count="14" type="stmt"/>
        <line num="57" count="0" type="stmt"/>
        <line num="60" count="14" type="stmt"/>
        <line num="91" count="0" type="stmt"/>
        <line num="166" count="0" type="stmt"/>
        <line num="252" count="0" type="stmt"/>
        <line num="306" count="4" type="stmt"/>
      </file>
    </package>
    <package name="foundo-app.src.components.molecules.Item.Card">
      <metrics statements="28" coveredstatements="18" conditionals="19" coveredconditionals="9" methods="8" coveredmethods="5"/>
      <file name="CardsComponent.tsx" path="E:\IMP PROJECT\foundo\foundo-app 1.1\foundo-app\src\components\molecules\Item\Card\CardsComponent.tsx">
        <metrics statements="11" coveredstatements="8" conditionals="6" coveredconditionals="5" methods="4" coveredmethods="3"/>
        <line num="22" count="4" type="stmt"/>
        <line num="31" count="71" type="stmt"/>
        <line num="32" count="0" type="stmt"/>
        <line num="33" count="0" type="stmt"/>
        <line num="34" count="0" type="stmt"/>
        <line num="37" count="71" type="cond" truecount="2" falsecount="0"/>
        <line num="38" count="1" type="stmt"/>
        <line num="46" count="70" type="stmt"/>
        <line num="51" count="110" type="stmt"/>
        <line num="58" count="133" type="stmt"/>
        <line num="72" count="4" type="stmt"/>
      </file>
      <file name="SingleCardComponent.tsx" path="E:\IMP PROJECT\foundo\foundo-app 1.1\foundo-app\src\components\molecules\Item\Card\SingleCardComponent.tsx">
        <metrics statements="8" coveredstatements="8" conditionals="6" coveredconditionals="4" methods="2" coveredmethods="2"/>
        <line num="17" count="4" type="stmt"/>
        <line num="22" count="114" type="stmt"/>
        <line num="23" count="114" type="stmt"/>
        <line num="24" count="114" type="stmt"/>
        <line num="25" count="4" type="stmt"/>
        <line num="29" count="114" type="cond" truecount="2" falsecount="2"/>
        <line num="30" count="114" type="stmt"/>
        <line num="176" count="4" type="stmt"/>
      </file>
      <file name="SingleCardComponentWithMatch.tsx" path="E:\IMP PROJECT\foundo\foundo-app 1.1\foundo-app\src\components\molecules\Item\Card\SingleCardComponentWithMatch.tsx">
        <metrics statements="9" coveredstatements="2" conditionals="7" coveredconditionals="0" methods="2" coveredmethods="0"/>
        <line num="7" count="2" type="stmt"/>
        <line num="8" count="0" type="stmt"/>
        <line num="9" count="0" type="stmt"/>
        <line num="10" count="0" type="cond" truecount="0" falsecount="5"/>
        <line num="11" count="0" type="stmt"/>
        <line num="14" count="0" type="stmt"/>
        <line num="15" count="0" type="stmt"/>
        <line num="20" count="0" type="stmt"/>
        <line num="56" count="2" type="stmt"/>
      </file>
    </package>
    <package name="foundo-app.src.components.molecules.ItemForm">
      <metrics statements="89" coveredstatements="10" conditionals="22" coveredconditionals="0" methods="37" coveredmethods="0"/>
      <file name="NextStepButton.tsx" path="E:\IMP PROJECT\foundo\foundo-app 1.1\foundo-app\src\components\molecules\ItemForm\NextStepButton.tsx">
        <metrics statements="2" coveredstatements="1" conditionals="0" coveredconditionals="0" methods="1" coveredmethods="0"/>
        <line num="11" count="3" type="stmt"/>
        <line num="12" count="0" type="stmt"/>
      </file>
      <file name="PrevStepButton.tsx" path="E:\IMP PROJECT\foundo\foundo-app 1.1\foundo-app\src\components\molecules\ItemForm\PrevStepButton.tsx">
        <metrics statements="2" coveredstatements="1" conditionals="0" coveredconditionals="0" methods="1" coveredmethods="0"/>
        <line num="8" count="3" type="stmt"/>
        <line num="9" count="0" type="stmt"/>
      </file>
      <file name="Step1ItemNameComponent.tsx" path="E:\IMP PROJECT\foundo\foundo-app 1.1\foundo-app\src\components\molecules\ItemForm\Step1ItemNameComponent.tsx">
        <metrics statements="4" coveredstatements="1" conditionals="2" coveredconditionals="0" methods="2" coveredmethods="0"/>
        <line num="11" count="3" type="stmt"/>
        <line num="18" count="0" type="stmt"/>
        <line num="19" count="0" type="cond" truecount="0" falsecount="2"/>
        <line num="22" count="0" type="stmt"/>
      </file>
      <file name="Step2SelectColorComponent.tsx" path="E:\IMP PROJECT\foundo\foundo-app 1.1\foundo-app\src\components\molecules\ItemForm\Step2SelectColorComponent.tsx">
        <metrics statements="12" coveredstatements="1" conditionals="0" coveredconditionals="0" methods="6" coveredmethods="0"/>
        <line num="12" count="3" type="stmt"/>
        <line num="20" count="0" type="stmt"/>
        <line num="21" count="0" type="stmt"/>
        <line num="22" count="0" type="stmt"/>
        <line num="23" count="0" type="stmt"/>
        <line num="25" count="0" type="stmt"/>
        <line num="27" count="0" type="stmt"/>
        <line num="28" count="0" type="stmt"/>
        <line num="31" count="0" type="stmt"/>
        <line num="69" count="0" type="stmt"/>
        <line num="73" count="0" type="stmt"/>
        <line num="77" count="0" type="stmt"/>
      </file>
      <file name="Step3DateTimeComponent.tsx" path="E:\IMP PROJECT\foundo\foundo-app 1.1\foundo-app\src\components\molecules\ItemForm\Step3DateTimeComponent.tsx">
        <metrics statements="14" coveredstatements="1" conditionals="2" coveredconditionals="0" methods="6" coveredmethods="0"/>
        <line num="14" count="3" type="stmt"/>
        <line num="22" count="0" type="stmt"/>
        <line num="26" count="0" type="stmt"/>
        <line num="27" count="0" type="stmt"/>
        <line num="28" count="0" type="stmt"/>
        <line num="31" count="0" type="stmt"/>
        <line num="32" count="0" type="stmt"/>
        <line num="40" count="0" type="stmt"/>
        <line num="41" count="0" type="stmt"/>
        <line num="44" count="0" type="stmt"/>
        <line num="45" count="0" type="stmt"/>
        <line num="48" count="0" type="stmt"/>
        <line num="49" count="0" type="stmt"/>
        <line num="51" count="0" type="stmt"/>
      </file>
      <file name="Step4DescriptionComponent.tsx" path="E:\IMP PROJECT\foundo\foundo-app 1.1\foundo-app\src\components\molecules\ItemForm\Step4DescriptionComponent.tsx">
        <metrics statements="4" coveredstatements="1" conditionals="2" coveredconditionals="0" methods="2" coveredmethods="0"/>
        <line num="10" count="3" type="stmt"/>
        <line num="17" count="0" type="stmt"/>
        <line num="18" count="0" type="cond" truecount="0" falsecount="2"/>
        <line num="21" count="0" type="stmt"/>
      </file>
      <file name="Step5CategoryComponent.tsx" path="E:\IMP PROJECT\foundo\foundo-app 1.1\foundo-app\src\components\molecules\ItemForm\Step5CategoryComponent.tsx">
        <metrics statements="12" coveredstatements="1" conditionals="0" coveredconditionals="0" methods="6" coveredmethods="0"/>
        <line num="12" count="3" type="stmt"/>
        <line num="20" count="0" type="stmt"/>
        <line num="21" count="0" type="stmt"/>
        <line num="22" count="0" type="stmt"/>
        <line num="23" count="0" type="stmt"/>
        <line num="25" count="0" type="stmt"/>
        <line num="27" count="0" type="stmt"/>
        <line num="28" count="0" type="stmt"/>
        <line num="31" count="0" type="stmt"/>
        <line num="71" count="0" type="stmt"/>
        <line num="75" count="0" type="stmt"/>
        <line num="80" count="0" type="stmt"/>
      </file>
      <file name="Step6UploadPicturesComponent.tsx" path="E:\IMP PROJECT\foundo\foundo-app 1.1\foundo-app\src\components\molecules\ItemForm\Step6UploadPicturesComponent.tsx">
        <metrics statements="16" coveredstatements="1" conditionals="8" coveredconditionals="0" methods="5" coveredmethods="0"/>
        <line num="15" count="3" type="stmt"/>
        <line num="23" count="0" type="stmt"/>
        <line num="26" count="0" type="stmt"/>
        <line num="28" count="0" type="cond" truecount="0" falsecount="2"/>
        <line num="29" count="0" type="stmt"/>
        <line num="32" count="0" type="stmt"/>
        <line num="34" count="0" type="cond" truecount="0" falsecount="2"/>
        <line num="35" count="0" type="stmt"/>
        <line num="36" count="0" type="stmt"/>
        <line num="37" count="0" type="stmt"/>
        <line num="38" count="0" type="stmt"/>
        <line num="41" count="0" type="stmt"/>
        <line num="42" count="0" type="stmt"/>
        <line num="44" count="0" type="stmt"/>
        <line num="96" count="0" type="stmt"/>
        <line num="117" count="0" type="stmt"/>
      </file>
      <file name="Step7BrandandCityComponent.tsx" path="E:\IMP PROJECT\foundo\foundo-app 1.1\foundo-app\src\components\molecules\ItemForm\Step7BrandandCityComponent.tsx">
        <metrics statements="4" coveredstatements="1" conditionals="4" coveredconditionals="0" methods="2" coveredmethods="0"/>
        <line num="10" count="3" type="stmt"/>
        <line num="17" count="0" type="stmt"/>
        <line num="18" count="0" type="stmt"/>
        <line num="26" count="0" type="stmt"/>
      </file>
      <file name="Step8SetLocationComponent.tsx" path="E:\IMP PROJECT\foundo\foundo-app 1.1\foundo-app\src\components\molecules\ItemForm\Step8SetLocationComponent.tsx">
        <metrics statements="19" coveredstatements="1" conditionals="4" coveredconditionals="0" methods="6" coveredmethods="0"/>
        <line num="15" count="3" type="stmt"/>
        <line num="27" count="0" type="stmt"/>
        <line num="28" count="0" type="stmt"/>
        <line num="29" count="0" type="stmt"/>
        <line num="30" count="0" type="stmt"/>
        <line num="33" count="0" type="stmt"/>
        <line num="34" count="0" type="stmt"/>
        <line num="36" count="0" type="stmt"/>
        <line num="37" count="0" type="stmt"/>
        <line num="38" count="0" type="stmt"/>
        <line num="40" count="0" type="stmt"/>
        <line num="47" count="0" type="stmt"/>
        <line num="49" count="0" type="stmt"/>
        <line num="50" count="0" type="stmt"/>
        <line num="59" count="0" type="stmt"/>
        <line num="83" count="0" type="stmt"/>
        <line num="84" count="0" type="stmt"/>
        <line num="85" count="0" type="stmt"/>
        <line num="103" count="0" type="stmt"/>
      </file>
    </package>
    <package name="foundo-app.src.components.molecules.Message">
      <metrics statements="22" coveredstatements="4" conditionals="32" coveredconditionals="0" methods="9" coveredmethods="0"/>
      <file name="MessageListComponent.tsx" path="E:\IMP PROJECT\foundo\foundo-app 1.1\foundo-app\src\components\molecules\Message\MessageListComponent.tsx">
        <metrics statements="11" coveredstatements="2" conditionals="6" coveredconditionals="0" methods="4" coveredmethods="0"/>
        <line num="14" count="2" type="stmt"/>
        <line num="21" count="0" type="stmt"/>
        <line num="22" count="0" type="stmt"/>
        <line num="23" count="0" type="stmt"/>
        <line num="24" count="0" type="stmt"/>
        <line num="26" count="0" type="cond" truecount="0" falsecount="2"/>
        <line num="27" count="0" type="stmt"/>
        <line num="35" count="0" type="stmt"/>
        <line num="39" count="0" type="stmt"/>
        <line num="43" count="0" type="stmt"/>
        <line num="60" count="2" type="stmt"/>
      </file>
      <file name="SingleMessageComponent.tsx" path="E:\IMP PROJECT\foundo\foundo-app 1.1\foundo-app\src\components\molecules\Message\SingleMessageComponent.tsx">
        <metrics statements="11" coveredstatements="2" conditionals="26" coveredconditionals="0" methods="5" coveredmethods="0"/>
        <line num="20" count="2" type="stmt"/>
        <line num="21" count="0" type="stmt"/>
        <line num="22" count="0" type="stmt"/>
        <line num="23" count="0" type="stmt"/>
        <line num="24" count="0" type="stmt"/>
        <line num="25" count="0" type="stmt"/>
        <line num="27" count="0" type="stmt"/>
        <line num="66" count="0" type="stmt"/>
        <line num="80" count="0" type="stmt"/>
        <line num="99" count="0" type="stmt"/>
        <line num="136" count="2" type="stmt"/>
      </file>
    </package>
    <package name="foundo-app.src.components.molecules.profile">
      <metrics statements="160" coveredstatements="9" conditionals="80" coveredconditionals="0" methods="37" coveredmethods="0"/>
      <file name="EmailComponent.tsx" path="E:\IMP PROJECT\foundo\foundo-app 1.1\foundo-app\src\components\molecules\profile\EmailComponent.tsx">
        <metrics statements="72" coveredstatements="2" conditionals="45" coveredconditionals="0" methods="14" coveredmethods="0"/>
        <line num="31" count="2" type="stmt"/>
        <line num="32" count="0" type="stmt"/>
        <line num="33" count="0" type="stmt"/>
        <line num="34" count="0" type="stmt"/>
        <line num="35" count="0" type="stmt"/>
        <line num="36" count="0" type="stmt"/>
        <line num="37" count="0" type="stmt"/>
        <line num="38" count="0" type="stmt"/>
        <line num="39" count="0" type="stmt"/>
        <line num="40" count="0" type="stmt"/>
        <line num="41" count="0" type="stmt"/>
        <line num="42" count="0" type="stmt"/>
        <line num="43" count="0" type="stmt"/>
        <line num="44" count="0" type="stmt"/>
        <line num="45" count="0" type="stmt"/>
        <line num="46" count="0" type="stmt"/>
        <line num="47" count="0" type="stmt"/>
        <line num="48" count="0" type="stmt"/>
        <line num="49" count="0" type="stmt"/>
        <line num="50" count="0" type="stmt"/>
        <line num="51" count="0" type="stmt"/>
        <line num="52" count="0" type="stmt"/>
        <line num="54" count="0" type="stmt"/>
        <line num="57" count="0" type="stmt"/>
        <line num="58" count="0" type="stmt"/>
        <line num="59" count="0" type="stmt"/>
        <line num="62" count="0" type="stmt"/>
        <line num="63" count="0" type="stmt"/>
        <line num="64" count="0" type="stmt"/>
        <line num="65" count="0" type="cond" truecount="0" falsecount="2"/>
        <line num="66" count="0" type="cond" truecount="0" falsecount="2"/>
        <line num="67" count="0" type="stmt"/>
        <line num="68" count="0" type="cond" truecount="0" falsecount="2"/>
        <line num="69" count="0" type="stmt"/>
        <line num="70" count="0" type="cond" truecount="0" falsecount="2"/>
        <line num="71" count="0" type="stmt"/>
        <line num="74" count="0" type="cond" truecount="0" falsecount="2"/>
        <line num="75" count="0" type="stmt"/>
        <line num="76" count="0" type="cond" truecount="0" falsecount="2"/>
        <line num="77" count="0" type="stmt"/>
        <line num="78" count="0" type="cond" truecount="0" falsecount="2"/>
        <line num="79" count="0" type="stmt"/>
        <line num="83" count="0" type="stmt"/>
        <line num="85" count="0" type="stmt"/>
        <line num="86" count="0" type="stmt"/>
        <line num="87" count="0" type="stmt"/>
        <line num="91" count="0" type="stmt"/>
        <line num="92" count="0" type="stmt"/>
        <line num="94" count="0" type="stmt"/>
        <line num="103" count="0" type="stmt"/>
        <line num="104" count="0" type="stmt"/>
        <line num="107" count="0" type="stmt"/>
        <line num="108" count="0" type="stmt"/>
        <line num="110" count="0" type="stmt"/>
        <line num="111" count="0" type="stmt"/>
        <line num="112" count="0" type="cond" truecount="0" falsecount="2"/>
        <line num="113" count="0" type="stmt"/>
        <line num="116" count="0" type="cond" truecount="0" falsecount="2"/>
        <line num="117" count="0" type="cond" truecount="0" falsecount="2"/>
        <line num="118" count="0" type="stmt"/>
        <line num="119" count="0" type="stmt"/>
        <line num="121" count="0" type="stmt"/>
        <line num="122" count="0" type="stmt"/>
        <line num="127" count="0" type="stmt"/>
        <line num="128" count="0" type="stmt"/>
        <line num="131" count="0" type="stmt"/>
        <line num="291" count="0" type="stmt"/>
        <line num="296" count="0" type="stmt"/>
        <line num="301" count="0" type="stmt"/>
        <line num="307" count="0" type="stmt"/>
        <line num="347" count="0" type="stmt"/>
        <line num="402" count="2" type="stmt"/>
      </file>
      <file name="NotLoggedInProfileComponent.tsx" path="E:\IMP PROJECT\foundo\foundo-app 1.1\foundo-app\src\components\molecules\profile\NotLoggedInProfileComponent.tsx">
        <metrics statements="2" coveredstatements="1" conditionals="1" coveredconditionals="0" methods="1" coveredmethods="0"/>
        <line num="16" count="4" type="stmt"/>
        <line num="20" count="0" type="stmt"/>
      </file>
      <file name="PhoneNumberComponent.tsx" path="E:\IMP PROJECT\foundo\foundo-app 1.1\foundo-app\src\components\molecules\profile\PhoneNumberComponent.tsx">
        <metrics statements="23" coveredstatements="2" conditionals="12" coveredconditionals="0" methods="5" coveredmethods="0"/>
        <line num="14" count="2" type="stmt"/>
        <line num="19" count="0" type="stmt"/>
        <line num="22" count="0" type="stmt"/>
        <line num="23" count="0" type="stmt"/>
        <line num="24" count="0" type="stmt"/>
        <line num="25" count="0" type="stmt"/>
        <line num="26" count="0" type="stmt"/>
        <line num="27" count="0" type="stmt"/>
        <line num="28" count="0" type="stmt"/>
        <line num="29" count="0" type="stmt"/>
        <line num="30" count="0" type="stmt"/>
        <line num="31" count="0" type="cond" truecount="0" falsecount="2"/>
        <line num="33" count="0" type="stmt"/>
        <line num="34" count="0" type="cond" truecount="0" falsecount="2"/>
        <line num="35" count="0" type="stmt"/>
        <line num="36" count="0" type="stmt"/>
        <line num="40" count="0" type="stmt"/>
        <line num="42" count="0" type="stmt"/>
        <line num="44" count="0" type="stmt"/>
        <line num="47" count="0" type="stmt"/>
        <line num="48" count="0" type="stmt"/>
        <line num="57" count="0" type="stmt"/>
        <line num="116" count="2" type="stmt"/>
      </file>
      <file name="UserAddressComponent.tsx" path="E:\IMP PROJECT\foundo\foundo-app 1.1\foundo-app\src\components\molecules\profile\UserAddressComponent.tsx">
        <metrics statements="49" coveredstatements="2" conditionals="16" coveredconditionals="0" methods="9" coveredmethods="0"/>
        <line num="17" count="2" type="stmt"/>
        <line num="22" count="0" type="stmt"/>
        <line num="23" count="0" type="stmt"/>
        <line num="24" count="0" type="stmt"/>
        <line num="25" count="0" type="stmt"/>
        <line num="26" count="0" type="stmt"/>
        <line num="28" count="0" type="stmt"/>
        <line num="29" count="0" type="stmt"/>
        <line num="30" count="0" type="stmt"/>
        <line num="34" count="0" type="stmt"/>
        <line num="36" count="0" type="stmt"/>
        <line num="38" count="0" type="stmt"/>
        <line num="39" count="0" type="stmt"/>
        <line num="42" count="0" type="stmt"/>
        <line num="43" count="0" type="stmt"/>
        <line num="44" count="0" type="stmt"/>
        <line num="46" count="0" type="cond" truecount="0" falsecount="2"/>
        <line num="47" count="0" type="stmt"/>
        <line num="50" count="0" type="stmt"/>
        <line num="51" count="0" type="stmt"/>
        <line num="54" count="0" type="stmt"/>
        <line num="55" count="0" type="stmt"/>
        <line num="56" count="0" type="cond" truecount="0" falsecount="4"/>
        <line num="58" count="0" type="stmt"/>
        <line num="59" count="0" type="stmt"/>
        <line num="62" count="0" type="stmt"/>
        <line num="63" count="0" type="stmt"/>
        <line num="65" count="0" type="stmt"/>
        <line num="66" count="0" type="stmt"/>
        <line num="67" count="0" type="stmt"/>
        <line num="69" count="0" type="stmt"/>
        <line num="71" count="0" type="stmt"/>
        <line num="74" count="0" type="stmt"/>
        <line num="75" count="0" type="stmt"/>
        <line num="76" count="0" type="stmt"/>
        <line num="77" count="0" type="cond" truecount="0" falsecount="2"/>
        <line num="78" count="0" type="stmt"/>
        <line num="79" count="0" type="stmt"/>
        <line num="82" count="0" type="stmt"/>
        <line num="84" count="0" type="cond" truecount="0" falsecount="2"/>
        <line num="85" count="0" type="stmt"/>
        <line num="86" count="0" type="stmt"/>
        <line num="90" count="0" type="stmt"/>
        <line num="92" count="0" type="stmt"/>
        <line num="93" count="0" type="stmt"/>
        <line num="96" count="0" type="stmt"/>
        <line num="99" count="0" type="stmt"/>
        <line num="114" count="0" type="stmt"/>
        <line num="155" count="2" type="stmt"/>
      </file>
      <file name="UserUpdatePrivacyComponent.tsx" path="E:\IMP PROJECT\foundo\foundo-app 1.1\foundo-app\src\components\molecules\profile\UserUpdatePrivacyComponent.tsx">
        <metrics statements="14" coveredstatements="2" conditionals="6" coveredconditionals="0" methods="8" coveredmethods="0"/>
        <line num="19" count="2" type="stmt"/>
        <line num="25" count="0" type="stmt"/>
        <line num="27" count="0" type="stmt"/>
        <line num="28" count="0" type="stmt"/>
        <line num="29" count="0" type="stmt"/>
        <line num="34" count="0" type="stmt"/>
        <line num="37" count="0" type="stmt"/>
        <line num="53" count="0" type="stmt"/>
        <line num="55" count="0" type="stmt"/>
        <line num="70" count="0" type="stmt"/>
        <line num="72" count="0" type="stmt"/>
        <line num="85" count="0" type="stmt"/>
        <line num="87" count="0" type="stmt"/>
        <line num="99" count="2" type="stmt"/>
      </file>
    </package>
    <package name="foundo-app.src.configs">
      <metrics statements="15" coveredstatements="8" conditionals="2" coveredconditionals="1" methods="10" coveredmethods="3"/>
      <file name="key.config.js" path="E:\IMP PROJECT\foundo\foundo-app 1.1\foundo-app\src\configs\key.config.js">
        <metrics statements="2" coveredstatements="2" conditionals="0" coveredconditionals="0" methods="0" coveredmethods="0"/>
        <line num="2" count="7" type="stmt"/>
        <line num="3" count="7" type="stmt"/>
      </file>
      <file name="routesConfig.js" path="E:\IMP PROJECT\foundo\foundo-app 1.1\foundo-app\src\configs\routesConfig.js">
        <metrics statements="1" coveredstatements="1" conditionals="0" coveredconditionals="0" methods="0" coveredmethods="0"/>
        <line num="1" count="2" type="stmt"/>
      </file>
      <file name="toastConfig.js" path="E:\IMP PROJECT\foundo\foundo-app 1.1\foundo-app\src\configs\toastConfig.js">
        <metrics statements="12" coveredstatements="5" conditionals="2" coveredconditionals="1" methods="10" coveredmethods="3"/>
        <line num="5" count="2" type="stmt"/>
        <line num="7" count="0" type="stmt"/>
        <line num="10" count="0" type="stmt"/>
        <line num="19" count="0" type="stmt"/>
        <line num="22" count="0" type="stmt"/>
        <line num="31" count="0" type="stmt"/>
        <line num="34" count="0" type="stmt"/>
        <line num="43" count="7" type="stmt"/>
        <line num="46" count="7" type="stmt"/>
        <line num="56" count="2" type="stmt"/>
        <line num="57" count="7" type="stmt"/>
        <line num="93" count="0" type="stmt"/>
      </file>
    </package>
    <package name="foundo-app.src.constants">
      <metrics statements="10" coveredstatements="10" conditionals="0" coveredconditionals="0" methods="1" coveredmethods="1"/>
      <file name="icons.js" path="E:\IMP PROJECT\foundo\foundo-app 1.1\foundo-app\src\constants\icons.js">
        <metrics statements="0" coveredstatements="0" conditionals="0" coveredconditionals="0" methods="0" coveredmethods="0"/>
      </file>
      <file name="item.ts" path="E:\IMP PROJECT\foundo\foundo-app 1.1\foundo-app\src\constants\item.ts">
        <metrics statements="4" coveredstatements="4" conditionals="0" coveredconditionals="0" methods="1" coveredmethods="1"/>
        <line num="1" count="5" type="stmt"/>
        <line num="19" count="5" type="stmt"/>
        <line num="70" count="5" type="stmt"/>
        <line num="71" count="240" type="stmt"/>
      </file>
      <file name="theme.js" path="E:\IMP PROJECT\foundo\foundo-app 1.1\foundo-app\src\constants\theme.js">
        <metrics statements="6" coveredstatements="6" conditionals="0" coveredconditionals="0" methods="0" coveredmethods="0"/>
        <line num="2" count="7" type="stmt"/>
        <line num="4" count="7" type="stmt"/>
        <line num="47" count="7" type="stmt"/>
        <line num="68" count="7" type="stmt"/>
        <line num="72" count="7" type="stmt"/>
        <line num="115" count="7" type="stmt"/>
      </file>
    </package>
    <package name="foundo-app.src.interfaces">
      <metrics statements="1" coveredstatements="1" conditionals="0" coveredconditionals="0" methods="0" coveredmethods="0"/>
      <file name="initials.ts" path="E:\IMP PROJECT\foundo\foundo-app 1.1\foundo-app\src\interfaces\initials.ts">
        <metrics statements="1" coveredstatements="1" conditionals="0" coveredconditionals="0" methods="0" coveredmethods="0"/>
        <line num="3" count="3" type="stmt"/>
      </file>
    </package>
    <package name="foundo-app.src.redux">
      <metrics statements="2" coveredstatements="2" conditionals="0" coveredconditionals="0" methods="1" coveredmethods="1"/>
      <file name="store.ts" path="E:\IMP PROJECT\foundo\foundo-app 1.1\foundo-app\src\redux\store.ts">
        <metrics statements="2" coveredstatements="2" conditionals="0" coveredconditionals="0" methods="1" coveredmethods="1"/>
        <line num="7" count="7" type="stmt"/>
        <line num="15" count="7" type="stmt"/>
      </file>
    </package>
    <package name="foundo-app.src.redux.services">
      <metrics statements="85" coveredstatements="42" conditionals="12" coveredconditionals="3" methods="44" coveredmethods="18"/>
      <file name="api-service.ts" path="E:\IMP PROJECT\foundo\foundo-app 1.1\foundo-app\src\redux\services\api-service.ts">
        <metrics statements="18" coveredstatements="11" conditionals="6" coveredconditionals="2" methods="3" coveredmethods="3"/>
        <line num="5" count="7" type="stmt"/>
        <line num="9" count="15" type="stmt"/>
        <line num="11" count="15" type="cond" truecount="1" falsecount="1"/>
        <line num="12" count="0" type="stmt"/>
        <line num="14" count="15" type="stmt"/>
        <line num="15" count="15" type="stmt"/>
        <line num="19" count="7" type="stmt"/>
        <line num="20" count="15" type="stmt"/>
        <line num="21" count="15" type="cond" truecount="1" falsecount="1"/>
        <line num="23" count="0" type="stmt"/>
        <line num="25" count="0" type="cond" truecount="0" falsecount="2"/>
        <line num="26" count="0" type="stmt"/>
        <line num="28" count="0" type="stmt"/>
        <line num="30" count="0" type="stmt"/>
        <line num="32" count="0" type="stmt"/>
        <line num="36" count="15" type="stmt"/>
        <line num="39" count="7" type="stmt"/>
        <line num="41" count="7" type="stmt"/>
      </file>
      <file name="auth-service.ts" path="E:\IMP PROJECT\foundo\foundo-app 1.1\foundo-app\src\redux\services\auth-service.ts">
        <metrics statements="23" coveredstatements="8" conditionals="6" coveredconditionals="1" methods="11" coveredmethods="3"/>
        <line num="14" count="3" type="stmt"/>
        <line num="15" count="3" type="stmt"/>
        <line num="18" count="0" type="stmt"/>
        <line num="28" count="0" type="stmt"/>
        <line num="36" count="0" type="stmt"/>
        <line num="40" count="0" type="stmt"/>
        <line num="43" count="0" type="cond" truecount="0" falsecount="2"/>
        <line num="44" count="0" type="stmt"/>
        <line num="49" count="0" type="stmt"/>
        <line num="58" count="0" type="stmt"/>
        <line num="69" count="3" type="stmt"/>
        <line num="70" count="7" type="stmt"/>
        <line num="71" count="7" type="stmt"/>
        <line num="74" count="7" type="cond" truecount="1" falsecount="1"/>
        <line num="75" count="0" type="stmt"/>
        <line num="76" count="0" type="stmt"/>
        <line num="77" count="0" type="stmt"/>
        <line num="78" count="0" type="cond" truecount="0" falsecount="2"/>
        <line num="79" count="0" type="stmt"/>
        <line num="81" count="0" type="stmt"/>
        <line num="87" count="3" type="stmt"/>
        <line num="88" count="0" type="stmt"/>
        <line num="97" count="3" type="stmt"/>
      </file>
      <file name="message-service.ts" path="E:\IMP PROJECT\foundo\foundo-app 1.1\foundo-app\src\redux\services\message-service.ts">
        <metrics statements="6" coveredstatements="3" conditionals="0" coveredconditionals="0" methods="4" coveredmethods="1"/>
        <line num="3" count="4" type="stmt"/>
        <line num="4" count="4" type="stmt"/>
        <line num="6" count="0" type="stmt"/>
        <line num="21" count="0" type="stmt"/>
        <line num="30" count="0" type="stmt"/>
        <line num="44" count="4" type="stmt"/>
      </file>
      <file name="otp-service.ts" path="E:\IMP PROJECT\foundo\foundo-app 1.1\foundo-app\src\redux\services\otp-service.ts">
        <metrics statements="6" coveredstatements="3" conditionals="0" coveredconditionals="0" methods="4" coveredmethods="1"/>
        <line num="3" count="2" type="stmt"/>
        <line num="4" count="2" type="stmt"/>
        <line num="7" count="0" type="stmt"/>
        <line num="12" count="0" type="stmt"/>
        <line num="18" count="0" type="stmt"/>
        <line num="26" count="2" type="stmt"/>
      </file>
      <file name="post-service.ts" path="E:\IMP PROJECT\foundo\foundo-app 1.1\foundo-app\src\redux\services\post-service.ts">
        <metrics statements="24" coveredstatements="13" conditionals="0" coveredconditionals="0" methods="16" coveredmethods="8"/>
        <line num="4" count="5" type="stmt"/>
        <line num="5" count="5" type="stmt"/>
        <line num="8" count="1" type="stmt"/>
        <line num="11" count="1" type="stmt"/>
        <line num="17" count="8" type="stmt"/>
        <line num="18" count="8" type="stmt"/>
        <line num="19" count="8" type="stmt"/>
        <line num="20" count="8" type="stmt"/>
        <line num="23" count="8" type="stmt"/>
        <line num="26" count="8" type="stmt"/>
        <line num="32" count="0" type="stmt"/>
        <line num="33" count="0" type="stmt"/>
        <line num="34" count="0" type="stmt"/>
        <line num="35" count="0" type="stmt"/>
        <line num="37" count="0" type="stmt"/>
        <line num="40" count="0" type="stmt"/>
        <line num="46" count="2" type="stmt"/>
        <line num="49" count="2" type="stmt"/>
        <line num="54" count="0" type="stmt"/>
        <line num="64" count="0" type="stmt"/>
        <line num="67" count="0" type="stmt"/>
        <line num="73" count="0" type="stmt"/>
        <line num="80" count="0" type="stmt"/>
        <line num="98" count="5" type="stmt"/>
      </file>
      <file name="profile-service.ts" path="E:\IMP PROJECT\foundo\foundo-app 1.1\foundo-app\src\redux\services\profile-service.ts">
        <metrics statements="8" coveredstatements="4" conditionals="0" coveredconditionals="0" methods="6" coveredmethods="2"/>
        <line num="3" count="4" type="stmt"/>
        <line num="4" count="4" type="stmt"/>
        <line num="7" count="0" type="stmt"/>
        <line num="10" count="0" type="stmt"/>
        <line num="16" count="4" type="stmt"/>
        <line num="19" count="0" type="stmt"/>
        <line num="25" count="0" type="stmt"/>
        <line num="41" count="4" type="stmt"/>
      </file>
    </package>
    <package name="foundo-app.src.redux.slices">
      <metrics statements="59" coveredstatements="40" conditionals="6" coveredconditionals="1" methods="27" coveredmethods="13"/>
      <file name="authSlice.ts" path="E:\IMP PROJECT\foundo\foundo-app 1.1\foundo-app\src\redux\slices\authSlice.ts">
        <metrics statements="21" coveredstatements="11" conditionals="6" coveredconditionals="1" methods="9" coveredmethods="3"/>
        <line num="5" count="7" type="stmt"/>
        <line num="11" count="7" type="stmt"/>
        <line num="16" count="0" type="stmt"/>
        <line num="17" count="0" type="stmt"/>
        <line num="18" count="0" type="cond" truecount="0" falsecount="2"/>
        <line num="20" count="0" type="cond" truecount="0" falsecount="2"/>
        <line num="21" count="0" type="stmt"/>
        <line num="24" count="0" type="stmt"/>
        <line num="25" count="0" type="stmt"/>
        <line num="28" count="0" type="stmt"/>
        <line num="31" count="0" type="stmt"/>
        <line num="32" count="0" type="stmt"/>
        <line num="38" count="7" type="stmt"/>
        <line num="42" count="50" type="stmt"/>
        <line num="43" count="7" type="stmt"/>
        <line num="44" count="7" type="stmt"/>
        <line num="45" count="7" type="stmt"/>
        <line num="46" count="2" type="stmt"/>
        <line num="47" count="7" type="stmt"/>
        <line num="48" count="255" type="stmt"/>
        <line num="49" count="255" type="cond" truecount="1" falsecount="1"/>
      </file>
      <file name="postSlice.ts" path="E:\IMP PROJECT\foundo\foundo-app 1.1\foundo-app\src\redux\slices\postSlice.ts">
        <metrics statements="29" coveredstatements="21" conditionals="0" coveredconditionals="0" methods="14" coveredmethods="7"/>
        <line num="15" count="7" type="stmt"/>
        <line num="25" count="7" type="stmt"/>
        <line num="30" count="11" type="stmt"/>
        <line num="31" count="11" type="stmt"/>
        <line num="32" count="11" type="stmt"/>
        <line num="33" count="37" type="stmt"/>
        <line num="34" count="11" type="stmt"/>
        <line num="37" count="8" type="stmt"/>
        <line num="38" count="8" type="stmt"/>
        <line num="39" count="8" type="stmt"/>
        <line num="42" count="2" type="stmt"/>
        <line num="43" count="2" type="stmt"/>
        <line num="46" count="0" type="stmt"/>
        <line num="47" count="0" type="stmt"/>
        <line num="50" count="0" type="stmt"/>
        <line num="51" count="0" type="stmt"/>
        <line num="52" count="0" type="stmt"/>
        <line num="55" count="0" type="stmt"/>
        <line num="56" count="0" type="stmt"/>
        <line num="68" count="7" type="stmt"/>
        <line num="71" count="226" type="stmt"/>
        <line num="72" count="159" type="stmt"/>
        <line num="73" count="143" type="stmt"/>
        <line num="74" count="214" type="stmt"/>
        <line num="78" count="7" type="stmt"/>
        <line num="79" count="7" type="stmt"/>
        <line num="80" count="7" type="stmt"/>
        <line num="81" count="7" type="stmt"/>
        <line num="82" count="0" type="stmt"/>
      </file>
      <file name="sreenSilce.ts" path="E:\IMP PROJECT\foundo\foundo-app 1.1\foundo-app\src\redux\slices\sreenSilce.ts">
        <metrics statements="9" coveredstatements="8" conditionals="0" coveredconditionals="0" methods="4" coveredmethods="3"/>
        <line num="7" count="7" type="stmt"/>
        <line num="11" count="7" type="stmt"/>
        <line num="16" count="2" type="stmt"/>
        <line num="19" count="0" type="stmt"/>
        <line num="28" count="7" type="stmt"/>
        <line num="31" count="7" type="stmt"/>
        <line num="32" count="238" type="stmt"/>
        <line num="33" count="7" type="stmt"/>
        <line num="34" count="43" type="stmt"/>
      </file>
    </package>
    <package name="foundo-app.src.screens">
      <metrics statements="72" coveredstatements="26" conditionals="59" coveredconditionals="23" methods="28" coveredmethods="8"/>
      <file name="AddItemScreen.tsx" path="E:\IMP PROJECT\foundo\foundo-app 1.1\foundo-app\src\screens\AddItemScreen.tsx">
        <metrics statements="4" coveredstatements="3" conditionals="0" coveredconditionals="0" methods="1" coveredmethods="0"/>
        <line num="8" count="2" type="stmt"/>
        <line num="11" count="2" type="stmt"/>
        <line num="12" count="0" type="stmt"/>
        <line num="30" count="2" type="stmt"/>
      </file>
      <file name="FeedScreen.tsx" path="E:\IMP PROJECT\foundo\foundo-app 1.1\foundo-app\src\screens\FeedScreen.tsx">
        <metrics statements="5" coveredstatements="5" conditionals="0" coveredconditionals="0" methods="2" coveredmethods="2"/>
        <line num="8" count="2" type="stmt"/>
        <line num="11" count="2" type="stmt"/>
        <line num="12" count="8" type="stmt"/>
        <line num="22" count="7" type="stmt"/>
        <line num="40" count="2" type="stmt"/>
      </file>
      <file name="HomeScreen.tsx" path="E:\IMP PROJECT\foundo\foundo-app 1.1\foundo-app\src\screens\HomeScreen.tsx">
        <metrics statements="15" coveredstatements="12" conditionals="24" coveredconditionals="23" methods="9" coveredmethods="6"/>
        <line num="16" count="2" type="stmt"/>
        <line num="17" count="2" type="stmt"/>
        <line num="28" count="2" type="stmt"/>
        <line num="29" count="8" type="stmt"/>
        <line num="30" count="7" type="stmt"/>
        <line num="33" count="7" type="stmt"/>
        <line num="50" count="14" type="stmt"/>
        <line num="66" count="14" type="stmt"/>
        <line num="82" count="0" type="stmt"/>
        <line num="95" count="14" type="stmt"/>
        <line num="112" count="0" type="stmt"/>
        <line num="125" count="14" type="stmt"/>
        <line num="142" count="0" type="stmt"/>
        <line num="155" count="14" type="stmt"/>
        <line num="171" count="2" type="stmt"/>
      </file>
      <file name="MessageScreen.tsx" path="E:\IMP PROJECT\foundo\foundo-app 1.1\foundo-app\src\screens\MessageScreen.tsx">
        <metrics statements="4" coveredstatements="3" conditionals="0" coveredconditionals="0" methods="1" coveredmethods="0"/>
        <line num="7" count="2" type="stmt"/>
        <line num="10" count="2" type="stmt"/>
        <line num="11" count="0" type="stmt"/>
        <line num="30" count="2" type="stmt"/>
      </file>
      <file name="ProfileScreen.tsx" path="E:\IMP PROJECT\foundo\foundo-app 1.1\foundo-app\src\screens\ProfileScreen.tsx">
        <metrics statements="44" coveredstatements="3" conditionals="35" coveredconditionals="0" methods="15" coveredmethods="0"/>
        <line num="39" count="2" type="stmt"/>
        <line num="45" count="2" type="stmt"/>
        <line num="46" count="0" type="stmt"/>
        <line num="47" count="0" type="stmt"/>
        <line num="50" count="0" type="stmt"/>
        <line num="51" count="0" type="stmt"/>
        <line num="52" count="0" type="stmt"/>
        <line num="53" count="0" type="stmt"/>
        <line num="56" count="0" type="cond" truecount="0" falsecount="5"/>
        <line num="58" count="0" type="stmt"/>
        <line num="59" count="0" type="stmt"/>
        <line num="61" count="0" type="stmt"/>
        <line num="62" count="0" type="stmt"/>
        <line num="64" count="0" type="stmt"/>
        <line num="65" count="0" type="stmt"/>
        <line num="67" count="0" type="stmt"/>
        <line num="68" count="0" type="stmt"/>
        <line num="72" count="0" type="stmt"/>
        <line num="75" count="0" type="stmt"/>
        <line num="77" count="0" type="cond" truecount="0" falsecount="2"/>
        <line num="78" count="0" type="stmt"/>
        <line num="81" count="0" type="stmt"/>
        <line num="83" count="0" type="cond" truecount="0" falsecount="2"/>
        <line num="84" count="0" type="stmt"/>
        <line num="85" count="0" type="stmt"/>
        <line num="86" count="0" type="stmt"/>
        <line num="90" count="0" type="stmt"/>
        <line num="92" count="0" type="stmt"/>
        <line num="96" count="0" type="cond" truecount="0" falsecount="2"/>
        <line num="97" count="0" type="stmt"/>
        <line num="99" count="0" type="stmt"/>
        <line num="179" count="0" type="stmt"/>
        <line num="190" count="0" type="stmt"/>
        <line num="201" count="0" type="stmt"/>
        <line num="223" count="0" type="stmt"/>
        <line num="235" count="0" type="stmt"/>
        <line num="237" count="0" type="stmt"/>
        <line num="249" count="0" type="stmt"/>
        <line num="251" count="0" type="stmt"/>
        <line num="264" count="0" type="stmt"/>
        <line num="266" count="0" type="stmt"/>
        <line num="278" count="0" type="stmt"/>
        <line num="280" count="0" type="stmt"/>
        <line num="292" count="2" type="stmt"/>
      </file>
    </package>
    <package name="foundo-app.src.screens.authScreens">
      <metrics statements="96" coveredstatements="26" conditionals="26" coveredconditionals="2" methods="30" coveredmethods="3"/>
      <file name="AuthScreen.tsx" path="E:\IMP PROJECT\foundo\foundo-app 1.1\foundo-app\src\screens\authScreens\AuthScreen.tsx">
        <metrics statements="5" coveredstatements="5" conditionals="0" coveredconditionals="0" methods="1" coveredmethods="1"/>
        <line num="11" count="2" type="stmt"/>
        <line num="15" count="2" type="stmt"/>
        <line num="16" count="1" type="stmt"/>
        <line num="18" count="1" type="stmt"/>
        <line num="69" count="2" type="stmt"/>
      </file>
      <file name="ForgotPasswordScreen.tsx" path="E:\IMP PROJECT\foundo\foundo-app 1.1\foundo-app\src\screens\authScreens\ForgotPasswordScreen.tsx">
        <metrics statements="20" coveredstatements="4" conditionals="6" coveredconditionals="0" methods="6" coveredmethods="0"/>
        <line num="34" count="2" type="stmt"/>
        <line num="35" count="0" type="stmt"/>
        <line num="36" count="0" type="stmt"/>
        <line num="37" count="0" type="stmt"/>
        <line num="39" count="0" type="stmt"/>
        <line num="40" count="0" type="stmt"/>
        <line num="41" count="0" type="stmt"/>
        <line num="42" count="0" type="stmt"/>
        <line num="49" count="0" type="stmt"/>
        <line num="51" count="0" type="stmt"/>
        <line num="52" count="0" type="stmt"/>
        <line num="61" count="0" type="stmt"/>
        <line num="62" count="0" type="stmt"/>
        <line num="64" count="0" type="stmt"/>
        <line num="104" count="0" type="stmt"/>
        <line num="132" count="0" type="stmt"/>
        <line num="188" count="2" type="stmt"/>
        <line num="304" count="2" type="stmt"/>
        <line num="311" count="0" type="stmt"/>
        <line num="314" count="2" type="stmt"/>
      </file>
      <file name="ResetPasswordScreen.tsx" path="E:\IMP PROJECT\foundo\foundo-app 1.1\foundo-app\src\screens\authScreens\ResetPasswordScreen.tsx">
        <metrics statements="30" coveredstatements="4" conditionals="12" coveredconditionals="0" methods="8" coveredmethods="0"/>
        <line num="37" count="2" type="stmt"/>
        <line num="38" count="2" type="stmt"/>
        <line num="39" count="0" type="stmt"/>
        <line num="40" count="0" type="stmt"/>
        <line num="41" count="0" type="stmt"/>
        <line num="42" count="0" type="stmt"/>
        <line num="43" count="0" type="stmt"/>
        <line num="44" count="0" type="stmt"/>
        <line num="49" count="0" type="stmt"/>
        <line num="54" count="0" type="stmt"/>
        <line num="55" count="0" type="stmt"/>
        <line num="56" count="0" type="stmt"/>
        <line num="61" count="0" type="stmt"/>
        <line num="68" count="0" type="stmt"/>
        <line num="70" count="0" type="stmt"/>
        <line num="71" count="0" type="stmt"/>
        <line num="80" count="0" type="stmt"/>
        <line num="81" count="0" type="cond" truecount="0" falsecount="2"/>
        <line num="82" count="0" type="stmt"/>
        <line num="83" count="0" type="stmt"/>
        <line num="87" count="0" type="cond" truecount="0" falsecount="2"/>
        <line num="88" count="0" type="cond" truecount="0" falsecount="4"/>
        <line num="89" count="0" type="stmt"/>
        <line num="118" count="0" type="stmt"/>
        <line num="154" count="0" type="stmt"/>
        <line num="171" count="0" type="stmt"/>
        <line num="186" count="0" type="stmt"/>
        <line num="200" count="2" type="stmt"/>
        <line num="316" count="2" type="stmt"/>
        <line num="319" count="0" type="stmt"/>
      </file>
      <file name="SigninScreen.tsx" path="E:\IMP PROJECT\foundo\foundo-app 1.1\foundo-app\src\screens\authScreens\SigninScreen.tsx">
        <metrics statements="23" coveredstatements="10" conditionals="4" coveredconditionals="2" methods="8" coveredmethods="2"/>
        <line num="30" count="3" type="stmt"/>
        <line num="31" count="3" type="stmt"/>
        <line num="32" count="3" type="stmt"/>
        <line num="33" count="3" type="stmt"/>
        <line num="35" count="3" type="stmt"/>
        <line num="37" count="3" type="stmt"/>
        <line num="38" count="0" type="stmt"/>
        <line num="39" count="0" type="stmt"/>
        <line num="40" count="0" type="stmt"/>
        <line num="48" count="0" type="stmt"/>
        <line num="49" count="0" type="stmt"/>
        <line num="50" count="0" type="stmt"/>
        <line num="52" count="0" type="stmt"/>
        <line num="53" count="0" type="stmt"/>
        <line num="63" count="3" type="stmt"/>
        <line num="97" count="3" type="stmt"/>
        <line num="135" count="0" type="stmt"/>
        <line num="150" count="0" type="stmt"/>
        <line num="155" count="0" type="stmt"/>
        <line num="178" count="0" type="stmt"/>
        <line num="196" count="3" type="stmt"/>
        <line num="275" count="3" type="stmt"/>
        <line num="282" count="0" type="stmt"/>
      </file>
      <file name="SignupScreen.tsx" path="E:\IMP PROJECT\foundo\foundo-app 1.1\foundo-app\src\screens\authScreens\SignupScreen.tsx">
        <metrics statements="18" coveredstatements="3" conditionals="4" coveredconditionals="0" methods="7" coveredmethods="0"/>
        <line num="26" count="2" type="stmt"/>
        <line num="27" count="0" type="stmt"/>
        <line num="28" count="0" type="stmt"/>
        <line num="30" count="0" type="stmt"/>
        <line num="31" count="0" type="stmt"/>
        <line num="32" count="0" type="stmt"/>
        <line num="33" count="0" type="stmt"/>
        <line num="40" count="0" type="stmt"/>
        <line num="42" count="0" type="stmt"/>
        <line num="43" count="0" type="stmt"/>
        <line num="53" count="0" type="stmt"/>
        <line num="89" count="0" type="stmt"/>
        <line num="163" count="0" type="stmt"/>
        <line num="178" count="0" type="stmt"/>
        <line num="192" count="0" type="stmt"/>
        <line num="210" count="2" type="stmt"/>
        <line num="303" count="2" type="stmt"/>
        <line num="310" count="0" type="stmt"/>
      </file>
    </package>
    <package name="foundo-app.src.screens.contactScreens">
      <metrics statements="74" coveredstatements="4" conditionals="24" coveredconditionals="0" methods="9" coveredmethods="0"/>
      <file name="ChatScreen.tsx" path="E:\IMP PROJECT\foundo\foundo-app 1.1\foundo-app\src\screens\contactScreens\ChatScreen.tsx">
        <metrics statements="38" coveredstatements="2" conditionals="14" coveredconditionals="0" methods="5" coveredmethods="0"/>
        <line num="19" count="2" type="stmt"/>
        <line num="20" count="0" type="stmt"/>
        <line num="21" count="0" type="stmt"/>
        <line num="22" count="0" type="stmt"/>
        <line num="26" count="0" type="stmt"/>
        <line num="27" count="0" type="stmt"/>
        <line num="28" count="0" type="stmt"/>
        <line num="29" count="0" type="stmt"/>
        <line num="30" count="0" type="stmt"/>
        <line num="31" count="0" type="stmt"/>
        <line num="32" count="0" type="cond" truecount="0" falsecount="2"/>
        <line num="33" count="0" type="stmt"/>
        <line num="34" count="0" type="stmt"/>
        <line num="35" count="0" type="stmt"/>
        <line num="41" count="0" type="cond" truecount="0" falsecount="2"/>
        <line num="42" count="0" type="cond" truecount="0" falsecount="2"/>
        <line num="43" count="0" type="stmt"/>
        <line num="44" count="0" type="stmt"/>
        <line num="45" count="0" type="cond" truecount="0" falsecount="2"/>
        <line num="46" count="0" type="stmt"/>
        <line num="48" count="0" type="cond" truecount="0" falsecount="2"/>
        <line num="49" count="0" type="stmt"/>
        <line num="53" count="0" type="stmt"/>
        <line num="54" count="0" type="stmt"/>
[...]
        <line num="38" count="3" type="stmt"/>
        <line num="39" count="0" type="stmt"/>
        <line num="40" count="0" type="stmt"/>
        <line num="41" count="0" type="cond" truecount="0" falsecount="2"/>
        <line num="42" count="0" type="stmt"/>
        <line num="43" count="0" type="stmt"/>
        <line num="44" count="0" type="stmt"/>
        <line num="45" count="0" type="stmt"/>
        <line num="50" count="3" type="stmt"/>
        <line num="51" count="12" type="stmt"/>
        <line num="52" count="12" type="stmt"/>
        <line num="53" count="12" type="stmt"/>
        <line num="54" count="12" type="stmt"/>
        <line num="55" count="12" type="stmt"/>
        <line num="56" count="12" type="stmt"/>
        <line num="58" count="12" type="stmt"/>
        <line num="59" count="12" type="stmt"/>
        <line num="60" count="12" type="stmt"/>
        <line num="62" count="12" type="stmt"/>
        <line num="63" count="12" type="stmt"/>
        <line num="64" count="12" type="stmt"/>
        <line num="65" count="1" type="stmt"/>
        <line num="66" count="1" type="cond" truecount="1" falsecount="1"/>
        <line num="67" count="1" type="stmt"/>
        <line num="68" count="1" type="stmt"/>
        <line num="69" count="1" type="stmt"/>
        <line num="74" count="1" type="stmt"/>
        <line num="75" count="1" type="stmt"/>
        <line num="76" count="1" type="stmt"/>
        <line num="78" count="0" type="stmt"/>
        <line num="79" count="0" type="stmt"/>
        <line num="80" count="0" type="stmt"/>
        <line num="81" count="0" type="cond" truecount="0" falsecount="2"/>
        <line num="82" count="0" type="stmt"/>
        <line num="89" count="0" type="stmt"/>
        <line num="93" count="12" type="stmt"/>
        <line num="94" count="1" type="stmt"/>
        <line num="96" count="12" type="stmt"/>
        <line num="97" count="1" type="stmt"/>
        <line num="102" count="1" type="stmt"/>
        <line num="103" count="1" type="stmt"/>
        <line num="104" count="1" type="stmt"/>
        <line num="106" count="12" type="stmt"/>
        <line num="107" count="2" type="stmt"/>
        <line num="108" count="2" type="cond" truecount="1" falsecount="1"/>
        <line num="109" count="2" type="stmt"/>
        <line num="110" count="2" type="stmt"/>
        <line num="111" count="2" type="stmt"/>
        <line num="114" count="2" type="stmt"/>
        <line num="116" count="2" type="stmt"/>
        <line num="118" count="2" type="cond" truecount="4" falsecount="0"/>
        <line num="119" count="1" type="stmt"/>
        <line num="120" count="1" type="stmt"/>
        <line num="124" count="2" type="stmt"/>
        <line num="125" count="2" type="stmt"/>
        <line num="126" count="2" type="stmt"/>
        <line num="127" count="2" type="stmt"/>
        <line num="130" count="12" type="stmt"/>
        <line num="131" count="12" type="stmt"/>
        <line num="224" count="3" type="stmt"/>
      </file>
      <file name="ItemScreen.tsx" path="E:\IMP PROJECT\foundo\foundo-app 1.1\foundo-app\src\screens\itemScreens\ItemScreen.tsx">
        <metrics statements="67" coveredstatements="50" conditionals="16" coveredconditionals="11" methods="15" coveredmethods="9"/>
        <line num="46" count="3" type="stmt"/>
        <line num="47" count="68" type="stmt"/>
        <line num="48" count="68" type="stmt"/>
        <line num="49" count="68" type="stmt"/>
        <line num="51" count="68" type="stmt"/>
        <line num="52" count="68" type="stmt"/>
        <line num="53" count="68" type="stmt"/>
        <line num="56" count="68" type="stmt"/>
        <line num="57" count="68" type="stmt"/>
        <line num="58" count="68" type="stmt"/>
        <line num="59" count="68" type="stmt"/>
        <line num="60" count="68" type="stmt"/>
        <line num="61" count="68" type="stmt"/>
        <line num="62" count="68" type="stmt"/>
        <line num="63" count="68" type="stmt"/>
        <line num="64" count="68" type="stmt"/>
        <line num="65" count="4" type="stmt"/>
        <line num="67" count="68" type="stmt"/>
        <line num="68" count="68" type="stmt"/>
        <line num="69" count="0" type="stmt"/>
        <line num="70" count="0" type="cond" truecount="0" falsecount="2"/>
        <line num="71" count="0" type="stmt"/>
        <line num="72" count="0" type="stmt"/>
        <line num="73" count="0" type="stmt"/>
        <line num="74" count="0" type="stmt"/>
        <line num="77" count="68" type="stmt"/>
        <line num="78" count="2" type="stmt"/>
        <line num="79" count="2" type="stmt"/>
        <line num="80" count="2" type="stmt"/>
        <line num="82" count="68" type="stmt"/>
        <line num="83" count="0" type="stmt"/>
        <line num="85" count="68" type="stmt"/>
        <line num="86" count="0" type="stmt"/>
        <line num="88" count="68" type="stmt"/>
        <line num="89" count="10" type="stmt"/>
        <line num="90" count="10" type="cond" truecount="3" falsecount="1"/>
        <line num="91" count="10" type="stmt"/>
        <line num="92" count="10" type="stmt"/>
        <line num="94" count="10" type="stmt"/>
        <line num="95" count="10" type="stmt"/>
        <line num="101" count="10" type="stmt"/>
        <line num="102" count="10" type="stmt"/>
        <line num="104" count="0" type="stmt"/>
        <line num="105" count="0" type="stmt"/>
        <line num="106" count="0" type="stmt"/>
        <line num="108" count="0" type="cond" truecount="0" falsecount="2"/>
        <line num="109" count="0" type="stmt"/>
        <line num="116" count="0" type="stmt"/>
        <line num="119" count="68" type="stmt"/>
        <line num="120" count="32" type="stmt"/>
        <line num="121" count="32" type="cond" truecount="2" falsecount="0"/>
        <line num="122" count="30" type="stmt"/>
        <line num="123" count="30" type="cond" truecount="4" falsecount="0"/>
        <line num="124" count="10" type="stmt"/>
        <line num="126" count="30" type="stmt"/>
        <line num="127" count="30" type="stmt"/>
        <line num="132" count="68" type="stmt"/>
        <line num="133" count="1" type="stmt"/>
        <line num="134" count="1" type="stmt"/>
        <line num="135" count="1" type="stmt"/>
        <line num="137" count="68" type="stmt"/>
        <line num="161" count="120" type="stmt"/>
        <line num="167" count="137" type="stmt"/>
        <line num="171" count="0" type="stmt"/>
        <line num="172" count="0" type="stmt"/>
        <line num="173" count="0" type="stmt"/>
        <line num="235" count="3" type="stmt"/>
      </file>
    </package>
    <package name="foundo-app.src.screens.postScreens">
      <metrics statements="54" coveredstatements="33" conditionals="19" coveredconditionals="2" methods="15" coveredmethods="7"/>
      <file name="AddItemDetailsScreen.tsx" path="E:\IMP PROJECT\foundo\foundo-app 1.1\foundo-app\src\screens\postScreens\AddItemDetailsScreen.tsx">
        <metrics statements="43" coveredstatements="23" conditionals="17" coveredconditionals="1" methods="11" coveredmethods="3"/>
        <line num="29" count="3" type="stmt"/>
        <line num="45" count="3" type="stmt"/>
        <line num="46" count="3" type="stmt"/>
        <line num="47" count="1" type="stmt"/>
        <line num="48" count="1" type="stmt"/>
        <line num="49" count="1" type="stmt"/>
        <line num="50" count="1" type="stmt"/>
        <line num="51" count="1" type="stmt"/>
        <line num="52" count="1" type="stmt"/>
        <line num="53" count="0" type="stmt"/>
        <line num="58" count="0" type="stmt"/>
        <line num="60" count="0" type="stmt"/>
        <line num="62" count="1" type="stmt"/>
        <line num="63" count="0" type="stmt"/>
        <line num="65" count="1" type="stmt"/>
        <line num="66" count="0" type="stmt"/>
        <line num="67" count="0" type="stmt"/>
        <line num="69" count="1" type="stmt"/>
        <line num="70" count="1" type="stmt"/>
        <line num="71" count="0" type="stmt"/>
        <line num="78" count="1" type="stmt"/>
        <line num="79" count="0" type="cond" truecount="0" falsecount="9"/>
        <line num="81" count="0" type="stmt"/>
        <line num="83" count="0" type="stmt"/>
        <line num="85" count="0" type="stmt"/>
        <line num="87" count="0" type="stmt"/>
        <line num="89" count="0" type="stmt"/>
        <line num="91" count="0" type="stmt"/>
        <line num="93" count="0" type="stmt"/>
        <line num="95" count="0" type="stmt"/>
        <line num="103" count="0" type="stmt"/>
        <line num="111" count="1" type="stmt"/>
        <line num="113" count="1" type="stmt"/>
        <line num="114" count="1" type="stmt"/>
        <line num="115" count="1" type="stmt"/>
        <line num="116" count="1" type="stmt"/>
        <line num="120" count="1" type="cond" truecount="1" falsecount="1"/>
        <line num="121" count="1" type="stmt"/>
        <line num="139" count="0" type="stmt"/>
        <line num="143" count="0" type="cond" truecount="0" falsecount="2"/>
        <line num="156" count="0" type="stmt"/>
        <line num="178" count="3" type="stmt"/>
        <line num="202" count="3" type="stmt"/>
      </file>
      <file name="SelectItemTypeScreen.tsx" path="E:\IMP PROJECT\foundo\foundo-app 1.1\foundo-app\src\screens\postScreens\SelectItemTypeScreen.tsx">
        <metrics statements="11" coveredstatements="10" conditionals="2" coveredconditionals="1" methods="4" coveredmethods="4"/>
        <line num="16" count="3" type="stmt"/>
        <line num="17" count="3" type="stmt"/>
        <line num="18" count="3" type="stmt"/>
        <line num="19" count="3" type="stmt"/>
        <line num="20" count="2" type="cond" truecount="1" falsecount="1"/>
        <line num="21" count="0" type="stmt"/>
        <line num="25" count="2" type="stmt"/>
        <line num="28" count="3" type="stmt"/>
        <line num="49" count="1" type="stmt"/>
        <line num="55" count="1" type="stmt"/>
        <line num="67" count="3" type="stmt"/>
      </file>
    </package>
    <package name="foundo-app.src.screens.userPostScreens">
      <metrics statements="110" coveredstatements="6" conditionals="24" coveredconditionals="0" methods="24" coveredmethods="0"/>
      <file name="UserPostsHomeScreen.tsx" path="E:\IMP PROJECT\foundo\foundo-app 1.1\foundo-app\src\screens\userPostScreens\UserPostsHomeScreen.tsx">
        <metrics statements="3" coveredstatements="2" conditionals="0" coveredconditionals="0" methods="1" coveredmethods="0"/>
        <line num="6" count="2" type="stmt"/>
        <line num="8" count="2" type="stmt"/>
        <line num="9" count="0" type="stmt"/>
      </file>
      <file name="UserPostsRecommendationScreen.tsx" path="E:\IMP PROJECT\foundo\foundo-app 1.1\foundo-app\src\screens\userPostScreens\UserPostsRecommendationScreen.tsx">
        <metrics statements="40" coveredstatements="2" conditionals="8" coveredconditionals="0" methods="8" coveredmethods="0"/>
        <line num="26" count="2" type="stmt"/>
        <line num="27" count="0" type="stmt"/>
        <line num="28" count="0" type="stmt"/>
        <line num="31" count="0" type="stmt"/>
        <line num="35" count="0" type="stmt"/>
        <line num="36" count="0" type="stmt"/>
        <line num="37" count="0" type="stmt"/>
        <line num="38" count="0" type="stmt"/>
        <line num="39" count="0" type="stmt"/>
        <line num="40" count="0" type="stmt"/>
        <line num="42" count="0" type="stmt"/>
        <line num="43" count="0" type="stmt"/>
        <line num="44" count="0" type="stmt"/>
        <line num="45" count="0" type="stmt"/>
        <line num="47" count="0" type="stmt"/>
        <line num="48" count="0" type="cond" truecount="0" falsecount="2"/>
        <line num="49" count="0" type="stmt"/>
        <line num="50" count="0" type="stmt"/>
        <line num="52" count="0" type="stmt"/>
        <line num="53" count="0" type="cond" truecount="0" falsecount="2"/>
        <line num="54" count="0" type="stmt"/>
        <line num="55" count="0" type="stmt"/>
        <line num="56" count="0" type="stmt"/>
        <line num="59" count="0" type="stmt"/>
        <line num="60" count="0" type="stmt"/>
        <line num="61" count="0" type="stmt"/>
        <line num="63" count="0" type="stmt"/>
        <line num="64" count="0" type="stmt"/>
        <line num="65" count="0" type="stmt"/>
        <line num="67" count="0" type="cond" truecount="0" falsecount="2"/>
        <line num="68" count="0" type="stmt"/>
        <line num="75" count="0" type="stmt"/>
        <line num="79" count="0" type="stmt"/>
        <line num="80" count="0" type="stmt"/>
        <line num="81" count="0" type="cond" truecount="0" falsecount="2"/>
        <line num="82" count="0" type="stmt"/>
        <line num="84" count="0" type="stmt"/>
        <line num="85" count="0" type="stmt"/>
        <line num="89" count="0" type="stmt"/>
        <line num="111" count="2" type="stmt"/>
      </file>
      <file name="UserPostsScreen.tsx" path="E:\IMP PROJECT\foundo\foundo-app 1.1\foundo-app\src\screens\userPostScreens\UserPostsScreen.tsx">
        <metrics statements="67" coveredstatements="2" conditionals="16" coveredconditionals="0" methods="15" coveredmethods="0"/>
        <line num="41" count="2" type="stmt"/>
        <line num="42" count="0" type="stmt"/>
        <line num="43" count="0" type="stmt"/>
        <line num="44" count="0" type="stmt"/>
        <line num="45" count="0" type="stmt"/>
        <line num="47" count="0" type="stmt"/>
        <line num="48" count="0" type="stmt"/>
        <line num="49" count="0" type="stmt"/>
        <line num="52" count="0" type="stmt"/>
        <line num="53" count="0" type="stmt"/>
        <line num="54" count="0" type="stmt"/>
        <line num="55" count="0" type="stmt"/>
        <line num="56" count="0" type="stmt"/>
        <line num="57" count="0" type="stmt"/>
        <line num="58" count="0" type="stmt"/>
        <line num="59" count="0" type="stmt"/>
        <line num="60" count="0" type="stmt"/>
        <line num="61" count="0" type="stmt"/>
        <line num="63" count="0" type="stmt"/>
        <line num="64" count="0" type="stmt"/>
        <line num="65" count="0" type="stmt"/>
        <line num="66" count="0" type="cond" truecount="0" falsecount="2"/>
        <line num="67" count="0" type="stmt"/>
        <line num="68" count="0" type="stmt"/>
        <line num="69" count="0" type="stmt"/>
        <line num="70" count="0" type="stmt"/>
        <line num="73" count="0" type="stmt"/>
        <line num="74" count="0" type="stmt"/>
        <line num="75" count="0" type="stmt"/>
        <line num="76" count="0" type="stmt"/>
        <line num="78" count="0" type="stmt"/>
        <line num="79" count="0" type="stmt"/>
        <line num="81" count="0" type="stmt"/>
        <line num="82" count="0" type="stmt"/>
        <line num="84" count="0" type="stmt"/>
        <line num="85" count="0" type="stmt"/>
        <line num="86" count="0" type="cond" truecount="0" falsecount="2"/>
        <line num="87" count="0" type="stmt"/>
        <line num="88" count="0" type="stmt"/>
        <line num="90" count="0" type="stmt"/>
        <line num="91" count="0" type="stmt"/>
        <line num="98" count="0" type="stmt"/>
        <line num="99" count="0" type="stmt"/>
        <line num="101" count="0" type="stmt"/>
        <line num="102" count="0" type="stmt"/>
        <line num="103" count="0" type="stmt"/>
        <line num="105" count="0" type="cond" truecount="0" falsecount="2"/>
        <line num="106" count="0" type="stmt"/>
        <line num="113" count="0" type="stmt"/>
        <line num="116" count="0" type="stmt"/>
        <line num="117" count="0" type="stmt"/>
        <line num="118" count="0" type="cond" truecount="0" falsecount="2"/>
        <line num="119" count="0" type="stmt"/>
        <line num="120" count="0" type="cond" truecount="0" falsecount="2"/>
        <line num="121" count="0" type="stmt"/>
        <line num="124" count="0" type="stmt"/>
        <line num="125" count="0" type="stmt"/>
        <line num="129" count="0" type="stmt"/>
        <line num="131" count="0" type="cond" truecount="0" falsecount="2"/>
        <line num="132" count="0" type="stmt"/>
        <line num="152" count="0" type="stmt"/>
        <line num="177" count="0" type="stmt"/>
        <line num="183" count="0" type="stmt"/>
        <line num="187" count="0" type="stmt"/>
        <line num="188" count="0" type="stmt"/>
        <line num="189" count="0" type="stmt"/>
        <line num="270" count="2" type="stmt"/>
      </file>
    </package>
    <package name="foundo-app.src.storage">
      <metrics statements="14" coveredstatements="7" conditionals="0" coveredconditionals="0" methods="3" coveredmethods="1"/>
      <file name="foundo-localstorage.ts" path="E:\IMP PROJECT\foundo\foundo-app 1.1\foundo-app\src\storage\foundo-localstorage.ts">
        <metrics statements="14" coveredstatements="7" conditionals="0" coveredconditionals="0" methods="3" coveredmethods="1"/>
        <line num="4" count="7" type="stmt"/>
        <line num="5" count="0" type="stmt"/>
        <line num="6" count="0" type="stmt"/>
        <line num="8" count="0" type="stmt"/>
        <line num="11" count="7" type="stmt"/>
        <line num="12" count="7" type="stmt"/>
        <line num="13" count="7" type="stmt"/>
        <line num="14" count="7" type="stmt"/>
        <line num="16" count="0" type="stmt"/>
        <line num="18" count="7" type="stmt"/>
        <line num="21" count="7" type="stmt"/>
        <line num="22" count="0" type="stmt"/>
        <line num="23" count="0" type="stmt"/>
        <line num="26" count="0" type="stmt"/>
      </file>
    </package>
    <package name="foundo-app.src.utils">
      <metrics statements="30" coveredstatements="10" conditionals="12" coveredconditionals="0" methods="9" coveredmethods="3"/>
      <file name="index.ts" path="E:\IMP PROJECT\foundo\foundo-app 1.1\foundo-app\src\utils\index.ts">
        <metrics statements="30" coveredstatements="10" conditionals="12" coveredconditionals="0" methods="9" coveredmethods="3"/>
        <line num="2" count="7" type="stmt"/>
        <line num="3" count="392" type="stmt"/>
        <line num="5" count="7" type="stmt"/>
        <line num="6" count="114" type="stmt"/>
        <line num="8" count="154" type="stmt"/>
        <line num="11" count="7" type="stmt"/>
        <line num="12" count="0" type="stmt"/>
        <line num="14" count="7" type="stmt"/>
        <line num="15" count="0" type="stmt"/>
        <line num="16" count="0" type="stmt"/>
        <line num="17" count="0" type="stmt"/>
        <line num="18" count="0" type="stmt"/>
        <line num="19" count="0" type="stmt"/>
        <line num="20" count="0" type="stmt"/>
        <line num="21" count="0" type="stmt"/>
        <line num="22" count="0" type="stmt"/>
        <line num="26" count="7" type="stmt"/>
        <line num="43" count="7" type="stmt"/>
        <line num="44" count="0" type="stmt"/>
        <line num="45" count="0" type="stmt"/>
        <line num="47" count="0" type="cond" truecount="0" falsecount="2"/>
        <line num="48" count="0" type="cond" truecount="0" falsecount="2"/>
        <line num="49" count="0" type="cond" truecount="0" falsecount="2"/>
        <line num="50" count="0" type="cond" truecount="0" falsecount="2"/>
        <line num="51" count="0" type="cond" truecount="0" falsecount="2"/>
        <line num="52" count="0" type="cond" truecount="0" falsecount="2"/>
        <line num="54" count="0" type="stmt"/>
        <line num="66" count="7" type="stmt"/>
        <line num="70" count="0" type="stmt"/>
        <line num="71" count="0" type="stmt"/>
      </file>
    </package>
  </project>
</coverage>
