{"E:\\IMP PROJECT\\foundo\\foundo-app 1.1\\foundo-app\\App.tsx": {"path":"E:\\IMP PROJECT\\foundo\\foundo-app 1.1\\foundo-app\\App.tsx","statementMap":{"0":{"start":{"line":16,"column":2},"end":{"line":16,"column":26}},"1":{"start":{"line":18,"column":0},"end":{"line":18,"column":36}},"2":{"start":{"line":24,"column":12},"end":{"line":53,"column":1}},"3":{"start":{"line":25,"column":41},"end":{"line":25,"column":53}},"4":{"start":{"line":27,"column":2},"end":{"line":33,"column":17}},"5":{"start":{"line":28,"column":4},"end":{"line":32,"column":5}},"6":{"start":{"line":29,"column":6},"end":{"line":31,"column":11}},"7":{"start":{"line":30,"column":8},"end":{"line":30,"column":39}},"8":{"start":{"line":35,"column":2},"end":{"line":42,"column":3}},"9":{"start":{"line":36,"column":4},"end":{"line":41,"column":6}},"10":{"start":{"line":44,"column":2},"end":{"line":46,"column":3}},"11":{"start":{"line":45,"column":4},"end":{"line":45,"column":57}},"12":{"start":{"line":47,"column":2},"end":{"line":52,"column":4}}},"fnMap":{"0":{"name":"(anonymous_0)","decl":{"start":{"line":24,"column":12},"end":{"line":24,"column":13}},"loc":{"start":{"line":24,"column":18},"end":{"line":53,"column":1}},"line":24},"1":{"name":"(anonymous_1)","decl":{"start":{"line":27,"column":12},"end":{"line":27,"column":13}},"loc":{"start":{"line":27,"column":18},"end":{"line":33,"column":3}},"line":27},"2":{"name":"(anonymous_2)","decl":{"start":{"line":29,"column":7},"end":{"line":29,"column":8}},"loc":{"start":{"line":29,"column":19},"end":{"line":31,"column":7}},"line":29},"3":{"name":"(anonymous_3)","decl":{"start":{"line":45,"column":44},"end":{"line":45,"column":45}},"loc":{"start":{"line":45,"column":50},"end":{"line":45,"column":52}},"line":45}},"branchMap":{"0":{"loc":{"start":{"line":28,"column":4},"end":{"line":32,"column":5}},"type":"if","locations":[{"start":{"line":28,"column":4},"end":{"line":32,"column":5}},{"start":{},"end":{}}],"line":28},"1":{"loc":{"start":{"line":35,"column":2},"end":{"line":42,"column":3}},"type":"if","locations":[{"start":{"line":35,"column":2},"end":{"line":42,"column":3}},{"start":{},"end":{}}],"line":35},"2":{"loc":{"start":{"line":44,"column":2},"end":{"line":46,"column":3}},"type":"if","locations":[{"start":{"line":44,"column":2},"end":{"line":46,"column":3}},{"start":{},"end":{}}],"line":44}},"s":{"0":1,"1":1,"2":1,"3":22,"4":21,"5":14,"6":7,"7":7,"8":21,"9":14,"10":7,"11":0,"12":7},"f":{"0":22,"1":14,"2":7,"3":0},"b":{"0":[7,7],"1":[14,7],"2":[0,7]},"_coverageSchema":"1a1c01bbd47fc00a2c39e90264f33305004495a9","hash":"2f8066f681a6e830a3089466904d5c11bb7b4eab"}
,"E:\\IMP PROJECT\\foundo\\foundo-app 1.1\\foundo-app\\src\\assets\\fonts\\index.js": {"path":"E:\\IMP PROJECT\\foundo\\foundo-app 1.1\\foundo-app\\src\\assets\\fonts\\index.js","statementMap":{"0":{"start":{"line":8,"column":28},"end":{"line":13,"column":1}}},"fnMap":{},"branchMap":{},"s":{"0":1},"f":{},"b":{},"_coverageSchema":"1a1c01bbd47fc00a2c39e90264f33305004495a9","hash":"0805e79ab32b05d0db7ecbce173d610afbde2a91"}
,"E:\\IMP PROJECT\\foundo\\foundo-app 1.1\\foundo-app\\src\\assets\\images\\character1.png": {"path":"E:\\IMP PROJECT\\foundo\\foundo-app 1.1\\foundo-app\\src\\assets\\images\\character1.png","statementMap":{"0":{"start":{"line":1,"column":0},"end":{"line":1,"column":19}}},"fnMap":{},"branchMap":{},"s":{"0":4},"f":{},"b":{},"_coverageSchema":"1a1c01bbd47fc00a2c39e90264f33305004495a9","hash":"35b42089b8ece8974f9b9454087cbc63670166c4"}
,"E:\\IMP PROJECT\\foundo\\foundo-app 1.1\\foundo-app\\src\\assets\\images\\character2.png": {"path":"E:\\IMP PROJECT\\foundo\\foundo-app 1.1\\foundo-app\\src\\assets\\images\\character2.png","statementMap":{"0":{"start":{"line":1,"column":0},"end":{"line":1,"column":19}}},"fnMap":{},"branchMap":{},"s":{"0":2},"f":{},"b":{},"_coverageSchema":"1a1c01bbd47fc00a2c39e90264f33305004495a9","hash":"5de4fde854f408aeca672a997f40287e16b2f888"}
,"E:\\IMP PROJECT\\foundo\\foundo-app 1.1\\foundo-app\\src\\assets\\images\\character3.png": {"path":"E:\\IMP PROJECT\\foundo\\foundo-app 1.1\\foundo-app\\src\\assets\\images\\character3.png","statementMap":{"0":{"start":{"line":1,"column":0},"end":{"line":1,"column":19}}},"fnMap":{},"branchMap":{},"s":{"0":3},"f":{},"b":{},"_coverageSchema":"1a1c01bbd47fc00a2c39e90264f33305004495a9","hash":"a58a9b69adaa80cdca98f5c23e2b56c016915aae"}
,"E:\\IMP PROJECT\\foundo\\foundo-app 1.1\\foundo-app\\src\\assets\\images\\character4.png": {"path":"E:\\IMP PROJECT\\foundo\\foundo-app 1.1\\foundo-app\\src\\assets\\images\\character4.png","statementMap":{"0":{"start":{"line":1,"column":0},"end":{"line":1,"column":19}}},"fnMap":{},"branchMap":{},"s":{"0":2},"f":{},"b":{},"_coverageSchema":"1a1c01bbd47fc00a2c39e90264f33305004495a9","hash":"be70c83b58c1f781d1ad6013100213a72625134c"}
,"E:\\IMP PROJECT\\foundo\\foundo-app 1.1\\foundo-app\\src\\assets\\images\\character5.png": {"path":"E:\\IMP PROJECT\\foundo\\foundo-app 1.1\\foundo-app\\src\\assets\\images\\character5.png","statementMap":{"0":{"start":{"line":1,"column":0},"end":{"line":1,"column":19}}},"fnMap":{},"branchMap":{},"s":{"0":5},"f":{},"b":{},"_coverageSchema":"1a1c01bbd47fc00a2c39e90264f33305004495a9","hash":"59d643ca0e24de9b68743084fc737db779fc8cd3"}
,"E:\\IMP PROJECT\\foundo\\foundo-app 1.1\\foundo-app\\src\\assets\\images\\email.png": {"path":"E:\\IMP PROJECT\\foundo\\foundo-app 1.1\\foundo-app\\src\\assets\\images\\email.png","statementMap":{"0":{"start":{"line":1,"column":0},"end":{"line":1,"column":19}}},"fnMap":{},"branchMap":{},"s":{"0":2},"f":{},"b":{},"_coverageSchema":"1a1c01bbd47fc00a2c39e90264f33305004495a9","hash":"242623402f5050a958915620eccf6c0900fc5896"}
,"E:\\IMP PROJECT\\foundo\\foundo-app 1.1\\foundo-app\\src\\assets\\images\\file.png": {"path":"E:\\IMP PROJECT\\foundo\\foundo-app 1.1\\foundo-app\\src\\assets\\images\\file.png","statementMap":{"0":{"start":{"line":1,"column":0},"end":{"line":1,"column":19}}},"fnMap":{},"branchMap":{},"s":{"0":2},"f":{},"b":{},"_coverageSchema":"1a1c01bbd47fc00a2c39e90264f33305004495a9","hash":"8b10dc0ffb96abe6cd8ba44fda5503faa76a4d67"}
,"E:\\IMP PROJECT\\foundo\\foundo-app 1.1\\foundo-app\\src\\assets\\images\\object1.png": {"path":"E:\\IMP PROJECT\\foundo\\foundo-app 1.1\\foundo-app\\src\\assets\\images\\object1.png","statementMap":{"0":{"start":{"line":1,"column":0},"end":{"line":1,"column":19}}},"fnMap":{},"branchMap":{},"s":{"0":2},"f":{},"b":{},"_coverageSchema":"1a1c01bbd47fc00a2c39e90264f33305004495a9","hash":"f8daf1144c02083fe1e339c774a185ab989072cf"}
,"E:\\IMP PROJECT\\foundo\\foundo-app 1.1\\foundo-app\\src\\assets\\images\\object2.png": {"path":"E:\\IMP PROJECT\\foundo\\foundo-app 1.1\\foundo-app\\src\\assets\\images\\object2.png","statementMap":{"0":{"start":{"line":1,"column":0},"end":{"line":1,"column":19}}},"fnMap":{},"branchMap":{},"s":{"0":4},"f":{},"b":{},"_coverageSchema":"1a1c01bbd47fc00a2c39e90264f33305004495a9","hash":"3b38e8f9a519fbd01cc537c9752eaaec9e0642db"}
,"E:\\IMP PROJECT\\foundo\\foundo-app 1.1\\foundo-app\\src\\assets\\images\\object3.png": {"path":"E:\\IMP PROJECT\\foundo\\foundo-app 1.1\\foundo-app\\src\\assets\\images\\object3.png","statementMap":{"0":{"start":{"line":1,"column":0},"end":{"line":1,"column":19}}},"fnMap":{},"branchMap":{},"s":{"0":5},"f":{},"b":{},"_coverageSchema":"1a1c01bbd47fc00a2c39e90264f33305004495a9","hash":"0c1d7216e36efe438589211ecac68d94ab9fbd46"}
,"E:\\IMP PROJECT\\foundo\\foundo-app 1.1\\foundo-app\\src\\assets\\images\\object4.png": {"path":"E:\\IMP PROJECT\\foundo\\foundo-app 1.1\\foundo-app\\src\\assets\\images\\object4.png","statementMap":{"0":{"start":{"line":1,"column":0},"end":{"line":1,"column":19}}},"fnMap":{},"branchMap":{},"s":{"0":3},"f":{},"b":{},"_coverageSchema":"1a1c01bbd47fc00a2c39e90264f33305004495a9","hash":"a882dd1d4ec8e5a5b1ab76c73d2fa5f86b7609bb"}
,"E:\\IMP PROJECT\\foundo\\foundo-app 1.1\\foundo-app\\src\\assets\\images\\phone.png": {"path":"E:\\IMP PROJECT\\foundo\\foundo-app 1.1\\foundo-app\\src\\assets\\images\\phone.png","statementMap":{"0":{"start":{"line":1,"column":0},"end":{"line":1,"column":19}}},"fnMap":{},"branchMap":{},"s":{"0":2},"f":{},"b":{},"_coverageSchema":"1a1c01bbd47fc00a2c39e90264f33305004495a9","hash":"99bd092bc294c168e67cd86fe4c4d217f73c1996"}
,"E:\\IMP PROJECT\\foundo\\foundo-app 1.1\\foundo-app\\src\\assets\\images\\searchitem.png": {"path":"E:\\IMP PROJECT\\foundo\\foundo-app 1.1\\foundo-app\\src\\assets\\images\\searchitem.png","statementMap":{"0":{"start":{"line":1,"column":0},"end":{"line":1,"column":19}}},"fnMap":{},"branchMap":{},"s":{"0":3},"f":{},"b":{},"_coverageSchema":"1a1c01bbd47fc00a2c39e90264f33305004495a9","hash":"7c053d3265f3c550d1ab27aba279d08de90c094a"}
,"E:\\IMP PROJECT\\foundo\\foundo-app 1.1\\foundo-app\\src\\components\\Error.tsx": {"path":"E:\\IMP PROJECT\\foundo\\foundo-app 1.1\\foundo-app\\src\\components\\Error.tsx","statementMap":{"0":{"start":{"line":9,"column":36},"end":{"line":18,"column":1}},"1":{"start":{"line":10,"column":28},"end":{"line":10,"column":62}},"2":{"start":{"line":12,"column":2},"end":{"line":17,"column":4}}},"fnMap":{"0":{"name":"(anonymous_0)","decl":{"start":{"line":9,"column":36},"end":{"line":9,"column":37}},"loc":{"start":{"line":9,"column":51},"end":{"line":18,"column":1}},"line":9}},"branchMap":{"0":{"loc":{"start":{"line":10,"column":28},"end":{"line":10,"column":62}},"type":"binary-expr","locations":[{"start":{"line":10,"column":28},"end":{"line":10,"column":33}},{"start":{"line":10,"column":37},"end":{"line":10,"column":62}}],"line":10}},"s":{"0":7,"1":0,"2":0},"f":{"0":0},"b":{"0":[0,0]},"_coverageSchema":"1a1c01bbd47fc00a2c39e90264f33305004495a9","hash":"b70dffec8e01a28647b5e74d6837bfc98d201d81"}
,"E:\\IMP PROJECT\\foundo\\foundo-app 1.1\\foundo-app\\src\\components\\Foundo.tsx": {"path":"E:\\IMP PROJECT\\foundo\\foundo-app 1.1\\foundo-app\\src\\components\\Foundo.tsx","statementMap":{"0":{"start":{"line":15,"column":22},"end":{"line":15,"column":46}},"1":{"start":{"line":16,"column":14},"end":{"line":16,"column":42}},"2":{"start":{"line":21,"column":38},"end":{"line":51,"column":1}},"3":{"start":{"line":22,"column":19},"end":{"line":22,"column":32}},"4":{"start":{"line":24,"column":2},"end":{"line":28,"column":9}},"5":{"start":{"line":25,"column":4},"end":{"line":27,"column":5}},"6":{"start":{"line":26,"column":6},"end":{"line":26,"column":44}},"7":{"start":{"line":30,"column":2},"end":{"line":50,"column":4}}},"fnMap":{"0":{"name":"(anonymous_0)","decl":{"start":{"line":21,"column":38},"end":{"line":21,"column":39}},"loc":{"start":{"line":21,"column":59},"end":{"line":51,"column":1}},"line":21},"1":{"name":"(anonymous_1)","decl":{"start":{"line":24,"column":12},"end":{"line":24,"column":13}},"loc":{"start":{"line":24,"column":18},"end":{"line":28,"column":3}},"line":24}},"branchMap":{"0":{"loc":{"start":{"line":25,"column":4},"end":{"line":27,"column":5}},"type":"if","locations":[{"start":{"line":25,"column":4},"end":{"line":27,"column":5}},{"start":{},"end":{}}],"line":25}},"s":{"0":2,"1":2,"2":2,"3":7,"4":7,"5":7,"6":0,"7":7},"f":{"0":7,"1":7},"b":{"0":[0,7]},"_coverageSchema":"1a1c01bbd47fc00a2c39e90264f33305004495a9","hash":"7ba0db840839c2e9ea276f81441132efc30464b7"}
,"E:\\IMP PROJECT\\foundo\\foundo-app 1.1\\foundo-app\\src\\components\\LoadFoundo.tsx": {"path":"E:\\IMP PROJECT\\foundo\\foundo-app 1.1\\foundo-app\\src\\components\\LoadFoundo.tsx","statementMap":{"0":{"start":{"line":15,"column":25},"end":{"line":15,"column":47}},"1":{"start":{"line":16,"column":30},"end":{"line":16,"column":45}},"2":{"start":{"line":17,"column":28},"end":{"line":17,"column":56}},"3":{"start":{"line":19,"column":40},"end":{"line":19,"column":71}},"4":{"start":{"line":20,"column":14},"end":{"line":20,"column":30}},"5":{"start":{"line":22,"column":2},"end":{"line":57,"column":21}},"6":{"start":{"line":23,"column":15},"end":{"line":23,"column":19}},"7":{"start":{"line":24,"column":4},"end":{"line":52,"column":5}},"8":{"start":{"line":25,"column":6},"end":{"line":51,"column":11}},"9":{"start":{"line":27,"column":10},"end":{"line":27,"column":28}},"10":{"start":{"line":27,"column":21},"end":{"line":27,"column":28}},"11":{"start":{"line":28,"column":10},"end":{"line":43,"column":11}},"12":{"start":{"line":29,"column":12},"end":{"line":32,"column":15}},"13":{"start":{"line":33,"column":17},"end":{"line":43,"column":11}},"14":{"start":{"line":34,"column":29},"end":{"line":34,"column":47}},"15":{"start":{"line":35,"column":30},"end":{"line":35,"column":46}},"16":{"start":{"line":36,"column":12},"end":{"line":42,"column":13}},"17":{"start":{"line":37,"column":14},"end":{"line":41,"column":17}},"18":{"start":{"line":46,"column":10},"end":{"line":46,"column":27}},"19":{"start":{"line":47,"column":10},"end":{"line":47,"column":24}},"20":{"start":{"line":50,"column":10},"end":{"line":50,"column":26}},"21":{"start":{"line":54,"column":4},"end":{"line":56,"column":6}},"22":{"start":{"line":55,"column":6},"end":{"line":55,"column":19}},"23":{"start":{"line":59,"column":2},"end":{"line":59,"column":38}}},"fnMap":{"0":{"name":"LoadFoundo","decl":{"start":{"line":14,"column":16},"end":{"line":14,"column":26}},"loc":{"start":{"line":14,"column":71},"end":{"line":60,"column":1}},"line":14},"1":{"name":"(anonymous_1)","decl":{"start":{"line":22,"column":12},"end":{"line":22,"column":13}},"loc":{"start":{"line":22,"column":18},"end":{"line":57,"column":3}},"line":22},"2":{"name":"(anonymous_2)","decl":{"start":{"line":26,"column":14},"end":{"line":26,"column":15}},"loc":{"start":{"line":26,"column":28},"end":{"line":44,"column":9}},"line":26},"3":{"name":"(anonymous_3)","decl":{"start":{"line":45,"column":15},"end":{"line":45,"column":16}},"loc":{"start":{"line":45,"column":22},"end":{"line":48,"column":9}},"line":45},"4":{"name":"(anonymous_4)","decl":{"start":{"line":49,"column":17},"end":{"line":49,"column":18}},"loc":{"start":{"line":49,"column":23},"end":{"line":51,"column":9}},"line":49},"5":{"name":"(anonymous_5)","decl":{"start":{"line":54,"column":11},"end":{"line":54,"column":12}},"loc":{"start":{"line":54,"column":17},"end":{"line":56,"column":5}},"line":54}},"branchMap":{"0":{"loc":{"start":{"line":24,"column":4},"end":{"line":52,"column":5}},"type":"if","locations":[{"start":{"line":24,"column":4},"end":{"line":52,"column":5}},{"start":{},"end":{}}],"line":24},"1":{"loc":{"start":{"line":24,"column":8},"end":{"line":24,"column":28}},"type":"binary-expr","locations":[{"start":{"line":24,"column":8},"end":{"line":24,"column":20}},{"start":{"line":24,"column":24},"end":{"line":24,"column":28}}],"line":24},"2":{"loc":{"start":{"line":27,"column":10},"end":{"line":27,"column":28}},"type":"if","locations":[{"start":{"line":27,"column":10},"end":{"line":27,"column":28}},{"start":{},"end":{}}],"line":27},"3":{"loc":{"start":{"line":28,"column":10},"end":{"line":43,"column":11}},"type":"if","locations":[{"start":{"line":28,"column":10},"end":{"line":43,"column":11}},{"start":{"line":33,"column":17},"end":{"line":43,"column":11}}],"line":28},"4":{"loc":{"start":{"line":33,"column":17},"end":{"line":43,"column":11}},"type":"if","locations":[{"start":{"line":33,"column":17},"end":{"line":43,"column":11}},{"start":{},"end":{}}],"line":33},"5":{"loc":{"start":{"line":36,"column":12},"end":{"line":42,"column":13}},"type":"if","locations":[{"start":{"line":36,"column":12},"end":{"line":42,"column":13}},{"start":{},"end":{}}],"line":36},"6":{"loc":{"start":{"line":36,"column":16},"end":{"line":36,"column":65}},"type":"binary-expr","locations":[{"start":{"line":36,"column":16},"end":{"line":36,"column":39}},{"start":{"line":36,"column":43},"end":{"line":36,"column":65}}],"line":36}},"s":{"0":22,"1":21,"2":21,"3":21,"4":21,"5":21,"6":14,"7":14,"8":7,"9":7,"10":0,"11":7,"12":0,"13":7,"14":0,"15":0,"16":0,"17":0,"18":0,"19":0,"20":7,"21":14,"22":14,"23":21},"f":{"0":22,"1":14,"2":7,"3":0,"4":7,"5":14},"b":{"0":[7,7],"1":[14,7],"2":[0,7],"3":[0,7],"4":[0,7],"5":[0,0],"6":[0,0]},"_coverageSchema":"1a1c01bbd47fc00a2c39e90264f33305004495a9","hash":"34ad40c29b9c7de2913cb56a5c5e4a92aa4606a4"}
,"E:\\IMP PROJECT\\foundo\\foundo-app 1.1\\foundo-app\\src\\components\\atoms\\BottomModal.tsx": {"path":"E:\\IMP PROJECT\\foundo\\foundo-app 1.1\\foundo-app\\src\\components\\atoms\\BottomModal.tsx","statementMap":{"0":{"start":{"line":19,"column":37},"end":{"line":68,"column":1}},"1":{"start":{"line":31,"column":2},"end":{"line":67,"column":4}},"2":{"start":{"line":69,"column":15},"end":{"line":112,"column":2}}},"fnMap":{"0":{"name":"(anonymous_0)","decl":{"start":{"line":19,"column":37},"end":{"line":19,"column":38}},"loc":{"start":{"line":30,"column":6},"end":{"line":68,"column":1}},"line":30}},"branchMap":{"0":{"loc":{"start":{"line":25,"column":2},"end":{"line":25,"column":27}},"type":"default-arg","locations":[{"start":{"line":25,"column":13},"end":{"line":25,"column":27}}],"line":25},"1":{"loc":{"start":{"line":26,"column":2},"end":{"line":26,"column":16}},"type":"default-arg","locations":[{"start":{"line":26,"column":11},"end":{"line":26,"column":16}}],"line":26},"2":{"loc":{"start":{"line":27,"column":2},"end":{"line":27,"column":18}},"type":"default-arg","locations":[{"start":{"line":27,"column":11},"end":{"line":27,"column":18}}],"line":27},"3":{"loc":{"start":{"line":28,"column":2},"end":{"line":28,"column":16}},"type":"default-arg","locations":[{"start":{"line":28,"column":14},"end":{"line":28,"column":16}}],"line":28},"4":{"loc":{"start":{"line":29,"column":2},"end":{"line":29,"column":22}},"type":"default-arg","locations":[{"start":{"line":29,"column":17},"end":{"line":29,"column":22}}],"line":29},"5":{"loc":{"start":{"line":38,"column":19},"end":{"line":38,"column":71}},"type":"cond-expr","locations":[{"start":{"line":38,"column":38},"end":{"line":38,"column":50}},{"start":{"line":38,"column":53},"end":{"line":38,"column":71}}],"line":38},"6":{"loc":{"start":{"line":41,"column":11},"end":{"line":51,"column":11}},"type":"binary-expr","locations":[{"start":{"line":41,"column":11},"end":{"line":41,"column":23}},{"start":{"line":42,"column":12},"end":{"line":50,"column":24}}],"line":41},"7":{"loc":{"start":{"line":59,"column":20},"end":{"line":59,"column":75}},"type":"cond-expr","locations":[{"start":{"line":59,"column":50},"end":{"line":59,"column":58}},{"start":{"line":59,"column":61},"end":{"line":59,"column":75}}],"line":59}},"s":{"0":4,"1":38,"2":4},"f":{"0":38},"b":{"0":[24],"1":[24],"2":[10],"3":[28],"4":[28],"5":[24,14],"6":[38,10],"7":[14,24]},"_coverageSchema":"1a1c01bbd47fc00a2c39e90264f33305004495a9","hash":"9c6467afed16b7a7655221e23c3954d2314a9947"}
,"E:\\IMP PROJECT\\foundo\\foundo-app 1.1\\foundo-app\\src\\components\\atoms\\ElevatedCard.tsx": {"path":"E:\\IMP PROJECT\\foundo\\foundo-app 1.1\\foundo-app\\src\\components\\atoms\\ElevatedCard.tsx","statementMap":{"0":{"start":{"line":9,"column":38},"end":{"line":35,"column":1}},"1":{"start":{"line":15,"column":2},"end":{"line":34,"column":4}}},"fnMap":{"0":{"name":"(anonymous_0)","decl":{"start":{"line":9,"column":38},"end":{"line":9,"column":39}},"loc":{"start":{"line":14,"column":6},"end":{"line":35,"column":1}},"line":14}},"branchMap":{"0":{"loc":{"start":{"line":13,"column":2},"end":{"line":13,"column":16}},"type":"default-arg","locations":[{"start":{"line":13,"column":14},"end":{"line":13,"column":16}}],"line":13}},"s":{"0":6,"1":7},"f":{"0":7},"b":{"0":[2]},"_coverageSchema":"1a1c01bbd47fc00a2c39e90264f33305004495a9","hash":"b94fb3356afe53646f0549787b895253e86d2d53"}
,"E:\\IMP PROJECT\\foundo\\foundo-app 1.1\\foundo-app\\src\\components\\atoms\\FilterOptionItem.js": {"path":"E:\\IMP PROJECT\\foundo\\foundo-app 1.1\\foundo-app\\src\\components\\atoms\\FilterOptionItem.js","statementMap":{"0":{"start":{"line":4,"column":25},"end":{"line":4,"column":26}},"1":{"start":{"line":5,"column":26},"end":{"line":5,"column":27}},"2":{"start":{"line":6,"column":28},"end":{"line":9,"column":1}},"3":{"start":{"line":10,"column":30},"end":{"line":40,"column":1}},"4":{"start":{"line":15,"column":25},"end":{"line":17,"column":3}},"5":{"start":{"line":16,"column":4},"end":{"line":16,"column":35}},"6":{"start":{"line":19,"column":2},"end":{"line":39,"column":4}},"7":{"start":{"line":21,"column":21},"end":{"line":21,"column":48}},"8":{"start":{"line":42,"column":15},"end":{"line":65,"column":2}}},"fnMap":{"0":{"name":"(anonymous_0)","decl":{"start":{"line":10,"column":30},"end":{"line":10,"column":31}},"loc":{"start":{"line":14,"column":6},"end":{"line":40,"column":1}},"line":14},"1":{"name":"(anonymous_1)","decl":{"start":{"line":15,"column":25},"end":{"line":15,"column":26}},"loc":{"start":{"line":15,"column":31},"end":{"line":17,"column":3}},"line":15},"2":{"name":"(anonymous_2)","decl":{"start":{"line":21,"column":15},"end":{"line":21,"column":16}},"loc":{"start":{"line":21,"column":21},"end":{"line":21,"column":48}},"line":21}},"branchMap":{"0":{"loc":{"start":{"line":24,"column":8},"end":{"line":26,"column":38}},"type":"cond-expr","locations":[{"start":{"line":25,"column":12},"end":{"line":25,"column":34}},{"start":{"line":26,"column":12},"end":{"line":26,"column":38}}],"line":24},"1":{"loc":{"start":{"line":32,"column":10},"end":{"line":34,"column":45}},"type":"cond-expr","locations":[{"start":{"line":33,"column":14},"end":{"line":33,"column":41}},{"start":{"line":34,"column":14},"end":{"line":34,"column":45}}],"line":32}},"s":{"0":3,"1":3,"2":3,"3":3,"4":120,"5":360,"6":120,"7":4,"8":3},"f":{"0":120,"1":360,"2":4},"b":{"0":[58,62],"1":[58,62]},"_coverageSchema":"1a1c01bbd47fc00a2c39e90264f33305004495a9","hash":"fd1a2479f23182ee357df9c35eefdd76a1eddffb"}
,"E:\\IMP PROJECT\\foundo\\foundo-app 1.1\\foundo-app\\src\\components\\atoms\\ItemExtraDetailComponent.tsx": {"path":"E:\\IMP PROJECT\\foundo\\foundo-app 1.1\\foundo-app\\src\\components\\atoms\\ItemExtraDetailComponent.tsx","statementMap":{"0":{"start":{"line":6,"column":50},"end":{"line":23,"column":1}},"1":{"start":{"line":7,"column":2},"end":{"line":22,"column":4}},"2":{"start":{"line":24,"column":15},"end":{"line":35,"column":2}}},"fnMap":{"0":{"name":"(anonymous_0)","decl":{"start":{"line":6,"column":50},"end":{"line":6,"column":51}},"loc":{"start":{"line":6,"column":72},"end":{"line":23,"column":1}},"line":6}},"branchMap":{},"s":{"0":4,"1":0,"2":4},"f":{"0":0},"b":{},"_coverageSchema":"1a1c01bbd47fc00a2c39e90264f33305004495a9","hash":"f1a8fd59b63a071a342c2d5a5bfb416432f9c830"}
,"E:\\IMP PROJECT\\foundo\\foundo-app 1.1\\foundo-app\\src\\components\\atoms\\ItemSearchComponent.tsx": {"path":"E:\\IMP PROJECT\\foundo\\foundo-app 1.1\\foundo-app\\src\\components\\atoms\\ItemSearchComponent.tsx","statementMap":{"0":{"start":{"line":11,"column":45},"end":{"line":32,"column":1}},"1":{"start":{"line":16,"column":2},"end":{"line":18,"column":9}},"2":{"start":{"line":19,"column":2},"end":{"line":31,"column":4}},"3":{"start":{"line":34,"column":15},"end":{"line":49,"column":2}}},"fnMap":{"0":{"name":"(anonymous_0)","decl":{"start":{"line":11,"column":45},"end":{"line":11,"column":46}},"loc":{"start":{"line":15,"column":6},"end":{"line":32,"column":1}},"line":15},"1":{"name":"(anonymous_1)","decl":{"start":{"line":16,"column":12},"end":{"line":16,"column":13}},"loc":{"start":{"line":16,"column":18},"end":{"line":18,"column":3}},"line":16}},"branchMap":{},"s":{"0":3,"1":11,"2":11,"3":3},"f":{"0":11,"1":1},"b":{},"_coverageSchema":"1a1c01bbd47fc00a2c39e90264f33305004495a9","hash":"b867db48169596c3825f3dc13743d69c1dd1a25c"}
,"E:\\IMP PROJECT\\foundo\\foundo-app 1.1\\foundo-app\\src\\components\\atoms\\ListItem.tsx": {"path":"E:\\IMP PROJECT\\foundo\\foundo-app 1.1\\foundo-app\\src\\components\\atoms\\ListItem.tsx","statementMap":{"0":{"start":{"line":30,"column":56},"end":{"line":70,"column":1}},"1":{"start":{"line":35,"column":2},"end":{"line":69,"column":4}},"2":{"start":{"line":77,"column":58},"end":{"line":174,"column":1}},"3":{"start":{"line":83,"column":26},"end":{"line":83,"column":50}},"4":{"start":{"line":84,"column":17},"end":{"line":90,"column":28}},"5":{"start":{"line":85,"column":39},"end":{"line":85,"column":41}},"6":{"start":{"line":86,"column":4},"end":{"line":88,"column":5}},"7":{"start":{"line":87,"column":6},"end":{"line":87,"column":27}},"8":{"start":{"line":89,"column":4},"end":{"line":89,"column":18}},"9":{"start":{"line":91,"column":18},"end":{"line":93,"column":3}},"10":{"start":{"line":92,"column":4},"end":{"line":92,"column":19}},"11":{"start":{"line":94,"column":19},"end":{"line":97,"column":3}},"12":{"start":{"line":95,"column":4},"end":{"line":95,"column":14}},"13":{"start":{"line":96,"column":4},"end":{"line":96,"column":36}},"14":{"start":{"line":98,"column":2},"end":{"line":173,"column":4}},"15":{"start":{"line":112,"column":25},"end":{"line":112,"column":39}},"16":{"start":{"line":148,"column":14},"end":{"line":153,"column":16}},"17":{"start":{"line":156,"column":14},"end":{"line":156,"column":40}},"18":{"start":{"line":182,"column":59},"end":{"line":291,"column":1}},"19":{"start":{"line":189,"column":26},"end":{"line":189,"column":50}},"20":{"start":{"line":190,"column":36},"end":{"line":190,"column":56}},"21":{"start":{"line":191,"column":18},"end":{"line":193,"column":3}},"22":{"start":{"line":192,"column":4},"end":{"line":192,"column":19}},"23":{"start":{"line":194,"column":19},"end":{"line":197,"column":3}},"24":{"start":{"line":195,"column":4},"end":{"line":195,"column":14}},"25":{"start":{"line":196,"column":4},"end":{"line":196,"column":24}},"26":{"start":{"line":198,"column":2},"end":{"line":290,"column":4}},"27":{"start":{"line":212,"column":25},"end":{"line":212,"column":39}},"28":{"start":{"line":251,"column":16},"end":{"line":251,"column":40}},"29":{"start":{"line":252,"column":16},"end":{"line":252,"column":33}},"30":{"start":{"line":269,"column":37},"end":{"line":269,"column":76}},"31":{"start":{"line":274,"column":28},"end":{"line":274,"column":58}},"32":{"start":{"line":292,"column":15},"end":{"line":314,"column":2}}},"fnMap":{"0":{"name":"(anonymous_0)","decl":{"start":{"line":30,"column":56},"end":{"line":30,"column":57}},"loc":{"start":{"line":34,"column":6},"end":{"line":70,"column":1}},"line":34},"1":{"name":"(anonymous_1)","decl":{"start":{"line":64,"column":36},"end":{"line":64,"column":37}},"loc":{"start":{"line":64,"column":42},"end":{"line":64,"column":44}},"line":64},"2":{"name":"(anonymous_2)","decl":{"start":{"line":77,"column":58},"end":{"line":77,"column":59}},"loc":{"start":{"line":82,"column":6},"end":{"line":174,"column":1}},"line":82},"3":{"name":"(anonymous_3)","decl":{"start":{"line":84,"column":25},"end":{"line":84,"column":26}},"loc":{"start":{"line":84,"column":31},"end":{"line":90,"column":3}},"line":84},"4":{"name":"(anonymous_4)","decl":{"start":{"line":91,"column":18},"end":{"line":91,"column":19}},"loc":{"start":{"line":91,"column":24},"end":{"line":93,"column":3}},"line":91},"5":{"name":"(anonymous_5)","decl":{"start":{"line":94,"column":19},"end":{"line":94,"column":20}},"loc":{"start":{"line":94,"column":46},"end":{"line":97,"column":3}},"line":94},"6":{"name":"(anonymous_6)","decl":{"start":{"line":112,"column":19},"end":{"line":112,"column":20}},"loc":{"start":{"line":112,"column":25},"end":{"line":112,"column":39}},"line":112},"7":{"name":"(anonymous_7)","decl":{"start":{"line":126,"column":36},"end":{"line":126,"column":37}},"loc":{"start":{"line":126,"column":42},"end":{"line":126,"column":44}},"line":126},"8":{"name":"(anonymous_8)","decl":{"start":{"line":147,"column":24},"end":{"line":147,"column":25}},"loc":{"start":{"line":148,"column":14},"end":{"line":153,"column":16}},"line":148},"9":{"name":"(anonymous_9)","decl":{"start":{"line":155,"column":26},"end":{"line":155,"column":27}},"loc":{"start":{"line":155,"column":34},"end":{"line":157,"column":13}},"line":155},"10":{"name":"(anonymous_10)","decl":{"start":{"line":168,"column":22},"end":{"line":168,"column":23}},"loc":{"start":{"line":168,"column":28},"end":{"line":168,"column":30}},"line":168},"11":{"name":"(anonymous_11)","decl":{"start":{"line":182,"column":59},"end":{"line":182,"column":60}},"loc":{"start":{"line":188,"column":6},"end":{"line":291,"column":1}},"line":188},"12":{"name":"(anonymous_12)","decl":{"start":{"line":191,"column":18},"end":{"line":191,"column":19}},"loc":{"start":{"line":191,"column":24},"end":{"line":193,"column":3}},"line":191},"13":{"name":"(anonymous_13)","decl":{"start":{"line":194,"column":19},"end":{"line":194,"column":20}},"loc":{"start":{"line":194,"column":46},"end":{"line":197,"column":3}},"line":194},"14":{"name":"(anonymous_14)","decl":{"start":{"line":212,"column":19},"end":{"line":212,"column":20}},"loc":{"start":{"line":212,"column":25},"end":{"line":212,"column":39}},"line":212},"15":{"name":"(anonymous_15)","decl":{"start":{"line":225,"column":36},"end":{"line":225,"column":37}},"loc":{"start":{"line":225,"column":42},"end":{"line":225,"column":44}},"line":225},"16":{"name":"(anonymous_16)","decl":{"start":{"line":250,"column":23},"end":{"line":250,"column":24}},"loc":{"start":{"line":250,"column":29},"end":{"line":253,"column":15}},"line":250},"17":{"name":"(anonymous_17)","decl":{"start":{"line":269,"column":28},"end":{"line":269,"column":29}},"loc":{"start":{"line":269,"column":37},"end":{"line":269,"column":76}},"line":269},"18":{"name":"(anonymous_18)","decl":{"start":{"line":274,"column":22},"end":{"line":274,"column":23}},"loc":{"start":{"line":274,"column":28},"end":{"line":274,"column":58}},"line":274}},"branchMap":{"0":{"loc":{"start":{"line":60,"column":9},"end":{"line":66,"column":9}},"type":"binary-expr","locations":[{"start":{"line":60,"column":9},"end":{"line":60,"column":34}},{"start":{"line":60,"column":38},"end":{"line":60,"column":56}},{"start":{"line":61,"column":10},"end":{"line":65,"column":12}}],"line":60},"1":{"loc":{"start":{"line":116,"column":18},"end":{"line":116,"column":54}},"type":"cond-expr","locations":[{"start":{"line":116,"column":25},"end":{"line":116,"column":37}},{"start":{"line":116,"column":40},"end":{"line":116,"column":54}}],"line":116},"2":{"loc":{"start":{"line":122,"column":9},"end":{"line":128,"column":9}},"type":"binary-expr","locations":[{"start":{"line":122,"column":9},"end":{"line":122,"column":34}},{"start":{"line":122,"column":38},"end":{"line":122,"column":56}},{"start":{"line":123,"column":10},"end":{"line":127,"column":12}}],"line":122},"3":{"loc":{"start":{"line":130,"column":7},"end":{"line":160,"column":7}},"type":"binary-expr","locations":[{"start":{"line":130,"column":7},"end":{"line":130,"column":11}},{"start":{"line":131,"column":8},"end":{"line":159,"column":34}}],"line":130},"4":{"loc":{"start":{"line":162,"column":7},"end":{"line":171,"column":7}},"type":"binary-expr","locations":[{"start":{"line":162,"column":7},"end":{"line":162,"column":35}},{"start":{"line":162,"column":39},"end":{"line":162,"column":59}},{"start":{"line":163,"column":8},"end":{"line":170,"column":15}}],"line":162},"5":{"loc":{"start":{"line":215,"column":18},"end":{"line":215,"column":54}},"type":"cond-expr","locations":[{"start":{"line":215,"column":25},"end":{"line":215,"column":37}},{"start":{"line":215,"column":40},"end":{"line":215,"column":54}}],"line":215},"6":{"loc":{"start":{"line":221,"column":9},"end":{"line":227,"column":9}},"type":"binary-expr","locations":[{"start":{"line":221,"column":9},"end":{"line":221,"column":34}},{"start":{"line":221,"column":38},"end":{"line":221,"column":56}},{"start":{"line":222,"column":10},"end":{"line":226,"column":12}}],"line":221},"7":{"loc":{"start":{"line":230,"column":9},"end":{"line":261,"column":9}},"type":"binary-expr","locations":[{"start":{"line":230,"column":9},"end":{"line":230,"column":37}},{"start":{"line":230,"column":41},"end":{"line":230,"column":62}},{"start":{"line":231,"column":10},"end":{"line":260,"column":17}}],"line":230},"8":{"loc":{"start":{"line":263,"column":7},"end":{"line":288,"column":7}},"type":"binary-expr","locations":[{"start":{"line":263,"column":7},"end":{"line":263,"column":11}},{"start":{"line":264,"column":8},"end":{"line":287,"column":31}}],"line":263},"9":{"loc":{"start":{"line":265,"column":20},"end":{"line":265,"column":64}},"type":"cond-expr","locations":[{"start":{"line":265,"column":44},"end":{"line":265,"column":53}},{"start":{"line":265,"column":56},"end":{"line":265,"column":64}}],"line":265}},"s":{"0":3,"1":14,"2":3,"3":16,"4":16,"5":2,"6":2,"7":32,"8":2,"9":16,"10":0,"11":16,"12":0,"13":0,"14":16,"15":2,"16":120,"17":156,"18":3,"19":14,"20":14,"21":14,"22":0,"23":14,"24":0,"25":0,"26":14,"27":0,"28":0,"29":0,"30":0,"31":0,"32":3},"f":{"0":14,"1":0,"2":16,"3":2,"4":0,"5":0,"6":2,"7":0,"8":120,"9":156,"10":0,"11":14,"12":0,"13":0,"14":0,"15":0,"16":0,"17":0,"18":0},"b":{"0":[14,0,0],"1":[12,4],"2":[16,0,0],"3":[16,12],"4":[16,0,0],"5":[0,14],"6":[14,0,0],"7":[14,0,0],"8":[14,0],"9":[0,0]},"_coverageSchema":"1a1c01bbd47fc00a2c39e90264f33305004495a9","hash":"aef4aaa3ef2bcef7773beaec9d50cc60d23e151e"}
,"E:\\IMP PROJECT\\foundo\\foundo-app 1.1\\foundo-app\\src\\components\\atoms\\LogInButtonComponent.tsx": {"path":"E:\\IMP PROJECT\\foundo\\foundo-app 1.1\\foundo-app\\src\\components\\atoms\\LogInButtonComponent.tsx","statementMap":{"0":{"start":{"line":8,"column":46},"end":{"line":17,"column":1}},"1":{"start":{"line":9,"column":2},"end":{"line":16,"column":4}},"2":{"start":{"line":11,"column":21},"end":{"line":11,"column":47}},"3":{"start":{"line":19,"column":15},"end":{"line":32,"column":2}}},"fnMap":{"0":{"name":"(anonymous_0)","decl":{"start":{"line":8,"column":46},"end":{"line":8,"column":47}},"loc":{"start":{"line":8,"column":73},"end":{"line":17,"column":1}},"line":8},"1":{"name":"(anonymous_1)","decl":{"start":{"line":11,"column":15},"end":{"line":11,"column":16}},"loc":{"start":{"line":11,"column":21},"end":{"line":11,"column":47}},"line":11}},"branchMap":{},"s":{"0":5,"1":1,"2":0,"3":5},"f":{"0":1,"1":0},"b":{},"_coverageSchema":"1a1c01bbd47fc00a2c39e90264f33305004495a9","hash":"9c79ca00dba724ba48f9dce258c8b06af29fcda5"}
,"E:\\IMP PROJECT\\foundo\\foundo-app 1.1\\foundo-app\\src\\components\\atoms\\LogoutButtonComponent.tsx": {"path":"E:\\IMP PROJECT\\foundo\\foundo-app 1.1\\foundo-app\\src\\components\\atoms\\LogoutButtonComponent.tsx","statementMap":{"0":{"start":{"line":19,"column":47},"end":{"line":30,"column":1}},"1":{"start":{"line":20,"column":21},"end":{"line":23,"column":3}},"2":{"start":{"line":21,"column":4},"end":{"line":21,"column":17}},"3":{"start":{"line":22,"column":4},"end":{"line":22,"column":31}},"4":{"start":{"line":24,"column":2},"end":{"line":29,"column":4}},"5":{"start":{"line":32,"column":15},"end":{"line":44,"column":2}}},"fnMap":{"0":{"name":"(anonymous_0)","decl":{"start":{"line":19,"column":47},"end":{"line":19,"column":48}},"loc":{"start":{"line":19,"column":67},"end":{"line":30,"column":1}},"line":19},"1":{"name":"(anonymous_1)","decl":{"start":{"line":20,"column":21},"end":{"line":20,"column":22}},"loc":{"start":{"line":20,"column":27},"end":{"line":23,"column":3}},"line":20}},"branchMap":{},"s":{"0":2,"1":0,"2":0,"3":0,"4":0,"5":2},"f":{"0":0,"1":0},"b":{},"_coverageSchema":"1a1c01bbd47fc00a2c39e90264f33305004495a9","hash":"16f7cf8372ebd163ca22e18408358ab37bca80c5"}
,"E:\\IMP PROJECT\\foundo\\foundo-app 1.1\\foundo-app\\src\\components\\atoms\\MiniItemColorIcon.tsx": {"path":"E:\\IMP PROJECT\\foundo\\foundo-app 1.1\\foundo-app\\src\\components\\atoms\\MiniItemColorIcon.tsx","statementMap":{"0":{"start":{"line":14,"column":43},"end":{"line":64,"column":1}},"1":{"start":{"line":21,"column":2},"end":{"line":63,"column":4}},"2":{"start":{"line":27,"column":24},"end":{"line":27,"column":67}},"3":{"start":{"line":66,"column":15},"end":{"line":88,"column":2}}},"fnMap":{"0":{"name":"(anonymous_0)","decl":{"start":{"line":14,"column":43},"end":{"line":14,"column":44}},"loc":{"start":{"line":20,"column":6},"end":{"line":64,"column":1}},"line":20},"1":{"name":"(anonymous_1)","decl":{"start":{"line":27,"column":18},"end":{"line":27,"column":19}},"loc":{"start":{"line":27,"column":24},"end":{"line":27,"column":67}},"line":27}},"branchMap":{"0":{"loc":{"start":{"line":25,"column":12},"end":{"line":25,"column":70}},"type":"cond-expr","locations":[{"start":{"line":25,"column":25},"end":{"line":25,"column":44}},{"start":{"line":25,"column":47},"end":{"line":25,"column":70}}],"line":25},"1":{"loc":{"start":{"line":27,"column":42},"end":{"line":27,"column":64}},"type":"cond-expr","locations":[{"start":{"line":27,"column":55},"end":{"line":27,"column":57}},{"start":{"line":27,"column":60},"end":{"line":27,"column":64}}],"line":27},"2":{"loc":{"start":{"line":46,"column":14},"end":{"line":46,"column":76}},"type":"cond-expr","locations":[{"start":{"line":46,"column":27},"end":{"line":46,"column":50}},{"start":{"line":46,"column":53},"end":{"line":46,"column":76}}],"line":46},"3":{"loc":{"start":{"line":51,"column":7},"end":{"line":61,"column":14}},"type":"cond-expr","locations":[{"start":{"line":52,"column":8},"end":{"line":60,"column":10}},{"start":{"line":61,"column":10},"end":{"line":61,"column":14}}],"line":51},"4":{"loc":{"start":{"line":54,"column":12},"end":{"line":56,"column":58}},"type":"cond-expr","locations":[{"start":{"line":55,"column":16},"end":{"line":55,"column":58}},{"start":{"line":56,"column":16},"end":{"line":56,"column":58}}],"line":54}},"s":{"0":4,"1":120,"2":0,"3":4},"f":{"0":120,"1":0},"b":{"0":[0,120],"1":[0,0],"2":[0,120],"3":[0,120],"4":[0,0]},"_coverageSchema":"1a1c01bbd47fc00a2c39e90264f33305004495a9","hash":"360220224f4b67b49143c9d78d578553c16466bf"}
,"E:\\IMP PROJECT\\foundo\\foundo-app 1.1\\foundo-app\\src\\components\\atoms\\MiniItemTextIcon.tsx": {"path":"E:\\IMP PROJECT\\foundo\\foundo-app 1.1\\foundo-app\\src\\components\\atoms\\MiniItemTextIcon.tsx","statementMap":{"0":{"start":{"line":13,"column":42},"end":{"line":48,"column":1}},"1":{"start":{"line":18,"column":2},"end":{"line":47,"column":4}},"2":{"start":{"line":25,"column":8},"end":{"line":25,"column":68}},"3":{"start":{"line":50,"column":15},"end":{"line":72,"column":2}}},"fnMap":{"0":{"name":"(anonymous_0)","decl":{"start":{"line":13,"column":42},"end":{"line":13,"column":43}},"loc":{"start":{"line":17,"column":6},"end":{"line":48,"column":1}},"line":17},"1":{"name":"(anonymous_1)","decl":{"start":{"line":24,"column":18},"end":{"line":24,"column":19}},"loc":{"start":{"line":25,"column":8},"end":{"line":25,"column":68}},"line":25}},"branchMap":{"0":{"loc":{"start":{"line":22,"column":12},"end":{"line":22,"column":70}},"type":"cond-expr","locations":[{"start":{"line":22,"column":25},"end":{"line":22,"column":44}},{"start":{"line":22,"column":47},"end":{"line":22,"column":70}}],"line":22},"1":{"loc":{"start":{"line":25,"column":43},"end":{"line":25,"column":65}},"type":"cond-expr","locations":[{"start":{"line":25,"column":56},"end":{"line":25,"column":58}},{"start":{"line":25,"column":61},"end":{"line":25,"column":65}}],"line":25},"2":{"loc":{"start":{"line":31,"column":14},"end":{"line":31,"column":76}},"type":"cond-expr","locations":[{"start":{"line":31,"column":27},"end":{"line":31,"column":50}},{"start":{"line":31,"column":53},"end":{"line":31,"column":76}}],"line":31},"3":{"loc":{"start":{"line":35,"column":7},"end":{"line":45,"column":14}},"type":"cond-expr","locations":[{"start":{"line":36,"column":8},"end":{"line":44,"column":10}},{"start":{"line":45,"column":10},"end":{"line":45,"column":14}}],"line":35},"4":{"loc":{"start":{"line":38,"column":12},"end":{"line":40,"column":58}},"type":"cond-expr","locations":[{"start":{"line":39,"column":16},"end":{"line":39,"column":58}},{"start":{"line":40,"column":16},"end":{"line":40,"column":58}}],"line":38}},"s":{"0":4,"1":40,"2":0,"3":4},"f":{"0":40,"1":0},"b":{"0":[0,40],"1":[0,0],"2":[0,40],"3":[0,40],"4":[0,0]},"_coverageSchema":"1a1c01bbd47fc00a2c39e90264f33305004495a9","hash":"2fcae60909a46a340521845d795848f596faab7c"}
,"E:\\IMP PROJECT\\foundo\\foundo-app 1.1\\foundo-app\\src\\components\\atoms\\NotLoggedInComponent.tsx": {"path":"E:\\IMP PROJECT\\foundo\\foundo-app 1.1\\foundo-app\\src\\components\\atoms\\NotLoggedInComponent.tsx","statementMap":{"0":{"start":{"line":20,"column":46},"end":{"line":46,"column":1}},"1":{"start":{"line":27,"column":2},"end":{"line":45,"column":4}}},"fnMap":{"0":{"name":"(anonymous_0)","decl":{"start":{"line":20,"column":46},"end":{"line":20,"column":47}},"loc":{"start":{"line":26,"column":6},"end":{"line":46,"column":1}},"line":26}},"branchMap":{"0":{"loc":{"start":{"line":24,"column":2},"end":{"line":24,"column":30}},"type":"default-arg","locations":[{"start":{"line":24,"column":20},"end":{"line":24,"column":30}}],"line":24},"1":{"loc":{"start":{"line":25,"column":2},"end":{"line":25,"column":24}},"type":"default-arg","locations":[{"start":{"line":25,"column":17},"end":{"line":25,"column":24}}],"line":25}},"s":{"0":5,"1":1},"f":{"0":1},"b":{"0":[0],"1":[1]},"_coverageSchema":"1a1c01bbd47fc00a2c39e90264f33305004495a9","hash":"12886f36f1ee2fd89a3a1a3eb5f89419fc4cadf4"}
,"E:\\IMP PROJECT\\foundo\\foundo-app 1.1\\foundo-app\\src\\components\\atoms\\OTPInputBox.tsx": {"path":"E:\\IMP PROJECT\\foundo\\foundo-app 1.1\\foundo-app\\src\\components\\atoms\\OTPInputBox.tsx","statementMap":{"0":{"start":{"line":10,"column":20},"end":{"line":42,"column":1}},"1":{"start":{"line":21,"column":4},"end":{"line":40,"column":6}}},"fnMap":{"0":{"name":"(anonymous_0)","decl":{"start":{"line":11,"column":2},"end":{"line":11,"column":3}},"loc":{"start":{"line":20,"column":7},"end":{"line":41,"column":3}},"line":20}},"branchMap":{},"s":{"0":2,"1":0},"f":{"0":0},"b":{},"_coverageSchema":"1a1c01bbd47fc00a2c39e90264f33305004495a9","hash":"318ed165428b061d526331e9f757ced5492448b7"}
,"E:\\IMP PROJECT\\foundo\\foundo-app 1.1\\foundo-app\\src\\components\\atoms\\ToggleComponent.tsx": {"path":"E:\\IMP PROJECT\\foundo\\foundo-app 1.1\\foundo-app\\src\\components\\atoms\\ToggleComponent.tsx","statementMap":{"0":{"start":{"line":7,"column":41},"end":{"line":20,"column":1}},"1":{"start":{"line":8,"column":2},"end":{"line":19,"column":4}},"2":{"start":{"line":21,"column":15},"end":{"line":23,"column":2}}},"fnMap":{"0":{"name":"(anonymous_0)","decl":{"start":{"line":7,"column":41},"end":{"line":7,"column":42}},"loc":{"start":{"line":7,"column":66},"end":{"line":20,"column":1}},"line":7}},"branchMap":{"0":{"loc":{"start":{"line":12,"column":20},"end":{"line":12,"column":55}},"type":"cond-expr","locations":[{"start":{"line":12,"column":28},"end":{"line":12,"column":40}},{"start":{"line":12,"column":43},"end":{"line":12,"column":55}}],"line":12}},"s":{"0":2,"1":0,"2":2},"f":{"0":0},"b":{"0":[0,0]},"_coverageSchema":"1a1c01bbd47fc00a2c39e90264f33305004495a9","hash":"b8c3c5d98654a0c954cf3521ad19a0f7b80058e2"}
,"E:\\IMP PROJECT\\foundo\\foundo-app 1.1\\foundo-app\\src\\components\\atoms\\Map\\PickMapComponent.tsx": {"path":"E:\\IMP PROJECT\\foundo\\foundo-app 1.1\\foundo-app\\src\\components\\atoms\\Map\\PickMapComponent.tsx","statementMap":{"0":{"start":{"line":17,"column":42},"end":{"line":97,"column":1}},"1":{"start":{"line":18,"column":21},"end":{"line":18,"column":30}},"2":{"start":{"line":19,"column":38},"end":{"line":19,"column":53}},"3":{"start":{"line":20,"column":34},"end":{"line":22,"column":3}},"4":{"start":{"line":24,"column":24},"end":{"line":34,"column":3}},"5":{"start":{"line":25,"column":23},"end":{"line":25,"column":43}},"6":{"start":{"line":30,"column":4},"end":{"line":30,"column":24}},"7":{"start":{"line":31,"column":4},"end":{"line":31,"column":73}},"8":{"start":{"line":33,"column":4},"end":{"line":33,"column":25}},"9":{"start":{"line":36,"column":25},"end":{"line":38,"column":3}},"10":{"start":{"line":37,"column":4},"end":{"line":37,"column":41}},"11":{"start":{"line":40,"column":2},"end":{"line":96,"column":4}},"12":{"start":{"line":54,"column":21},"end":{"line":54,"column":32}},"13":{"start":{"line":98,"column":15},"end":{"line":104,"column":2}}},"fnMap":{"0":{"name":"(anonymous_0)","decl":{"start":{"line":17,"column":42},"end":{"line":17,"column":43}},"loc":{"start":{"line":17,"column":74},"end":{"line":97,"column":1}},"line":17},"1":{"name":"(anonymous_1)","decl":{"start":{"line":24,"column":24},"end":{"line":24,"column":25}},"loc":{"start":{"line":24,"column":36},"end":{"line":34,"column":3}},"line":24},"2":{"name":"(anonymous_2)","decl":{"start":{"line":36,"column":25},"end":{"line":36,"column":26}},"loc":{"start":{"line":36,"column":41},"end":{"line":38,"column":3}},"line":36},"3":{"name":"(anonymous_3)","decl":{"start":{"line":54,"column":13},"end":{"line":54,"column":14}},"loc":{"start":{"line":54,"column":21},"end":{"line":54,"column":32}},"line":54}},"branchMap":{"0":{"loc":{"start":{"line":52,"column":7},"end":{"line":52,"column":78}},"type":"binary-expr","locations":[{"start":{"line":52,"column":7},"end":{"line":52,"column":17}},{"start":{"line":52,"column":21},"end":{"line":52,"column":78}}],"line":52}},"s":{"0":5,"1":0,"2":0,"3":0,"4":0,"5":0,"6":0,"7":0,"8":0,"9":0,"10":0,"11":0,"12":0,"13":5},"f":{"0":0,"1":0,"2":0,"3":0},"b":{"0":[0,0]},"_coverageSchema":"1a1c01bbd47fc00a2c39e90264f33305004495a9","hash":"e453e51d95c6b9aad783568ce2925e18c02ce5ea"}
,"E:\\IMP PROJECT\\foundo\\foundo-app 1.1\\foundo-app\\src\\components\\atoms\\Map\\ShowMapComponent.tsx": {"path":"E:\\IMP PROJECT\\foundo\\foundo-app 1.1\\foundo-app\\src\\components\\atoms\\Map\\ShowMapComponent.tsx","statementMap":{"0":{"start":{"line":8,"column":42},"end":{"line":39,"column":1}},"1":{"start":{"line":9,"column":20},"end":{"line":9,"column":29}},"2":{"start":{"line":11,"column":2},"end":{"line":38,"column":4}},"3":{"start":{"line":30,"column":21},"end":{"line":30,"column":31}},"4":{"start":{"line":40,"column":15},"end":{"line":46,"column":2}}},"fnMap":{"0":{"name":"(anonymous_0)","decl":{"start":{"line":8,"column":42},"end":{"line":8,"column":43}},"loc":{"start":{"line":8,"column":71},"end":{"line":39,"column":1}},"line":8},"1":{"name":"(anonymous_1)","decl":{"start":{"line":30,"column":13},"end":{"line":30,"column":14}},"loc":{"start":{"line":30,"column":21},"end":{"line":30,"column":31}},"line":30}},"branchMap":{},"s":{"0":4,"1":0,"2":0,"3":0,"4":4},"f":{"0":0,"1":0},"b":{},"_coverageSchema":"1a1c01bbd47fc00a2c39e90264f33305004495a9","hash":"0c4112f8b0242c0ce0176d1a685d96582a714274"}
,"E:\\IMP PROJECT\\foundo\\foundo-app 1.1\\foundo-app\\src\\components\\atoms\\Map\\pickMapTemplate.js": {"path":"E:\\IMP PROJECT\\foundo\\foundo-app 1.1\\foundo-app\\src\\components\\atoms\\Map\\pickMapTemplate.js","statementMap":{"0":{"start":{"line":1,"column":37},"end":{"line":47,"column":1}},"1":{"start":{"line":2,"column":2},"end":{"line":46,"column":2}}},"fnMap":{"0":{"name":"(anonymous_0)","decl":{"start":{"line":1,"column":37},"end":{"line":1,"column":38}},"loc":{"start":{"line":1,"column":66},"end":{"line":47,"column":1}},"line":1}},"branchMap":{},"s":{"0":5,"1":0},"f":{"0":0},"b":{},"_coverageSchema":"1a1c01bbd47fc00a2c39e90264f33305004495a9","hash":"13b38cfc0760cd3a9ee12b3bf815523ba56caf9a"}
,"E:\\IMP PROJECT\\foundo\\foundo-app 1.1\\foundo-app\\src\\components\\atoms\\Map\\showMapTemplate.js": {"path":"E:\\IMP PROJECT\\foundo\\foundo-app 1.1\\foundo-app\\src\\components\\atoms\\Map\\showMapTemplate.js","statementMap":{"0":{"start":{"line":1,"column":31},"end":{"line":50,"column":1}},"1":{"start":{"line":2,"column":2},"end":{"line":49,"column":2}}},"fnMap":{"0":{"name":"(anonymous_0)","decl":{"start":{"line":1,"column":31},"end":{"line":1,"column":32}},"loc":{"start":{"line":1,"column":60},"end":{"line":50,"column":1}},"line":1}},"branchMap":{},"s":{"0":4,"1":0},"f":{"0":0},"b":{},"_coverageSchema":"1a1c01bbd47fc00a2c39e90264f33305004495a9","hash":"5fa9a9ec0a8433b7fae8c3f42d5f962dd03a544e"}
,"E:\\IMP PROJECT\\foundo\\foundo-app 1.1\\foundo-app\\src\\components\\atoms\\ProgressBar\\StepWiseProgress.tsx": {"path":"E:\\IMP PROJECT\\foundo\\foundo-app 1.1\\foundo-app\\src\\components\\atoms\\ProgressBar\\StepWiseProgress.tsx","statementMap":{"0":{"start":{"line":8,"column":41},"end":{"line":26,"column":1}},"1":{"start":{"line":9,"column":2},"end":{"line":25,"column":4}},"2":{"start":{"line":12,"column":8},"end":{"line":22,"column":15}},"3":{"start":{"line":27,"column":15},"end":{"line":54,"column":2}}},"fnMap":{"0":{"name":"(anonymous_0)","decl":{"start":{"line":8,"column":41},"end":{"line":8,"column":42}},"loc":{"start":{"line":8,"column":77},"end":{"line":26,"column":1}},"line":8},"1":{"name":"(anonymous_1)","decl":{"start":{"line":11,"column":51},"end":{"line":11,"column":52}},"loc":{"start":{"line":12,"column":8},"end":{"line":22,"column":15}},"line":12}},"branchMap":{"0":{"loc":{"start":{"line":19,"column":14},"end":{"line":19,"column":63}},"type":"cond-expr","locations":[{"start":{"line":19,"column":36},"end":{"line":19,"column":56}},{"start":{"line":19,"column":59},"end":{"line":19,"column":63}}],"line":19}},"s":{"0":3,"1":0,"2":0,"3":3},"f":{"0":0,"1":0},"b":{"0":[0,0]},"_coverageSchema":"1a1c01bbd47fc00a2c39e90264f33305004495a9","hash":"757267aa2776572fb3a2c408f303168b88e0af4a"}
,"E:\\IMP PROJECT\\foundo\\foundo-app 1.1\\foundo-app\\src\\components\\molecules\\Animation\\AnimatedComponent.tsx": {"path":"E:\\IMP PROJECT\\foundo\\foundo-app 1.1\\foundo-app\\src\\components\\molecules\\Animation\\AnimatedComponent.tsx","statementMap":{"0":{"start":{"line":13,"column":43},"end":{"line":65,"column":1}},"1":{"start":{"line":21,"column":2},"end":{"line":64,"column":4}}},"fnMap":{"0":{"name":"(anonymous_0)","decl":{"start":{"line":13,"column":43},"end":{"line":13,"column":44}},"loc":{"start":{"line":20,"column":6},"end":{"line":65,"column":1}},"line":20}},"branchMap":{"0":{"loc":{"start":{"line":18,"column":2},"end":{"line":18,"column":21}},"type":"default-arg","locations":[{"start":{"line":18,"column":16},"end":{"line":18,"column":21}}],"line":18},"1":{"loc":{"start":{"line":32,"column":27},"end":{"line":34,"column":39}},"type":"cond-expr","locations":[{"start":{"line":33,"column":14},"end":{"line":33,"column":27}},{"start":{"line":34,"column":14},"end":{"line":34,"column":39}}],"line":32}},"s":{"0":6,"1":5},"f":{"0":5},"b":{"0":[2],"1":[3,2]},"_coverageSchema":"1a1c01bbd47fc00a2c39e90264f33305004495a9","hash":"48fea5c4698c0f7e7d8ca6ae2f2b80b5a90a2a23"}
,"E:\\IMP PROJECT\\foundo\\foundo-app 1.1\\foundo-app\\src\\components\\molecules\\Animation\\AnimatedImageComponent.tsx": {"path":"E:\\IMP PROJECT\\foundo\\foundo-app 1.1\\foundo-app\\src\\components\\molecules\\Animation\\AnimatedImageComponent.tsx","statementMap":{"0":{"start":{"line":29,"column":48},"end":{"line":115,"column":1}},"1":{"start":{"line":30,"column":61},"end":{"line":30,"column":76}},"2":{"start":{"line":31,"column":23},"end":{"line":31,"column":26}},"3":{"start":{"line":32,"column":20},"end":{"line":32,"column":52}},"4":{"start":{"line":33,"column":20},"end":{"line":33,"column":37}},"5":{"start":{"line":34,"column":17},"end":{"line":34,"column":34}},"6":{"start":{"line":35,"column":17},"end":{"line":35,"column":36}},"7":{"start":{"line":36,"column":20},"end":{"line":36,"column":48}},"8":{"start":{"line":37,"column":21},"end":{"line":83,"column":6}},"9":{"start":{"line":39,"column":6},"end":{"line":55,"column":7}},"10":{"start":{"line":40,"column":8},"end":{"line":40,"column":41}},"11":{"start":{"line":41,"column":8},"end":{"line":41,"column":56}},"12":{"start":{"line":42,"column":8},"end":{"line":42,"column":58}},"13":{"start":{"line":44,"column":8},"end":{"line":44,"column":56}},"14":{"start":{"line":45,"column":13},"end":{"line":55,"column":7}},"15":{"start":{"line":46,"column":8},"end":{"line":46,"column":56}},"16":{"start":{"line":47,"column":8},"end":{"line":47,"column":41}},"17":{"start":{"line":48,"column":8},"end":{"line":48,"column":56}},"18":{"start":{"line":49,"column":8},"end":{"line":49,"column":58}},"19":{"start":{"line":51,"column":8},"end":{"line":51,"column":57}},"20":{"start":{"line":52,"column":8},"end":{"line":52,"column":41}},"21":{"start":{"line":53,"column":8},"end":{"line":53,"column":56}},"22":{"start":{"line":54,"column":8},"end":{"line":54,"column":58}},"23":{"start":{"line":58,"column":6},"end":{"line":82,"column":7}},"24":{"start":{"line":59,"column":8},"end":{"line":59,"column":70}},"25":{"start":{"line":60,"column":8},"end":{"line":60,"column":42}},"26":{"start":{"line":61,"column":8},"end":{"line":61,"column":39}},"27":{"start":{"line":62,"column":8},"end":{"line":62,"column":37}},"28":{"start":{"line":63,"column":8},"end":{"line":63,"column":59}},"29":{"start":{"line":64,"column":13},"end":{"line":82,"column":7}},"30":{"start":{"line":65,"column":8},"end":{"line":65,"column":59}},"31":{"start":{"line":66,"column":8},"end":{"line":66,"column":43}},"32":{"start":{"line":67,"column":8},"end":{"line":67,"column":37}},"33":{"start":{"line":68,"column":8},"end":{"line":68,"column":39}},"34":{"start":{"line":69,"column":8},"end":{"line":69,"column":70}},"35":{"start":{"line":70,"column":13},"end":{"line":82,"column":7}},"36":{"start":{"line":71,"column":8},"end":{"line":71,"column":59}},"37":{"start":{"line":72,"column":8},"end":{"line":72,"column":43}},"38":{"start":{"line":73,"column":8},"end":{"line":73,"column":37}},"39":{"start":{"line":74,"column":8},"end":{"line":74,"column":39}},"40":{"start":{"line":75,"column":8},"end":{"line":75,"column":70}},"41":{"start":{"line":77,"column":8},"end":{"line":77,"column":71}},"42":{"start":{"line":78,"column":8},"end":{"line":78,"column":41}},"43":{"start":{"line":79,"column":8},"end":{"line":79,"column":39}},"44":{"start":{"line":80,"column":8},"end":{"line":80,"column":37}},"45":{"start":{"line":81,"column":8},"end":{"line":81,"column":59}},"46":{"start":{"line":84,"column":24},"end":{"line":86,"column":5}},"47":{"start":{"line":84,"column":48},"end":{"line":86,"column":3}},"48":{"start":{"line":87,"column":25},"end":{"line":89,"column":5}},"49":{"start":{"line":87,"column":49},"end":{"line":89,"column":3}},"50":{"start":{"line":90,"column":2},"end":{"line":114,"column":4}},"51":{"start":{"line":116,"column":15},"end":{"line":126,"column":2}}},"fnMap":{"0":{"name":"(anonymous_0)","decl":{"start":{"line":29,"column":48},"end":{"line":29,"column":49}},"loc":{"start":{"line":29,"column":62},"end":{"line":115,"column":1}},"line":29},"1":{"name":"(anonymous_1)","decl":{"start":{"line":38,"column":14},"end":{"line":38,"column":15}},"loc":{"start":{"line":38,"column":21},"end":{"line":56,"column":5}},"line":38},"2":{"name":"(anonymous_2)","decl":{"start":{"line":57,"column":11},"end":{"line":57,"column":12}},"loc":{"start":{"line":57,"column":18},"end":{"line":83,"column":5}},"line":57},"3":{"name":"(anonymous_3)","decl":{"start":{"line":84,"column":41},"end":{"line":84,"column":42}},"loc":{"start":{"line":84,"column":48},"end":{"line":86,"column":3}},"line":84},"4":{"name":"(anonymous_4)","decl":{"start":{"line":87,"column":42},"end":{"line":87,"column":43}},"loc":{"start":{"line":87,"column":49},"end":{"line":89,"column":3}},"line":87}},"branchMap":{"0":{"loc":{"start":{"line":39,"column":6},"end":{"line":55,"column":7}},"type":"if","locations":[{"start":{"line":39,"column":6},"end":{"line":55,"column":7}},{"start":{"line":45,"column":13},"end":{"line":55,"column":7}}],"line":39},"1":{"loc":{"start":{"line":45,"column":13},"end":{"line":55,"column":7}},"type":"if","locations":[{"start":{"line":45,"column":13},"end":{"line":55,"column":7}},{"start":{"line":50,"column":13},"end":{"line":55,"column":7}}],"line":45},"2":{"loc":{"start":{"line":58,"column":6},"end":{"line":82,"column":7}},"type":"if","locations":[{"start":{"line":58,"column":6},"end":{"line":82,"column":7}},{"start":{"line":64,"column":13},"end":{"line":82,"column":7}}],"line":58},"3":{"loc":{"start":{"line":64,"column":13},"end":{"line":82,"column":7}},"type":"if","locations":[{"start":{"line":64,"column":13},"end":{"line":82,"column":7}},{"start":{"line":70,"column":13},"end":{"line":82,"column":7}}],"line":64},"4":{"loc":{"start":{"line":64,"column":17},"end":{"line":64,"column":76}},"type":"binary-expr","locations":[{"start":{"line":64,"column":17},"end":{"line":64,"column":37}},{"start":{"line":64,"column":41},"end":{"line":64,"column":76}}],"line":64},"5":{"loc":{"start":{"line":70,"column":13},"end":{"line":82,"column":7}},"type":"if","locations":[{"start":{"line":70,"column":13},"end":{"line":82,"column":7}},{"start":{"line":76,"column":13},"end":{"line":82,"column":7}}],"line":70},"6":{"loc":{"start":{"line":70,"column":17},"end":{"line":70,"column":76}},"type":"binary-expr","locations":[{"start":{"line":70,"column":17},"end":{"line":70,"column":36}},{"start":{"line":70,"column":40},"end":{"line":70,"column":76}}],"line":70},"7":{"loc":{"start":{"line":104,"column":9},"end":{"line":111,"column":9}},"type":"binary-expr","locations":[{"start":{"line":104,"column":9},"end":{"line":104,"column":24}},{"start":{"line":105,"column":10},"end":{"line":110,"column":26}}],"line":104}},"s":{"0":4,"1":10,"2":10,"3":10,"4":10,"5":10,"6":10,"7":10,"8":10,"9":0,"10":0,"11":0,"12":0,"13":0,"14":0,"15":0,"16":0,"17":0,"18":0,"19":0,"20":0,"21":0,"22":0,"23":0,"24":0,"25":0,"26":0,"27":0,"28":0,"29":0,"30":0,"31":0,"32":0,"33":0,"34":0,"35":0,"36":0,"37":0,"38":0,"39":0,"40":0,"41":0,"42":0,"43":0,"44":0,"45":0,"46":10,"47":12,"48":10,"49":12,"50":10,"51":4},"f":{"0":10,"1":0,"2":0,"3":12,"4":12},"b":{"0":[0,0],"1":[0,0],"2":[0,0],"3":[0,0],"4":[0,0],"5":[0,0],"6":[0,0],"7":[10,10]},"_coverageSchema":"1a1c01bbd47fc00a2c39e90264f33305004495a9","hash":"cec838b93fef7d3d05eba32c323f7afc274dc6b0"}
,"E:\\IMP PROJECT\\foundo\\foundo-app 1.1\\foundo-app\\src\\components\\molecules\\Animation\\AnimatedObject.tsx": {"path":"E:\\IMP PROJECT\\foundo\\foundo-app 1.1\\foundo-app\\src\\components\\molecules\\Animation\\AnimatedObject.tsx","statementMap":{"0":{"start":{"line":11,"column":40},"end":{"line":55,"column":1}},"1":{"start":{"line":17,"column":2},"end":{"line":54,"column":4}}},"fnMap":{"0":{"name":"(anonymous_0)","decl":{"start":{"line":11,"column":40},"end":{"line":11,"column":41}},"loc":{"start":{"line":16,"column":6},"end":{"line":55,"column":1}},"line":16}},"branchMap":{"0":{"loc":{"start":{"line":14,"column":2},"end":{"line":14,"column":13}},"type":"default-arg","locations":[{"start":{"line":14,"column":10},"end":{"line":14,"column":13}}],"line":14},"1":{"loc":{"start":{"line":15,"column":2},"end":{"line":15,"column":14}},"type":"default-arg","locations":[{"start":{"line":15,"column":11},"end":{"line":15,"column":14}}],"line":15}},"s":{"0":6,"1":7},"f":{"0":7},"b":{"0":[7],"1":[7]},"_coverageSchema":"1a1c01bbd47fc00a2c39e90264f33305004495a9","hash":"953486e34a2b8431c1b2a1dea3fa97de5615b0ac"}
,"E:\\IMP PROJECT\\foundo\\foundo-app 1.1\\foundo-app\\src\\components\\molecules\\Animation\\AnimationTranslateScale.tsx": {"path":"E:\\IMP PROJECT\\foundo\\foundo-app 1.1\\foundo-app\\src\\components\\molecules\\Animation\\AnimationTranslateScale.tsx","statementMap":{"0":{"start":{"line":13,"column":49},"end":{"line":72,"column":1}},"1":{"start":{"line":23,"column":20},"end":{"line":23,"column":57}},"2":{"start":{"line":24,"column":21},"end":{"line":27,"column":4}},"3":{"start":{"line":28,"column":21},"end":{"line":31,"column":4}},"4":{"start":{"line":32,"column":16},"end":{"line":32,"column":53}},"5":{"start":{"line":33,"column":21},"end":{"line":36,"column":4}},"6":{"start":{"line":38,"column":20},"end":{"line":38,"column":57}},"7":{"start":{"line":39,"column":2},"end":{"line":58,"column":36}},"8":{"start":{"line":40,"column":4},"end":{"line":57,"column":15}},"9":{"start":{"line":59,"column":2},"end":{"line":71,"column":4}},"10":{"start":{"line":74,"column":15},"end":{"line":81,"column":2}}},"fnMap":{"0":{"name":"(anonymous_0)","decl":{"start":{"line":13,"column":49},"end":{"line":13,"column":50}},"loc":{"start":{"line":22,"column":6},"end":{"line":72,"column":1}},"line":22},"1":{"name":"(anonymous_1)","decl":{"start":{"line":39,"column":12},"end":{"line":39,"column":13}},"loc":{"start":{"line":39,"column":18},"end":{"line":58,"column":3}},"line":39}},"branchMap":{"0":{"loc":{"start":{"line":26,"column":17},"end":{"line":26,"column":60}},"type":"cond-expr","locations":[{"start":{"line":26,"column":34},"end":{"line":26,"column":48}},{"start":{"line":26,"column":51},"end":{"line":26,"column":60}}],"line":26},"1":{"loc":{"start":{"line":30,"column":17},"end":{"line":30,"column":59}},"type":"cond-expr","locations":[{"start":{"line":30,"column":35},"end":{"line":30,"column":50}},{"start":{"line":30,"column":53},"end":{"line":30,"column":59}}],"line":30},"2":{"loc":{"start":{"line":35,"column":17},"end":{"line":35,"column":49}},"type":"cond-expr","locations":[{"start":{"line":35,"column":30},"end":{"line":35,"column":40}},{"start":{"line":35,"column":43},"end":{"line":35,"column":49}}],"line":35},"3":{"loc":{"start":{"line":43,"column":18},"end":{"line":43,"column":53}},"type":"cond-expr","locations":[{"start":{"line":43,"column":34},"end":{"line":43,"column":47}},{"start":{"line":43,"column":50},"end":{"line":43,"column":53}}],"line":43},"4":{"loc":{"start":{"line":48,"column":18},"end":{"line":48,"column":62}},"type":"cond-expr","locations":[{"start":{"line":48,"column":38},"end":{"line":48,"column":55}},{"start":{"line":48,"column":58},"end":{"line":48,"column":62}}],"line":48},"5":{"loc":{"start":{"line":53,"column":18},"end":{"line":53,"column":41}},"type":"cond-expr","locations":[{"start":{"line":53,"column":29},"end":{"line":53,"column":37}},{"start":{"line":53,"column":40},"end":{"line":53,"column":41}}],"line":53},"6":{"loc":{"start":{"line":54,"column":17},"end":{"line":54,"column":40}},"type":"cond-expr","locations":[{"start":{"line":54,"column":27},"end":{"line":54,"column":34}},{"start":{"line":54,"column":37},"end":{"line":54,"column":40}}],"line":54}},"s":{"0":7,"1":29,"2":29,"3":29,"4":29,"5":29,"6":29,"7":29,"8":18,"9":29,"10":7},"f":{"0":29,"1":18},"b":{"0":[22,7],"1":[15,14],"2":[29,0],"3":[18,0],"4":[12,6],"5":[5,13],"6":[5,13]},"_coverageSchema":"1a1c01bbd47fc00a2c39e90264f33305004495a9","hash":"94e982093f95b19c758cc6c0ca4e14047877b39f"}
,"E:\\IMP PROJECT\\foundo\\foundo-app 1.1\\foundo-app\\src\\components\\molecules\\Contact\\ContactListComponent.tsx": {"path":"E:\\IMP PROJECT\\foundo\\foundo-app 1.1\\foundo-app\\src\\components\\molecules\\Contact\\ContactListComponent.tsx","statementMap":{"0":{"start":{"line":22,"column":46},"end":{"line":68,"column":1}},"1":{"start":{"line":30,"column":19},"end":{"line":34,"column":3}},"2":{"start":{"line":31,"column":28},"end":{"line":31,"column":33}},"3":{"start":{"line":32,"column":30},"end":{"line":32,"column":41}},"4":{"start":{"line":33,"column":18},"end":{"line":33,"column":31}},"5":{"start":{"line":35,"column":2},"end":{"line":43,"column":3}},"6":{"start":{"line":36,"column":4},"end":{"line":42,"column":6}},"7":{"start":{"line":44,"column":2},"end":{"line":67,"column":4}},"8":{"start":{"line":48,"column":8},"end":{"line":52,"column":10}},"9":{"start":{"line":55,"column":30},"end":{"line":55,"column":54}},"10":{"start":{"line":70,"column":15},"end":{"line":74,"column":2}}},"fnMap":{"0":{"name":"(anonymous_0)","decl":{"start":{"line":22,"column":46},"end":{"line":22,"column":47}},"loc":{"start":{"line":29,"column":6},"end":{"line":68,"column":1}},"line":29},"1":{"name":"(anonymous_1)","decl":{"start":{"line":30,"column":19},"end":{"line":30,"column":20}},"loc":{"start":{"line":30,"column":35},"end":{"line":34,"column":3}},"line":30},"2":{"name":"(anonymous_2)","decl":{"start":{"line":47,"column":18},"end":{"line":47,"column":19}},"loc":{"start":{"line":48,"column":8},"end":{"line":52,"column":10}},"line":48},"3":{"name":"(anonymous_3)","decl":{"start":{"line":55,"column":20},"end":{"line":55,"column":21}},"loc":{"start":{"line":55,"column":30},"end":{"line":55,"column":54}},"line":55}},"branchMap":{"0":{"loc":{"start":{"line":35,"column":2},"end":{"line":43,"column":3}},"type":"if","locations":[{"start":{"line":35,"column":2},"end":{"line":43,"column":3}},{"start":{},"end":{}}],"line":35},"1":{"loc":{"start":{"line":54,"column":20},"end":{"line":54,"column":53}},"type":"cond-expr","locations":[{"start":{"line":54,"column":33},"end":{"line":54,"column":37}},{"start":{"line":54,"column":40},"end":{"line":54,"column":53}}],"line":54},"2":{"loc":{"start":{"line":57,"column":8},"end":{"line":63,"column":16}},"type":"cond-expr","locations":[{"start":{"line":58,"column":10},"end":{"line":62,"column":12}},{"start":{"line":63,"column":12},"end":{"line":63,"column":16}}],"line":57}},"s":{"0":2,"1":0,"2":0,"3":0,"4":0,"5":0,"6":0,"7":0,"8":0,"9":0,"10":2},"f":{"0":0,"1":0,"2":0,"3":0},"b":{"0":[0,0],"1":[0,0],"2":[0,0]},"_coverageSchema":"1a1c01bbd47fc00a2c39e90264f33305004495a9","hash":"429adcffbff415dcbbaee27b071cbe1b3eecd72e"}
,"E:\\IMP PROJECT\\foundo\\foundo-app 1.1\\foundo-app\\src\\components\\molecules\\Contact\\SingleContactComponent.tsx": {"path":"E:\\IMP PROJECT\\foundo\\foundo-app 1.1\\foundo-app\\src\\components\\molecules\\Contact\\SingleContactComponent.tsx","statementMap":{"0":{"start":{"line":26,"column":48},"end":{"line":42,"column":1}},"1":{"start":{"line":27,"column":21},"end":{"line":29,"column":3}},"2":{"start":{"line":28,"column":4},"end":{"line":28,"column":51}},"3":{"start":{"line":30,"column":2},"end":{"line":41,"column":4}},"4":{"start":{"line":44,"column":15},"end":{"line":65,"column":2}}},"fnMap":{"0":{"name":"(anonymous_0)","decl":{"start":{"line":26,"column":48},"end":{"line":26,"column":49}},"loc":{"start":{"line":26,"column":77},"end":{"line":42,"column":1}},"line":26},"1":{"name":"(anonymous_1)","decl":{"start":{"line":27,"column":21},"end":{"line":27,"column":22}},"loc":{"start":{"line":27,"column":27},"end":{"line":29,"column":3}},"line":27}},"branchMap":{},"s":{"0":2,"1":0,"2":0,"3":0,"4":2},"f":{"0":0,"1":0},"b":{},"_coverageSchema":"1a1c01bbd47fc00a2c39e90264f33305004495a9","hash":"e41cc15afc7596df542aed7449a1322787f49f1d"}
,"E:\\IMP PROJECT\\foundo\\foundo-app 1.1\\foundo-app\\src\\components\\molecules\\Filter\\AditionalFilterOptionComponent.tsx.tsx": {"path":"E:\\IMP PROJECT\\foundo\\foundo-app 1.1\\foundo-app\\src\\components\\molecules\\Filter\\AditionalFilterOptionComponent.tsx.tsx","statementMap":{"0":{"start":{"line":10,"column":57},"end":{"line":26,"column":1}},"1":{"start":{"line":14,"column":2},"end":{"line":25,"column":4}},"2":{"start":{"line":28,"column":15},"end":{"line":48,"column":2}}},"fnMap":{"0":{"name":"(anonymous_0)","decl":{"start":{"line":10,"column":57},"end":{"line":10,"column":58}},"loc":{"start":{"line":13,"column":6},"end":{"line":26,"column":1}},"line":13}},"branchMap":{"0":{"loc":{"start":{"line":19,"column":7},"end":{"line":23,"column":7}},"type":"cond-expr","locations":[{"start":{"line":20,"column":8},"end":{"line":20,"column":77}},{"start":{"line":22,"column":8},"end":{"line":22,"column":75}}],"line":19}},"s":{"0":3,"1":60,"2":3},"f":{"0":60},"b":{"0":[0,60]},"_coverageSchema":"1a1c01bbd47fc00a2c39e90264f33305004495a9","hash":"205f32cb835bc43d3454f8370eafbdb2ace20bac"}
,"E:\\IMP PROJECT\\foundo\\foundo-app 1.1\\foundo-app\\src\\components\\molecules\\Filter\\FilterItemComponent.tsx": {"path":"E:\\IMP PROJECT\\foundo\\foundo-app 1.1\\foundo-app\\src\\components\\molecules\\Filter\\FilterItemComponent.tsx","statementMap":{"0":{"start":{"line":24,"column":20},"end":{"line":24,"column":50}},"1":{"start":{"line":25,"column":21},"end":{"line":25,"column":52}},"2":{"start":{"line":31,"column":45},"end":{"line":197,"column":1}},"3":{"start":{"line":36,"column":32},"end":{"line":36,"column":56}},"4":{"start":{"line":37,"column":48},"end":{"line":37,"column":72}},"5":{"start":{"line":38,"column":21},"end":{"line":44,"column":22}},"6":{"start":{"line":39,"column":43},"end":{"line":39,"column":45}},"7":{"start":{"line":40,"column":4},"end":{"line":42,"column":5}},"8":{"start":{"line":41,"column":6},"end":{"line":41,"column":31}},"9":{"start":{"line":43,"column":4},"end":{"line":43,"column":22}},"10":{"start":{"line":46,"column":25},"end":{"line":48,"column":3}},"11":{"start":{"line":47,"column":4},"end":{"line":47,"column":25}},"12":{"start":{"line":49,"column":21},"end":{"line":52,"column":3}},"13":{"start":{"line":50,"column":4},"end":{"line":50,"column":45}},"14":{"start":{"line":51,"column":4},"end":{"line":51,"column":25}},"15":{"start":{"line":53,"column":38},"end":{"line":55,"column":3}},"16":{"start":{"line":54,"column":4},"end":{"line":54,"column":41}},"17":{"start":{"line":56,"column":19},"end":{"line":58,"column":3}},"18":{"start":{"line":57,"column":4},"end":{"line":57,"column":19}},"19":{"start":{"line":71,"column":2},"end":{"line":196,"column":4}},"20":{"start":{"line":102,"column":10},"end":{"line":109,"column":12}},"21":{"start":{"line":145,"column":10},"end":{"line":147,"column":24}},"22":{"start":{"line":166,"column":14},"end":{"line":170,"column":16}},"23":{"start":{"line":173,"column":14},"end":{"line":173,"column":40}},"24":{"start":{"line":183,"column":71},"end":{"line":183,"column":73}},"25":{"start":{"line":198,"column":15},"end":{"line":218,"column":2}}},"fnMap":{"0":{"name":"(anonymous_0)","decl":{"start":{"line":31,"column":45},"end":{"line":31,"column":46}},"loc":{"start":{"line":35,"column":6},"end":{"line":197,"column":1}},"line":35},"1":{"name":"(anonymous_1)","decl":{"start":{"line":38,"column":29},"end":{"line":38,"column":30}},"loc":{"start":{"line":38,"column":35},"end":{"line":44,"column":3}},"line":38},"2":{"name":"(anonymous_2)","decl":{"start":{"line":46,"column":25},"end":{"line":46,"column":26}},"loc":{"start":{"line":46,"column":31},"end":{"line":48,"column":3}},"line":46},"3":{"name":"(anonymous_3)","decl":{"start":{"line":49,"column":21},"end":{"line":49,"column":22}},"loc":{"start":{"line":49,"column":27},"end":{"line":52,"column":3}},"line":49},"4":{"name":"(anonymous_4)","decl":{"start":{"line":53,"column":38},"end":{"line":53,"column":39}},"loc":{"start":{"line":53,"column":44},"end":{"line":55,"column":3}},"line":53},"5":{"name":"(anonymous_5)","decl":{"start":{"line":56,"column":19},"end":{"line":56,"column":20}},"loc":{"start":{"line":56,"column":25},"end":{"line":58,"column":3}},"line":56},"6":{"name":"(anonymous_6)","decl":{"start":{"line":75,"column":37},"end":{"line":75,"column":38}},"loc":{"start":{"line":75,"column":43},"end":{"line":75,"column":45}},"line":75},"7":{"name":"(anonymous_7)","decl":{"start":{"line":101,"column":17},"end":{"line":101,"column":18}},"loc":{"start":{"line":102,"column":10},"end":{"line":109,"column":12}},"line":102},"8":{"name":"(anonymous_8)","decl":{"start":{"line":144,"column":17},"end":{"line":144,"column":18}},"loc":{"start":{"line":145,"column":10},"end":{"line":147,"column":24}},"line":145},"9":{"name":"(anonymous_9)","decl":{"start":{"line":146,"column":14},"end":{"line":146,"column":15}},"loc":{"start":{"line":146,"column":20},"end":{"line":146,"column":22}},"line":146},"10":{"name":"(anonymous_10)","decl":{"start":{"line":165,"column":24},"end":{"line":165,"column":25}},"loc":{"start":{"line":166,"column":14},"end":{"line":170,"column":16}},"line":166},"11":{"name":"(anonymous_11)","decl":{"start":{"line":172,"column":26},"end":{"line":172,"column":27}},"loc":{"start":{"line":172,"column":34},"end":{"line":174,"column":13}},"line":172},"12":{"name":"(anonymous_12)","decl":{"start":{"line":183,"column":64},"end":{"line":183,"column":65}},"loc":{"start":{"line":183,"column":71},"end":{"line":183,"column":73}},"line":183}},"branchMap":{"0":{"loc":{"start":{"line":104,"column":14},"end":{"line":108,"column":21}},"type":"cond-expr","locations":[{"start":{"line":105,"column":18},"end":{"line":105,"column":21}},{"start":{"line":106,"column":18},"end":{"line":108,"column":21}}],"line":104},"1":{"loc":{"start":{"line":106,"column":18},"end":{"line":108,"column":21}},"type":"cond-expr","locations":[{"start":{"line":107,"column":18},"end":{"line":107,"column":21}},{"start":{"line":108,"column":18},"end":{"line":108,"column":21}}],"line":106},"2":{"loc":{"start":{"line":119,"column":16},"end":{"line":121,"column":18}},"type":"cond-expr","locations":[{"start":{"line":120,"column":16},"end":{"line":120,"column":45}},{"start":{"line":121,"column":16},"end":{"line":121,"column":18}}],"line":119},"3":{"loc":{"start":{"line":119,"column":16},"end":{"line":119,"column":70}},"type":"binary-expr","locations":[{"start":{"line":119,"column":16},"end":{"line":119,"column":44}},{"start":{"line":119,"column":48},"end":{"line":119,"column":70}}],"line":119},"4":{"loc":{"start":{"line":130,"column":16},"end":{"line":132,"column":18}},"type":"cond-expr","locations":[{"start":{"line":131,"column":16},"end":{"line":131,"column":45}},{"start":{"line":132,"column":16},"end":{"line":132,"column":18}}],"line":130},"5":{"loc":{"start":{"line":130,"column":16},"end":{"line":130,"column":70}},"type":"binary-expr","locations":[{"start":{"line":130,"column":16},"end":{"line":130,"column":44}},{"start":{"line":130,"column":48},"end":{"line":130,"column":70}}],"line":130},"6":{"loc":{"start":{"line":140,"column":14},"end":{"line":142,"column":16}},"type":"cond-expr","locations":[{"start":{"line":141,"column":14},"end":{"line":141,"column":55}},{"start":{"line":142,"column":14},"end":{"line":142,"column":16}}],"line":140},"7":{"loc":{"start":{"line":145,"column":10},"end":{"line":147,"column":24}},"type":"cond-expr","locations":[{"start":{"line":146,"column":14},"end":{"line":146,"column":22}},{"start":{"line":147,"column":14},"end":{"line":147,"column":24}}],"line":145},"8":{"loc":{"start":{"line":179,"column":18},"end":{"line":181,"column":59}},"type":"cond-expr","locations":[{"start":{"line":180,"column":18},"end":{"line":180,"column":20}},{"start":{"line":181,"column":18},"end":{"line":181,"column":59}}],"line":179},"9":{"loc":{"start":{"line":183,"column":21},"end":{"line":183,"column":74}},"type":"cond-expr","locations":[{"start":{"line":183,"column":47},"end":{"line":183,"column":61}},{"start":{"line":183,"column":64},"end":{"line":183,"column":74}}],"line":183}},"s":{"0":3,"1":3,"2":3,"3":14,"4":14,"5":14,"6":2,"7":2,"8":96,"9":2,"10":14,"11":4,"12":14,"13":0,"14":0,"15":14,"16":0,"17":14,"18":0,"19":14,"20":0,"21":1,"22":40,"23":52,"24":0,"25":3},"f":{"0":14,"1":2,"2":4,"3":0,"4":0,"5":0,"6":0,"7":0,"8":1,"9":0,"10":40,"11":52,"12":0},"b":{"0":[0,0],"1":[0,0],"2":[14,0],"3":[14,0],"4":[14,0],"5":[14,0],"6":[14,0],"7":[1,0],"8":[14,0],"9":[14,0]},"_coverageSchema":"1a1c01bbd47fc00a2c39e90264f33305004495a9","hash":"7df0856976b6f130cf729abde9fcc826436a44cc"}
,"E:\\IMP PROJECT\\foundo\\foundo-app 1.1\\foundo-app\\src\\components\\molecules\\Item\\ContactOwnerComponent.tsx": {"path":"E:\\IMP PROJECT\\foundo\\foundo-app 1.1\\foundo-app\\src\\components\\molecules\\Item\\ContactOwnerComponent.tsx","statementMap":{"0":{"start":{"line":30,"column":47},"end":{"line":382,"column":1}},"1":{"start":{"line":35,"column":24},"end":{"line":35,"column":69}},"2":{"start":{"line":36,"column":42},"end":{"line":36,"column":66}},"3":{"start":{"line":37,"column":15},"end":{"line":37,"column":45}},"4":{"start":{"line":39,"column":4},"end":{"line":39,"column":28}},"5":{"start":{"line":40,"column":25},"end":{"line":42,"column":3}},"6":{"start":{"line":41,"column":4},"end":{"line":41,"column":27}},"7":{"start":{"line":43,"column":28},"end":{"line":65,"column":3}},"8":{"start":{"line":44,"column":4},"end":{"line":64,"column":5}},"9":{"start":{"line":45,"column":18},"end":{"line":45,"column":50}},"10":{"start":{"line":46,"column":6},"end":{"line":52,"column":9}},"11":{"start":{"line":53,"column":6},"end":{"line":53,"column":14}},"12":{"start":{"line":55,"column":6},"end":{"line":55,"column":21}},"13":{"start":{"line":56,"column":6},"end":{"line":62,"column":9}},"14":{"start":{"line":63,"column":6},"end":{"line":63,"column":14}},"15":{"start":{"line":66,"column":2},"end":{"line":72,"column":3}},"16":{"start":{"line":67,"column":4},"end":{"line":71,"column":6}},"17":{"start":{"line":73,"column":2},"end":{"line":381,"column":4}},"18":{"start":{"line":121,"column":12},"end":{"line":376,"column":19}},"19":{"start":{"line":198,"column":22},"end":{"line":198,"column":50}},"20":{"start":{"line":228,"column":22},"end":{"line":228,"column":50}},"21":{"start":{"line":249,"column":20},"end":{"line":249,"column":42}},"22":{"start":{"line":292,"column":22},"end":{"line":292,"column":58}},"23":{"start":{"line":324,"column":22},"end":{"line":324,"column":58}},"24":{"start":{"line":351,"column":31},"end":{"line":351,"column":45}},"25":{"start":{"line":370,"column":20},"end":{"line":370,"column":59}},"26":{"start":{"line":372,"column":20},"end":{"line":372,"column":37}},"27":{"start":{"line":384,"column":15},"end":{"line":454,"column":2}},"28":{"start":{"line":455,"column":22},"end":{"line":474,"column":2}}},"fnMap":{"0":{"name":"(anonymous_0)","decl":{"start":{"line":30,"column":47},"end":{"line":30,"column":48}},"loc":{"start":{"line":34,"column":6},"end":{"line":382,"column":1}},"line":34},"1":{"name":"(anonymous_1)","decl":{"start":{"line":40,"column":25},"end":{"line":40,"column":26}},"loc":{"start":{"line":40,"column":31},"end":{"line":42,"column":3}},"line":40},"2":{"name":"(anonymous_2)","decl":{"start":{"line":43,"column":28},"end":{"line":43,"column":29}},"loc":{"start":{"line":43,"column":52},"end":{"line":65,"column":3}},"line":43},"3":{"name":"(anonymous_3)","decl":{"start":{"line":112,"column":11},"end":{"line":112,"column":12}},"loc":{"start":{"line":121,"column":12},"end":{"line":376,"column":19}},"line":121},"4":{"name":"(anonymous_4)","decl":{"start":{"line":197,"column":29},"end":{"line":197,"column":30}},"loc":{"start":{"line":197,"column":35},"end":{"line":199,"column":21}},"line":197},"5":{"name":"(anonymous_5)","decl":{"start":{"line":227,"column":29},"end":{"line":227,"column":30}},"loc":{"start":{"line":227,"column":35},"end":{"line":229,"column":21}},"line":227},"6":{"name":"(anonymous_6)","decl":{"start":{"line":248,"column":27},"end":{"line":248,"column":28}},"loc":{"start":{"line":248,"column":33},"end":{"line":250,"column":19}},"line":248},"7":{"name":"(anonymous_7)","decl":{"start":{"line":291,"column":29},"end":{"line":291,"column":30}},"loc":{"start":{"line":291,"column":35},"end":{"line":293,"column":21}},"line":291},"8":{"name":"(anonymous_8)","decl":{"start":{"line":323,"column":29},"end":{"line":323,"column":30}},"loc":{"start":{"line":323,"column":35},"end":{"line":325,"column":21}},"line":323},"9":{"name":"(anonymous_9)","decl":{"start":{"line":351,"column":25},"end":{"line":351,"column":26}},"loc":{"start":{"line":351,"column":31},"end":{"line":351,"column":45}},"line":351},"10":{"name":"(anonymous_10)","decl":{"start":{"line":366,"column":29},"end":{"line":366,"column":30}},"loc":{"start":{"line":369,"column":24},"end":{"line":373,"column":19}},"line":369}},"branchMap":{"0":{"loc":{"start":{"line":66,"column":2},"end":{"line":72,"column":3}},"type":"if","locations":[{"start":{"line":66,"column":2},"end":{"line":72,"column":3}},{"start":{},"end":{}}],"line":66},"1":{"loc":{"start":{"line":88,"column":7},"end":{"line":90,"column":14}},"type":"cond-expr","locations":[{"start":{"line":89,"column":8},"end":{"line":89,"column":68}},{"start":{"line":90,"column":10},"end":{"line":90,"column":14}}],"line":88},"2":{"loc":{"start":{"line":99,"column":22},"end":{"line":99,"column":43}},"type":"cond-expr","locations":[{"start":{"line":99,"column":29},"end":{"line":99,"column":36}},{"start":{"line":99,"column":39},"end":{"line":99,"column":43}}],"line":99},"3":{"loc":{"start":{"line":140,"column":15},"end":{"line":142,"column":15}},"type":"binary-expr","locations":[{"start":{"line":140,"column":15},"end":{"line":140,"column":38}},{"start":{"line":141,"column":16},"end":{"line":141,"column":80}}],"line":140},"4":{"loc":{"start":{"line":156,"column":15},"end":{"line":160,"column":15}},"type":"binary-expr","locations":[{"start":{"line":156,"column":15},"end":{"line":156,"column":40}},{"start":{"line":157,"column":16},"end":{"line":159,"column":23}}],"line":156},"5":{"loc":{"start":{"line":192,"column":24},"end":{"line":194,"column":46}},"type":"cond-expr","locations":[{"start":{"line":193,"column":28},"end":{"line"
[...]
,"E:\\IMP PROJECT\\foundo\\foundo-app 1.1\\foundo-app\\src\\screens\\userPostScreens\\UserPostsScreen.tsx": {"path":"E:\\IMP PROJECT\\foundo\\foundo-app 1.1\\foundo-app\\src\\screens\\userPostScreens\\UserPostsScreen.tsx","statementMap":{"0":{"start":{"line":41,"column":41},"end":{"line":268,"column":1}},"1":{"start":{"line":42,"column":21},"end":{"line":42,"column":59}},"2":{"start":{"line":43,"column":25},"end":{"line":43,"column":57}},"3":{"start":{"line":44,"column":24},"end":{"line":44,"column":52}},"4":{"start":{"line":45,"column":24},"end":{"line":45,"column":56}},"5":{"start":{"line":47,"column":4},"end":{"line":47,"column":47}},"6":{"start":{"line":48,"column":50},"end":{"line":48,"column":74}},"7":{"start":{"line":49,"column":40},"end":{"line":51,"column":3}},"8":{"start":{"line":52,"column":16},"end":{"line":52,"column":49}},"9":{"start":{"line":53,"column":17},"end":{"line":53,"column":51}},"10":{"start":{"line":54,"column":35},"end":{"line":54,"column":61}},"11":{"start":{"line":55,"column":38},"end":{"line":55,"column":62}},"12":{"start":{"line":56,"column":38},"end":{"line":56,"column":62}},"13":{"start":{"line":57,"column":36},"end":{"line":57,"column":60}},"14":{"start":{"line":58,"column":32},"end":{"line":58,"column":47}},"15":{"start":{"line":59,"column":19},"end":{"line":59,"column":32}},"16":{"start":{"line":60,"column":29},"end":{"line":62,"column":3}},"17":{"start":{"line":61,"column":4},"end":{"line":61,"column":57}},"18":{"start":{"line":63,"column":46},"end":{"line":63,"column":70}},"19":{"start":{"line":64,"column":23},"end":{"line":72,"column":3}},"20":{"start":{"line":65,"column":4},"end":{"line":65,"column":31}},"21":{"start":{"line":66,"column":4},"end":{"line":67,"column":38}},"22":{"start":{"line":66,"column":35},"end":{"line":66,"column":56}},"23":{"start":{"line":67,"column":9},"end":{"line":67,"column":38}},"24":{"start":{"line":68,"column":4},"end":{"line":68,"column":53}},"25":{"start":{"line":69,"column":4},"end":{"line":71,"column":11}},"26":{"start":{"line":70,"column":6},"end":{"line":70,"column":31}},"27":{"start":{"line":73,"column":22},"end":{"line":77,"column":3}},"28":{"start":{"line":74,"column":4},"end":{"line":74,"column":28}},"29":{"start":{"line":75,"column":4},"end":{"line":75,"column":30}},"30":{"start":{"line":76,"column":4},"end":{"line":76,"column":31}},"31":{"start":{"line":78,"column":33},"end":{"line":80,"column":3}},"32":{"start":{"line":79,"column":4},"end":{"line":79,"column":61}},"33":{"start":{"line":81,"column":26},"end":{"line":83,"column":3}},"34":{"start":{"line":82,"column":4},"end":{"line":82,"column":45}},"35":{"start":{"line":84,"column":21},"end":{"line":115,"column":3}},"36":{"start":{"line":85,"column":4},"end":{"line":85,"column":23}},"37":{"start":{"line":86,"column":4},"end":{"line":86,"column":24}},"38":{"start":{"line":86,"column":17},"end":{"line":86,"column":24}},"39":{"start":{"line":87,"column":4},"end":{"line":87,"column":21}},"40":{"start":{"line":88,"column":16},"end":{"line":88,"column":39}},"41":{"start":{"line":90,"column":4},"end":{"line":114,"column":5}},"42":{"start":{"line":91,"column":20},"end":{"line":97,"column":17}},"43":{"start":{"line":98,"column":6},"end":{"line":98,"column":67}},"44":{"start":{"line":99,"column":6},"end":{"line":99,"column":24}},"45":{"start":{"line":101,"column":6},"end":{"line":101,"column":21}},"46":{"start":{"line":102,"column":6},"end":{"line":102,"column":24}},"47":{"start":{"line":103,"column":6},"end":{"line":103,"column":26}},"48":{"start":{"line":105,"column":6},"end":{"line":113,"column":31}},"49":{"start":{"line":106,"column":8},"end":{"line":112,"column":11}},"50":{"start":{"line":113,"column":11},"end":{"line":113,"column":31}},"51":{"start":{"line":116,"column":2},"end":{"line":127,"column":40}},"52":{"start":{"line":117,"column":24},"end":{"line":117,"column":28}},"53":{"start":{"line":118,"column":4},"end":{"line":123,"column":5}},"54":{"start":{"line":119,"column":6},"end":{"line":119,"column":27}},"55":{"start":{"line":120,"column":6},"end":{"line":122,"column":7}},"56":{"start":{"line":121,"column":8},"end":{"line":121,"column":21}},"57":{"start":{"line":124,"column":4},"end":{"line":126,"column":6}},"58":{"start":{"line":125,"column":6},"end":{"line":125,"column":19}},"59":{"start":{"line":129,"column":24},"end":{"line":129,"column":32}},"60":{"start":{"line":131,"column":2},"end":{"line":151,"column":3}},"61":{"start":{"line":132,"column":4},"end":{"line":150,"column":6}},"62":{"start":{"line":152,"column":2},"end":{"line":267,"column":4}},"63":{"start":{"line":177,"column":14},"end":{"line":181,"column":16}},"64":{"start":{"line":183,"column":41},"end":{"line":183,"column":48}},"65":{"start":{"line":187,"column":14},"end":{"line":187,"column":34}},"66":{"start":{"line":188,"column":14},"end":{"line":190,"column":24}},"67":{"start":{"line":189,"column":16},"end":{"line":189,"column":37}},"68":{"start":{"line":270,"column":15},"end":{"line":304,"column":2}}},"fnMap":{"0":{"name":"(anonymous_0)","decl":{"start":{"line":41,"column":41},"end":{"line":41,"column":42}},"loc":{"start":{"line":41,"column":61},"end":{"line":268,"column":1}},"line":41},"1":{"name":"(anonymous_1)","decl":{"start":{"line":60,"column":29},"end":{"line":60,"column":30}},"loc":{"start":{"line":60,"column":45},"end":{"line":62,"column":3}},"line":60},"2":{"name":"(anonymous_2)","decl":{"start":{"line":64,"column":23},"end":{"line":64,"column":24}},"loc":{"start":{"line":64,"column":29},"end":{"line":72,"column":3}},"line":64},"3":{"name":"(anonymous_3)","decl":{"start":{"line":69,"column":15},"end":{"line":69,"column":16}},"loc":{"start":{"line":69,"column":21},"end":{"line":71,"column":5}},"line":69},"4":{"name":"(anonymous_4)","decl":{"start":{"line":73,"column":22},"end":{"line":73,"column":23}},"loc":{"start":{"line":73,"column":28},"end":{"line":77,"column":3}},"line":73},"5":{"name":"(anonymous_5)","decl":{"start":{"line":78,"column":33},"end":{"line":78,"column":34}},"loc":{"start":{"line":78,"column":66},"end":{"line":80,"column":3}},"line":78},"6":{"name":"(anonymous_6)","decl":{"start":{"line":81,"column":26},"end":{"line":81,"column":27}},"loc":{"start":{"line":81,"column":32},"end":{"line":83,"column":3}},"line":81},"7":{"name":"(anonymous_7)","decl":{"start":{"line":84,"column":21},"end":{"line":84,"column":22}},"loc":{"start":{"line":84,"column":33},"end":{"line":115,"column":3}},"line":84},"8":{"name":"(anonymous_8)","decl":{"start":{"line":116,"column":12},"end":{"line":116,"column":13}},"loc":{"start":{"line":116,"column":18},"end":{"line":127,"column":3}},"line":116},"9":{"name":"(anonymous_9)","decl":{"start":{"line":124,"column":11},"end":{"line":124,"column":12}},"loc":{"start":{"line":124,"column":17},"end":{"line":126,"column":5}},"line":124},"10":{"name":"(anonymous_10)","decl":{"start":{"line":129,"column":24},"end":{"line":129,"column":25}},"loc":{"start":{"line":129,"column":30},"end":{"line":129,"column":32}},"line":129},"11":{"name":"(anonymous_11)","decl":{"start":{"line":176,"column":24},"end":{"line":176,"column":25}},"loc":{"start":{"line":177,"column":14},"end":{"line":181,"column":16}},"line":177},"12":{"name":"(anonymous_12)","decl":{"start":{"line":183,"column":26},"end":{"line":183,"column":27}},"loc":{"start":{"line":183,"column":41},"end":{"line":183,"column":48}},"line":183},"13":{"name":"(anonymous_13)","decl":{"start":{"line":186,"column":23},"end":{"line":186,"column":24}},"loc":{"start":{"line":186,"column":29},"end":{"line":191,"column":13}},"line":186},"14":{"name":"(anonymous_14)","decl":{"start":{"line":188,"column":25},"end":{"line":188,"column":26}},"loc":{"start":{"line":188,"column":31},"end":{"line":190,"column":15}},"line":188}},"branchMap":{"0":{"loc":{"start":{"line":66,"column":4},"end":{"line":67,"column":38}},"type":"if","locations":[{"start":{"line":66,"column":4},"end":{"line":67,"column":38}},{"start":{"line":67,"column":9},"end":{"line":67,"column":38}}],"line":66},"1":{"loc":{"start":{"line":86,"column":4},"end":{"line":86,"column":24}},"type":"if","locations":[{"start":{"line":86,"column":4},"end":{"line":86,"column":24}},{"start":{},"end":{}}],"line":86},"2":{"loc":{"start":{"line":105,"column":6},"end":{"line":113,"column":31}},"type":"if","locations":[{"start":{"line":105,"column":6},"end":{"line":113,"column":31}},{"start":{"line":113,"column":11},"end":{"line":113,"column":31}}],"line":105},"3":{"loc":{"start":{"line":118,"column":4},"end":{"line":123,"column":5}},"type":"if","locations":[{"start":{"line":118,"column":4},"end":{"line":123,"column":5}},{"start":{},"end":{}}],"line":118},"4":{"loc":{"start":{"line":120,"column":6},"end":{"line":122,"column":7}},"type":"if","locations":[{"start":{"line":120,"column":6},"end":{"line":122,"column":7}},{"start":{},"end":{}}],"line":120},"5":{"loc":{"start":{"line":131,"column":2},"end":{"line":151,"column":3}},"type":"if","locations":[{"start":{"line":131,"column":2},"end":{"line":151,"column":3}},{"start":{},"end":{}}],"line":131},"6":{"loc":{"start":{"line":159,"column":15},"end":{"line":163,"column":15}},"type":"cond-expr","locations":[{"start":{"line":160,"column":16},"end":{"line":160,"column":39}},{"start":{"line":162,"column":16},"end":{"line":162,"column":40}}],"line":159},"7":{"loc":{"start":{"line":248,"column":7},"end":{"line":262,"column":7}},"type":"binary-expr","locations":[{"start":{"line":248,"column":7},"end":{"line":248,"column":21}},{"start":{"line":249,"column":8},"end":{"line":261,"column":22}}],"line":248}},"s":{"0":2,"1":0,"2":0,"3":0,"4":0,"5":0,"6":0,"7":0,"8":0,"9":0,"10":0,"11":0,"12":0,"13":0,"14":0,"15":0,"16":0,"17":0,"18":0,"19":0,"20":0,"21":0,"22":0,"23":0,"24":0,"25":0,"26":0,"27":0,"28":0,"29":0,"30":0,"31":0,"32":0,"33":0,"34":0,"35":0,"36":0,"37":0,"38":0,"39":0,"40":0,"41":0,"42":0,"43":0,"44":0,"45":0,"46":0,"47":0,"48":0,"49":0,"50":0,"51":0,"52":0,"53":0,"54":0,"55":0,"56":0,"57":0,"58":0,"59":0,"60":0,"61":0,"62":0,"63":0,"64":0,"65":0,"66":0,"67":0,"68":2},"f":{"0":0,"1":0,"2":0,"3":0,"4":0,"5":0,"6":0,"7":0,"8":0,"9":0,"10":0,"11":0,"12":0,"13":0,"14":0},"b":{"0":[0,0],"1":[0,0],"2":[0,0],"3":[0,0],"4":[0,0],"5":[0,0],"6":[0,0],"7":[0,0]},"_coverageSchema":"1a1c01bbd47fc00a2c39e90264f33305004495a9","hash":"c37ddfebf66921c32ab711f3ff9d5b67056ffc3a"}
,"E:\\IMP PROJECT\\foundo\\foundo-app 1.1\\foundo-app\\src\\storage\\foundo-localstorage.ts": {"path":"E:\\IMP PROJECT\\foundo\\foundo-app 1.1\\foundo-app\\src\\storage\\foundo-localstorage.ts","statementMap":{"0":{"start":{"line":4,"column":37},"end":{"line":10,"column":1}},"1":{"start":{"line":5,"column":8},"end":{"line":9,"column":9}},"2":{"start":{"line":6,"column":16},"end":{"line":6,"column":62}},"3":{"start":{"line":8,"column":16},"end":{"line":8,"column":33}},"4":{"start":{"line":11,"column":40},"end":{"line":19,"column":1}},"5":{"start":{"line":12,"column":20},"end":{"line":12,"column":24}},"6":{"start":{"line":13,"column":8},"end":{"line":17,"column":9}},"7":{"start":{"line":14,"column":16},"end":{"line":14,"column":60}},"8":{"start":{"line":16,"column":16},"end":{"line":16,"column":33}},"9":{"start":{"line":18,"column":8},"end":{"line":18,"column":21}},"10":{"start":{"line":21,"column":42},"end":{"line":29,"column":1}},"11":{"start":{"line":22,"column":8},"end":{"line":27,"column":9}},"12":{"start":{"line":23,"column":28},"end":{"line":23,"column":66}},"13":{"start":{"line":26,"column":16},"end":{"line":26,"column":33}}},"fnMap":{"0":{"name":"(anonymous_0)","decl":{"start":{"line":4,"column":37},"end":{"line":4,"column":38}},"loc":{"start":{"line":4,"column":78},"end":{"line":10,"column":1}},"line":4},"1":{"name":"(anonymous_1)","decl":{"start":{"line":11,"column":40},"end":{"line":11,"column":41}},"loc":{"start":{"line":11,"column":63},"end":{"line":19,"column":1}},"line":11},"2":{"name":"(anonymous_2)","decl":{"start":{"line":21,"column":42},"end":{"line":21,"column":43}},"loc":{"start":{"line":21,"column":65},"end":{"line":29,"column":1}},"line":21}},"branchMap":{},"s":{"0":7,"1":0,"2":0,"3":0,"4":7,"5":7,"6":7,"7":7,"8":0,"9":7,"10":7,"11":0,"12":0,"13":0},"f":{"0":0,"1":7,"2":0},"b":{},"_coverageSchema":"1a1c01bbd47fc00a2c39e90264f33305004495a9","hash":"02d05087c68b334f882ab93d12d94f470523d585"}
,"E:\\IMP PROJECT\\foundo\\foundo-app 1.1\\foundo-app\\src\\utils\\index.ts": {"path":"E:\\IMP PROJECT\\foundo\\foundo-app 1.1\\foundo-app\\src\\utils\\index.ts","statementMap":{"0":{"start":{"line":2,"column":37},"end":{"line":4,"column":1}},"1":{"start":{"line":3,"column":2},"end":{"line":3,"column":52}},"2":{"start":{"line":5,"column":35},"end":{"line":10,"column":1}},"3":{"start":{"line":6,"column":2},"end":{"line":9,"column":15}},"4":{"start":{"line":8,"column":27},"end":{"line":8,"column":54}},"5":{"start":{"line":11,"column":25},"end":{"line":13,"column":1}},"6":{"start":{"line":12,"column":2},"end":{"line":12,"column":19}},"7":{"start":{"line":14,"column":32},"end":{"line":25,"column":1}},"8":{"start":{"line":15,"column":15},"end":{"line":15,"column":31}},"9":{"start":{"line":16,"column":15},"end":{"line":16,"column":32}},"10":{"start":{"line":17,"column":2},"end":{"line":24,"column":5}},"11":{"start":{"line":18,"column":19},"end":{"line":18,"column":35}},"12":{"start":{"line":19,"column":4},"end":{"line":19,"column":31}},"13":{"start":{"line":20,"column":4},"end":{"line":23,"column":6}},"14":{"start":{"line":21,"column":25},"end":{"line":21,"column":38}},"15":{"start":{"line":22,"column":6},"end":{"line":22,"column":26}},"16":{"start":{"line":26,"column":57},"end":{"line":42,"column":1}},"17":{"start":{"line":43,"column":26},"end":{"line":64,"column":1}},"18":{"start":{"line":44,"column":16},"end":{"line":44,"column":18}},"19":{"start":{"line":45,"column":2},"end":{"line":53,"column":3}},"20":{"start":{"line":47,"column":4},"end":{"line":47,"column":53}},"21":{"start":{"line":47,"column":22},"end":{"line":47,"column":53}},"22":{"start":{"line":48,"column":4},"end":{"line":48,"column":61}},"23":{"start":{"line":48,"column":26},"end":{"line":48,"column":61}},"24":{"start":{"line":49,"column":4},"end":{"line":49,"column":49}},"25":{"start":{"line":49,"column":20},"end":{"line":49,"column":49}},"26":{"start":{"line":50,"column":4},"end":{"line":50,"column":59}},"27":{"start":{"line":50,"column":25},"end":{"line":50,"column":59}},"28":{"start":{"line":51,"column":4},"end":{"line":51,"column":53}},"29":{"start":{"line":51,"column":22},"end":{"line":51,"column":53}},"30":{"start":{"line":52,"column":4},"end":{"line":52,"column":53}},"31":{"start":{"line":52,"column":23},"end":{"line":52,"column":53}},"32":{"start":{"line":54,"column":2},"end":{"line":63,"column":4}},"33":{"start":{"line":66,"column":28},"end":{"line":72,"column":1}},"34":{"start":{"line":70,"column":2},"end":{"line":70,"column":30}},"35":{"start":{"line":71,"column":2},"end":{"line":71,"column":40}}},"fnMap":{"0":{"name":"(anonymous_0)","decl":{"start":{"line":2,"column":37},"end":{"line":2,"column":38}},"loc":{"start":{"line":2,"column":62},"end":{"line":4,"column":1}},"line":2},"1":{"name":"(anonymous_1)","decl":{"start":{"line":5,"column":35},"end":{"line":5,"column":36}},"loc":{"start":{"line":5,"column":52},"end":{"line":10,"column":1}},"line":5},"2":{"name":"(anonymous_2)","decl":{"start":{"line":8,"column":9},"end":{"line":8,"column":10}},"loc":{"start":{"line":8,"column":27},"end":{"line":8,"column":54}},"line":8},"3":{"name":"(anonymous_3)","decl":{"start":{"line":11,"column":25},"end":{"line":11,"column":26}},"loc":{"start":{"line":11,"column":51},"end":{"line":13,"column":1}},"line":11},"4":{"name":"(anonymous_4)","decl":{"start":{"line":14,"column":32},"end":{"line":14,"column":33}},"loc":{"start":{"line":14,"column":73},"end":{"line":25,"column":1}},"line":14},"5":{"name":"(anonymous_5)","decl":{"start":{"line":17,"column":21},"end":{"line":17,"column":22}},"loc":{"start":{"line":17,"column":32},"end":{"line":24,"column":3}},"line":17},"6":{"name":"(anonymous_6)","decl":{"start":{"line":20,"column":23},"end":{"line":20,"column":24}},"loc":{"start":{"line":20,"column":29},"end":{"line":23,"column":5}},"line":20},"7":{"name":"(anonymous_7)","decl":{"start":{"line":43,"column":26},"end":{"line":43,"column":27}},"loc":{"start":{"line":43,"column":76},"end":{"line":64,"column":1}},"line":43},"8":{"name":"(anonymous_8)","decl":{"start":{"line":66,"column":28},"end":{"line":66,"column":29}},"loc":{"start":{"line":69,"column":23},"end":{"line":72,"column":1}},"line":69}},"branchMap":{"0":{"loc":{"start":{"line":47,"column":4},"end":{"line":47,"column":53}},"type":"if","locations":[{"start":{"line":47,"column":4},"end":{"line":47,"column":53}},{"start":{},"end":{}}],"line":47},"1":{"loc":{"start":{"line":48,"column":4},"end":{"line":48,"column":61}},"type":"if","locations":[{"start":{"line":48,"column":4},"end":{"line":48,"column":61}},{"start":{},"end":{}}],"line":48},"2":{"loc":{"start":{"line":49,"column":4},"end":{"line":49,"column":49}},"type":"if","locations":[{"start":{"line":49,"column":4},"end":{"line":49,"column":49}},{"start":{},"end":{}}],"line":49},"3":{"loc":{"start":{"line":50,"column":4},"end":{"line":50,"column":59}},"type":"if","locations":[{"start":{"line":50,"column":4},"end":{"line":50,"column":59}},{"start":{},"end":{}}],"line":50},"4":{"loc":{"start":{"line":51,"column":4},"end":{"line":51,"column":53}},"type":"if","locations":[{"start":{"line":51,"column":4},"end":{"line":51,"column":53}},{"start":{},"end":{}}],"line":51},"5":{"loc":{"start":{"line":52,"column":4},"end":{"line":52,"column":53}},"type":"if","locations":[{"start":{"line":52,"column":4},"end":{"line":52,"column":53}},{"start":{},"end":{}}],"line":52}},"s":{"0":7,"1":392,"2":7,"3":114,"4":154,"5":7,"6":0,"7":7,"8":0,"9":0,"10":0,"11":0,"12":0,"13":0,"14":0,"15":0,"16":7,"17":7,"18":0,"19":0,"20":0,"21":0,"22":0,"23":0,"24":0,"25":0,"26":0,"27":0,"28":0,"29":0,"30":0,"31":0,"32":0,"33":7,"34":0,"35":0},"f":{"0":392,"1":114,"2":154,"3":0,"4":0,"5":0,"6":0,"7":0,"8":0},"b":{"0":[0,0],"1":[0,0],"2":[0,0],"3":[0,0],"4":[0,0],"5":[0,0]},"_coverageSchema":"1a1c01bbd47fc00a2c39e90264f33305004495a9","hash":"87d67f69779f92bec61a8e806a55ed1dd365acee"}
}
