TN:
SF:App.tsx
FN:24,(anonymous_0)
FN:27,(anonymous_1)
FN:29,(anonymous_2)
FN:45,(anonymous_3)
FNF:4
FNH:3
FNDA:22,(anonymous_0)
FNDA:14,(anonymous_1)
FNDA:7,(anonymous_2)
FNDA:0,(anonymous_3)
DA:16,1
DA:18,1
DA:24,1
DA:25,22
DA:27,21
DA:28,14
DA:29,7
DA:30,7
DA:35,21
DA:36,14
DA:44,7
DA:45,0
DA:47,7
LF:13
LH:12
BRDA:28,0,0,7
BRDA:28,0,1,7
BRDA:35,1,0,14
BRDA:35,1,1,7
BRDA:44,2,0,0
BRDA:44,2,1,7
BRF:6
BRH:5
end_of_record
TN:
SF:src\assets\fonts\index.js
FNF:0
FNH:0
DA:8,1
LF:1
LH:1
BRF:0
BRH:0
end_of_record
TN:
SF:src\assets\images\character1.png
FNF:0
FNH:0
DA:1,4
LF:1
LH:1
BRF:0
BRH:0
end_of_record
TN:
SF:src\assets\images\character2.png
FNF:0
FNH:0
DA:1,2
LF:1
LH:1
BRF:0
BRH:0
end_of_record
TN:
SF:src\assets\images\character3.png
FNF:0
FNH:0
DA:1,3
LF:1
LH:1
BRF:0
BRH:0
end_of_record
TN:
SF:src\assets\images\character4.png
FNF:0
FNH:0
DA:1,2
LF:1
LH:1
BRF:0
BRH:0
end_of_record
TN:
SF:src\assets\images\character5.png
FNF:0
FNH:0
DA:1,5
LF:1
LH:1
BRF:0
BRH:0
end_of_record
TN:
SF:src\assets\images\email.png
FNF:0
FNH:0
DA:1,2
LF:1
LH:1
BRF:0
BRH:0
end_of_record
TN:
SF:src\assets\images\file.png
FNF:0
FNH:0
DA:1,2
LF:1
LH:1
BRF:0
BRH:0
end_of_record
TN:
SF:src\assets\images\object1.png
FNF:0
FNH:0
DA:1,2
LF:1
LH:1
BRF:0
BRH:0
end_of_record
TN:
SF:src\assets\images\object2.png
FNF:0
FNH:0
DA:1,4
LF:1
LH:1
BRF:0
BRH:0
end_of_record
TN:
SF:src\assets\images\object3.png
FNF:0
FNH:0
DA:1,5
LF:1
LH:1
BRF:0
BRH:0
end_of_record
TN:
SF:src\assets\images\object4.png
FNF:0
FNH:0
DA:1,3
LF:1
LH:1
BRF:0
BRH:0
end_of_record
TN:
SF:src\assets\images\phone.png
FNF:0
FNH:0
DA:1,2
LF:1
LH:1
BRF:0
BRH:0
end_of_record
TN:
SF:src\assets\images\searchitem.png
FNF:0
FNH:0
DA:1,3
LF:1
LH:1
BRF:0
BRH:0
end_of_record
TN:
SF:src\components\Error.tsx
FN:9,(anonymous_0)
FNF:1
FNH:0
FNDA:0,(anonymous_0)
DA:9,7
DA:10,0
DA:12,0
LF:3
LH:1
BRDA:10,0,0,0
BRDA:10,0,1,0
BRF:2
BRH:0
end_of_record
TN:
SF:src\components\Foundo.tsx
FN:21,(anonymous_0)
FN:24,(anonymous_1)
FNF:2
FNH:2
FNDA:7,(anonymous_0)
FNDA:7,(anonymous_1)
DA:15,2
DA:16,2
DA:21,2
DA:22,7
DA:24,7
DA:25,7
DA:26,0
DA:30,7
LF:8
LH:7
BRDA:25,0,0,0
BRDA:25,0,1,7
BRF:2
BRH:1
end_of_record
TN:
SF:src\components\LoadFoundo.tsx
FN:14,LoadFoundo
FN:22,(anonymous_1)
FN:26,(anonymous_2)
FN:45,(anonymous_3)
FN:49,(anonymous_4)
FN:54,(anonymous_5)
FNF:6
FNH:5
FNDA:22,LoadFoundo
FNDA:14,(anonymous_1)
FNDA:7,(anonymous_2)
FNDA:0,(anonymous_3)
FNDA:7,(anonymous_4)
FNDA:14,(anonymous_5)
DA:15,22
DA:16,21
DA:17,21
DA:19,21
DA:20,21
DA:22,21
DA:23,14
DA:24,14
DA:25,7
DA:27,7
DA:28,7
DA:29,0
DA:33,7
DA:34,0
DA:35,0
DA:36,0
DA:37,0
DA:46,0
DA:47,0
DA:50,7
DA:54,14
DA:55,14
DA:59,21
LF:23
LH:16
BRDA:24,0,0,7
BRDA:24,0,1,7
BRDA:24,1,0,14
BRDA:24,1,1,7
BRDA:27,2,0,0
BRDA:27,2,1,7
BRDA:28,3,0,0
BRDA:28,3,1,7
BRDA:33,4,0,0
BRDA:33,4,1,7
BRDA:36,5,0,0
BRDA:36,5,1,0
BRDA:36,6,0,0
BRDA:36,6,1,0
BRF:14
BRH:7
end_of_record
TN:
SF:src\components\atoms\BottomModal.tsx
FN:19,(anonymous_0)
FNF:1
FNH:1
FNDA:38,(anonymous_0)
DA:19,4
DA:31,38
DA:69,4
LF:3
LH:3
BRDA:25,0,0,24
BRDA:26,1,0,24
BRDA:27,2,0,10
BRDA:28,3,0,28
BRDA:29,4,0,28
BRDA:38,5,0,24
BRDA:38,5,1,14
BRDA:41,6,0,38
BRDA:41,6,1,10
BRDA:59,7,0,14
BRDA:59,7,1,24
BRF:11
BRH:11
end_of_record
TN:
SF:src\components\atoms\ElevatedCard.tsx
FN:9,(anonymous_0)
FNF:1
FNH:1
FNDA:7,(anonymous_0)
DA:9,6
DA:15,7
LF:2
LH:2
BRDA:13,0,0,2
BRF:1
BRH:1
end_of_record
TN:
SF:src\components\atoms\FilterOptionItem.js
FN:10,(anonymous_0)
FN:15,(anonymous_1)
FN:21,(anonymous_2)
FNF:3
FNH:3
FNDA:120,(anonymous_0)
FNDA:360,(anonymous_1)
FNDA:4,(anonymous_2)
DA:4,3
DA:5,3
DA:6,3
DA:10,3
DA:15,120
DA:16,360
DA:19,120
DA:21,4
DA:42,3
LF:9
LH:9
BRDA:24,0,0,58
BRDA:24,0,1,62
BRDA:32,1,0,58
BRDA:32,1,1,62
BRF:4
BRH:4
end_of_record
TN:
SF:src\components\atoms\ItemExtraDetailComponent.tsx
FN:6,(anonymous_0)
FNF:1
FNH:0
FNDA:0,(anonymous_0)
DA:6,4
DA:7,0
DA:24,4
LF:3
LH:2
BRF:0
BRH:0
end_of_record
TN:
SF:src\components\atoms\ItemSearchComponent.tsx
FN:11,(anonymous_0)
FN:16,(anonymous_1)
FNF:2
FNH:2
FNDA:11,(anonymous_0)
FNDA:1,(anonymous_1)
DA:11,3
DA:16,11
DA:19,11
DA:34,3
LF:4
LH:4
BRF:0
BRH:0
end_of_record
TN:
SF:src\components\atoms\ListItem.tsx
FN:30,(anonymous_0)
FN:64,(anonymous_1)
FN:77,(anonymous_2)
FN:84,(anonymous_3)
FN:91,(anonymous_4)
FN:94,(anonymous_5)
FN:112,(anonymous_6)
FN:126,(anonymous_7)
FN:147,(anonymous_8)
FN:155,(anonymous_9)
FN:168,(anonymous_10)
FN:182,(anonymous_11)
FN:191,(anonymous_12)
FN:194,(anonymous_13)
FN:212,(anonymous_14)
FN:225,(anonymous_15)
FN:250,(anonymous_16)
FN:269,(anonymous_17)
FN:274,(anonymous_18)
FNF:19
FNH:7
FNDA:14,(anonymous_0)
FNDA:0,(anonymous_1)
FNDA:16,(anonymous_2)
FNDA:2,(anonymous_3)
FNDA:0,(anonymous_4)
FNDA:0,(anonymous_5)
FNDA:2,(anonymous_6)
FNDA:0,(anonymous_7)
FNDA:120,(anonymous_8)
FNDA:156,(anonymous_9)
FNDA:0,(anonymous_10)
FNDA:14,(anonymous_11)
FNDA:0,(anonymous_12)
FNDA:0,(anonymous_13)
FNDA:0,(anonymous_14)
FNDA:0,(anonymous_15)
FNDA:0,(anonymous_16)
FNDA:0,(anonymous_17)
FNDA:0,(anonymous_18)
DA:30,3
DA:35,14
DA:77,3
DA:83,16
DA:84,16
DA:85,2
DA:86,2
DA:87,32
DA:89,2
DA:91,16
DA:92,0
DA:94,16
DA:95,0
DA:96,0
DA:98,16
DA:112,2
DA:148,120
DA:156,156
DA:182,3
DA:189,14
DA:190,14
DA:191,14
DA:192,0
DA:194,14
DA:195,0
DA:196,0
DA:198,14
DA:212,0
DA:251,0
DA:252,0
DA:269,0
DA:274,0
DA:292,3
LF:33
LH:22
BRDA:60,0,0,14
BRDA:60,0,1,0
BRDA:60,0,2,0
BRDA:116,1,0,12
BRDA:116,1,1,4
BRDA:122,2,0,16
BRDA:122,2,1,0
BRDA:122,2,2,0
BRDA:130,3,0,16
BRDA:130,3,1,12
BRDA:162,4,0,16
BRDA:162,4,1,0
BRDA:162,4,2,0
BRDA:215,5,0,0
BRDA:215,5,1,14
BRDA:221,6,0,14
BRDA:221,6,1,0
BRDA:221,6,2,0
BRDA:230,7,0,14
BRDA:230,7,1,0
BRDA:230,7,2,0
BRDA:263,8,0,14
BRDA:263,8,1,0
BRDA:265,9,0,0
BRDA:265,9,1,0
BRF:25
BRH:11
end_of_record
TN:
SF:src\components\atoms\LogInButtonComponent.tsx
FN:8,(anonymous_0)
FN:11,(anonymous_1)
FNF:2
FNH:1
FNDA:1,(anonymous_0)
FNDA:0,(anonymous_1)
DA:8,5
DA:9,1
DA:11,0
DA:19,5
LF:4
LH:3
BRF:0
BRH:0
end_of_record
TN:
SF:src\components\atoms\LogoutButtonComponent.tsx
FN:19,(anonymous_0)
FN:20,(anonymous_1)
FNF:2
FNH:0
FNDA:0,(anonymous_0)
FNDA:0,(anonymous_1)
DA:19,2
DA:20,0
DA:21,0
DA:22,0
DA:24,0
DA:32,2
LF:6
LH:2
BRF:0
BRH:0
end_of_record
TN:
SF:src\components\atoms\MiniItemColorIcon.tsx
FN:14,(anonymous_0)
FN:27,(anonymous_1)
FNF:2
FNH:1
FNDA:120,(anonymous_0)
FNDA:0,(anonymous_1)
DA:14,4
DA:21,120
DA:27,0
DA:66,4
LF:4
LH:3
BRDA:25,0,0,0
BRDA:25,0,1,120
BRDA:27,1,0,0
BRDA:27,1,1,0
BRDA:46,2,0,0
BRDA:46,2,1,120
BRDA:51,3,0,0
BRDA:51,3,1,120
BRDA:54,4,0,0
BRDA:54,4,1,0
BRF:10
BRH:3
end_of_record
TN:
SF:src\components\atoms\MiniItemTextIcon.tsx
FN:13,(anonymous_0)
FN:24,(anonymous_1)
FNF:2
FNH:1
FNDA:40,(anonymous_0)
FNDA:0,(anonymous_1)
DA:13,4
DA:18,40
DA:25,0
DA:50,4
LF:4
LH:3
BRDA:22,0,0,0
BRDA:22,0,1,40
BRDA:25,1,0,0
BRDA:25,1,1,0
BRDA:31,2,0,0
BRDA:31,2,1,40
BRDA:35,3,0,0
BRDA:35,3,1,40
BRDA:38,4,0,0
BRDA:38,4,1,0
BRF:10
BRH:3
end_of_record
TN:
SF:src\components\atoms\NotLoggedInComponent.tsx
FN:20,(anonymous_0)
FNF:1
FNH:1
FNDA:1,(anonymous_0)
DA:20,5
DA:27,1
LF:2
LH:2
BRDA:24,0,0,0
BRDA:25,1,0,1
BRF:2
BRH:1
end_of_record
TN:
SF:src\components\atoms\OTPInputBox.tsx
FN:11,(anonymous_0)
FNF:1
FNH:0
FNDA:0,(anonymous_0)
DA:10,2
DA:21,0
LF:2
LH:1
BRF:0
BRH:0
end_of_record
TN:
SF:src\components\atoms\ToggleComponent.tsx
FN:7,(anonymous_0)
FNF:1
FNH:0
FNDA:0,(anonymous_0)
DA:7,2
DA:8,0
DA:21,2
LF:3
LH:2
BRDA:12,0,0,0
BRDA:12,0,1,0
BRF:2
BRH:0
end_of_record
TN:
SF:src\components\atoms\Map\PickMapComponent.tsx
FN:17,(anonymous_0)
FN:24,(anonymous_1)
FN:36,(anonymous_2)
FN:54,(anonymous_3)
FNF:4
FNH:0
FNDA:0,(anonymous_0)
FNDA:0,(anonymous_1)
FNDA:0,(anonymous_2)
FNDA:0,(anonymous_3)
DA:17,5
DA:18,0
DA:19,0
DA:20,0
DA:24,0
DA:25,0
DA:30,0
DA:31,0
DA:33,0
DA:36,0
DA:37,0
DA:40,0
DA:54,0
DA:98,5
LF:14
LH:2
BRDA:52,0,0,0
BRDA:52,0,1,0
BRF:2
BRH:0
end_of_record
TN:
SF:src\components\atoms\Map\ShowMapComponent.tsx
FN:8,(anonymous_0)
FN:30,(anonymous_1)
FNF:2
FNH:0
FNDA:0,(anonymous_0)
FNDA:0,(anonymous_1)
DA:8,4
DA:9,0
DA:11,0
DA:30,0
DA:40,4
LF:5
LH:2
BRF:0
BRH:0
end_of_record
TN:
SF:src\components\atoms\Map\pickMapTemplate.js
FN:1,(anonymous_0)
FNF:1
FNH:0
FNDA:0,(anonymous_0)
DA:1,5
DA:2,0
LF:2
LH:1
BRF:0
BRH:0
end_of_record
TN:
SF:src\components\atoms\Map\showMapTemplate.js
FN:1,(anonymous_0)
FNF:1
FNH:0
FNDA:0,(anonymous_0)
DA:1,4
DA:2,0
LF:2
LH:1
BRF:0
BRH:0
end_of_record
TN:
SF:src\components\atoms\ProgressBar\StepWiseProgress.tsx
FN:8,(anonymous_0)
FN:11,(anonymous_1)
FNF:2
FNH:0
FNDA:0,(anonymous_0)
FNDA:0,(anonymous_1)
DA:8,3
DA:9,0
DA:12,0
DA:27,3
LF:4
LH:2
BRDA:19,0,0,0
BRDA:19,0,1,0
BRF:2
BRH:0
end_of_record
TN:
SF:src\components\molecules\Animation\AnimatedComponent.tsx
FN:13,(anonymous_0)
FNF:1
FNH:1
FNDA:5,(anonymous_0)
DA:13,6
DA:21,5
LF:2
LH:2
BRDA:18,0,0,2
BRDA:32,1,0,3
BRDA:32,1,1,2
BRF:3
BRH:3
end_of_record
TN:
SF:src\components\molecules\Animation\AnimatedImageComponent.tsx
FN:29,(anonymous_0)
FN:38,(anonymous_1)
FN:57,(anonymous_2)
FN:84,(anonymous_3)
FN:87,(anonymous_4)
FNF:5
FNH:3
FNDA:10,(anonymous_0)
FNDA:0,(anonymous_1)
FNDA:0,(anonymous_2)
FNDA:12,(anonymous_3)
FNDA:12,(anonymous_4)
DA:29,4
DA:30,10
DA:31,10
DA:32,10
DA:33,10
DA:34,10
DA:35,10
DA:36,10
DA:37,10
DA:39,0
DA:40,0
DA:41,0
DA:42,0
DA:44,0
DA:45,0
DA:46,0
DA:47,0
DA:48,0
DA:49,0
DA:51,0
DA:52,0
DA:53,0
DA:54,0
DA:58,0
DA:59,0
DA:60,0
DA:61,0
DA:62,0
DA:63,0
DA:64,0
DA:65,0
DA:66,0
DA:67,0
DA:68,0
DA:69,0
DA:70,0
DA:71,0
DA:72,0
DA:73,0
DA:74,0
DA:75,0
DA:77,0
DA:78,0
DA:79,0
DA:80,0
DA:81,0
DA:84,12
DA:87,12
DA:90,10
DA:116,4
LF:50
LH:13
BRDA:39,0,0,0
BRDA:39,0,1,0
BRDA:45,1,0,0
BRDA:45,1,1,0
BRDA:58,2,0,0
BRDA:58,2,1,0
BRDA:64,3,0,0
BRDA:64,3,1,0
BRDA:64,4,0,0
BRDA:64,4,1,0
BRDA:70,5,0,0
BRDA:70,5,1,0
BRDA:70,6,0,0
BRDA:70,6,1,0
BRDA:104,7,0,10
BRDA:104,7,1,10
BRF:16
BRH:2
end_of_record
TN:
SF:src\components\molecules\Animation\AnimatedObject.tsx
FN:11,(anonymous_0)
FNF:1
FNH:1
FNDA:7,(anonymous_0)
DA:11,6
DA:17,7
LF:2
LH:2
BRDA:14,0,0,7
BRDA:15,1,0,7
BRF:2
BRH:2
end_of_record
TN:
SF:src\components\molecules\Animation\AnimationTranslateScale.tsx
FN:13,(anonymous_0)
FN:39,(anonymous_1)
FNF:2
FNH:2
FNDA:29,(anonymous_0)
FNDA:18,(anonymous_1)
DA:13,7
DA:23,29
DA:24,29
DA:28,29
DA:32,29
DA:33,29
DA:38,29
DA:39,29
DA:40,18
DA:59,29
DA:74,7
LF:11
LH:11
BRDA:26,0,0,22
BRDA:26,0,1,7
BRDA:30,1,0,15
BRDA:30,1,1,14
BRDA:35,2,0,29
BRDA:35,2,1,0
BRDA:43,3,0,18
BRDA:43,3,1,0
BRDA:48,4,0,12
BRDA:48,4,1,6
BRDA:53,5,0,5
BRDA:53,5,1,13
BRDA:54,6,0,5
BRDA:54,6,1,13
BRF:14
BRH:12
end_of_record
TN:
SF:src\components\molecules\Contact\ContactListComponent.tsx
FN:22,(anonymous_0)
FN:30,(anonymous_1)
FN:47,(anonymous_2)
FN:55,(anonymous_3)
FNF:4
FNH:0
FNDA:0,(anonymous_0)
FNDA:0,(anonymous_1)
FNDA:0,(anonymous_2)
FNDA:0,(anonymous_3)
DA:22,2
DA:30,0
DA:31,0
DA:32,0
DA:33,0
DA:35,0
DA:36,0
DA:44,0
DA:48,0
DA:55,0
DA:70,2
LF:11
LH:2
BRDA:35,0,0,0
BRDA:35,0,1,0
BRDA:54,1,0,0
BRDA:54,1,1,0
BRDA:57,2,0,0
BRDA:57,2,1,0
BRF:6
BRH:0
end_of_record
TN:
SF:src\components\molecules\Contact\SingleContactComponent.tsx
FN:26,(anonymous_0)
FN:27,(anonymous_1)
FNF:2
FNH:0
FNDA:0,(anonymous_0)
FNDA:0,(anonymous_1)
DA:26,2
DA:27,0
DA:28,0
DA:30,0
DA:44,2
LF:5
LH:2
BRF:0
BRH:0
end_of_record
TN:
SF:src\components\molecules\Filter\AditionalFilterOptionComponent.tsx.tsx
FN:10,(anonymous_0)
FNF:1
FNH:1
FNDA:60,(anonymous_0)
DA:10,3
DA:14,60
DA:28,3
LF:3
LH:3
BRDA:19,0,0,0
BRDA:19,0,1,60
BRF:2
BRH:1
end_of_record
TN:
SF:src\components\molecules\Filter\FilterItemComponent.tsx
FN:31,(anonymous_0)
FN:38,(anonymous_1)
FN:46,(anonymous_2)
FN:49,(anonymous_3)
FN:53,(anonymous_4)
FN:56,(anonymous_5)
FN:75,(anonymous_6)
FN:101,(anonymous_7)
FN:144,(anonymous_8)
FN:146,(anonymous_9)
FN:165,(anonymous_10)
FN:172,(anonymous_11)
FN:183,(anonymous_12)
FNF:13
FNH:6
FNDA:14,(anonymous_0)
FNDA:2,(anonymous_1)
FNDA:4,(anonymous_2)
FNDA:0,(anonymous_3)
FNDA:0,(anonymous_4)
FNDA:0,(anonymous_5)
FNDA:0,(anonymous_6)
FNDA:0,(anonymous_7)
FNDA:1,(anonymous_8)
FNDA:0,(anonymous_9)
FNDA:40,(anonymous_10)
FNDA:52,(anonymous_11)
FNDA:0,(anonymous_12)
DA:24,3
DA:25,3
DA:31,3
DA:36,14
DA:37,14
DA:38,14
DA:39,2
DA:40,2
DA:41,96
DA:43,2
DA:46,14
DA:47,4
DA:49,14
DA:50,0
DA:51,0
DA:53,14
DA:54,0
DA:56,14
DA:57,0
DA:71,14
DA:102,0
DA:145,1
DA:166,40
DA:173,52
DA:183,0
DA:198,3
LF:26
LH:20
BRDA:104,0,0,0
BRDA:104,0,1,0
BRDA:106,1,0,0
BRDA:106,1,1,0
BRDA:119,2,0,14
BRDA:119,2,1,0
BRDA:119,3,0,14
BRDA:119,3,1,0
BRDA:130,4,0,14
BRDA:130,4,1,0
BRDA:130,5,0,14
BRDA:130,5,1,0
BRDA:140,6,0,14
BRDA:140,6,1,0
BRDA:145,7,0,1
BRDA:145,7,1,0
BRDA:179,8,0,14
BRDA:179,8,1,0
BRDA:183,9,0,14
BRDA:183,9,1,0
BRF:20
BRH:8
end_of_record
TN:
SF:src\components\molecules\Item\ContactOwnerComponent.tsx
FN:30,(anonymous_0)
FN:40,(anonymous_1)
FN:43,(anonymous_2)
FN:112,(anonymous_3)
FN:197,(anonymous_4)
FN:227,(anonymous_5)
FN:248,(anonymous_6)
FN:291,(anonymous_7)
FN:323,(anonymous_8)
FN:351,(anonymous_9)
FN:366,(anonymous_10)
FNF:11
FNH:0
FNDA:0,(anonymous_0)
FNDA:0,(anonymous_1)
FNDA:0,(anonymous_2)
FNDA:0,(anonymous_3)
FNDA:0,(anonymous_4)
FNDA:0,(anonymous_5)
FNDA:0,(anonymous_6)
FNDA:0,(anonymous_7)
FNDA:0,(anonymous_8)
FNDA:0,(anonymous_9)
FNDA:0,(anonymous_10)
DA:30,4
DA:35,0
DA:36,0
DA:37,0
DA:39,0
DA:40,0
DA:41,0
DA:43,0
DA:44,0
DA:45,0
DA:46,0
DA:53,0
DA:55,0
DA:56,0
DA:63,0
DA:66,0
DA:67,0
DA:73,0
DA:121,0
DA:198,0
DA:228,0
DA:249,0
DA:292,0
DA:324,0
DA:351,0
DA:370,0
DA:372,0
DA:384,4
DA:455,4
LF:29
LH:3
BRDA:66,0,0,0
BRDA:66,0,1,0
BRDA:88,1,0,0
BRDA:88,1,1,0
BRDA:99,2,0,0
BRDA:99,2,1,0
BRDA:140,3,0,0
BRDA:140,3,1,0
BRDA:156,4,0,0
BRDA:156,4,1,0
BRDA:192,5,0,0
BRDA:192,5,1,0
BRDA:206,6,0,0
BRDA:206,6,1,0
BRDA:223,7,0,0
BRDA:223,7,1,0
BRDA:236,8,0,0
BRDA:236,8,1,0
BRDA:245,9,0,0
BRDA:245,9,1,0
BRDA:258,10,0,0
BRDA:258,10,1,0
BRDA:258,11,0,0
BRDA:258,11,1,0
BRDA:287,12,0,0
BRDA:287,12,1,0
BRDA:300,13,0,0
BRDA:300,13,1,0
BRDA:319,14,0,0
BRDA:319,14,1,0
BRDA:332,15,0,0
BRDA:332,15,1,0
BRDA:346,16,0,0
BRDA:346,16,1,0
BRDA:346,17,0,0
BRDA:346,17,1,0
BRDA:350,18,0,0
BRDA:350,18,1,0
BRF:38
BRH:0
end_of_record
TN:
SF:src\components\molecules\Item\ItemViewComponent.tsx
FN:34,(anonymous_0)
FN:40,(anonymous_1)
FN:50,(anonymous_2)
FN:53,(anonymous_3)
FN:56,(anonymous_4)
FN:91,(anonymous_5)
FN:166,(anonymous_6)
FN:252,(anonymous_7)
FNF:8
FNH:2
FNDA:14,(anonymous_0)
FNDA:14,(anonymous_1)
FNDA:0,(anonymous_2)
FNDA:0,(anonymous_3)
FNDA:0,(anonymous_4)
FNDA:0,(anonymous_5)
FNDA:0,(anonymous_6)
FNDA:0,(anonymous_7)
DA:34,4
DA:40,14
DA:41,14
DA:43,14
DA:46,14
DA:47,14
DA:48,14
DA:49,14
DA:50,14
DA:51,0
DA:53,14
DA:54,0
DA:56,14
DA:57,0
DA:60,14
DA:91,0
DA:166,0
DA:252,0
DA:306,4
LF:19
LH:13
BRDA:69,0,0,4
BRDA:69,0,1,10
BRDA:104,1,0,10
BRDA:104,1,1,0
BRDA:228,2,0,10
BRDA:228,2,1,0
BRDA:258,3,0,10
BRDA:258,3,1,0
BRDA:272,4,0,10
BRDA:272,4,1,0
BRDA:283,5,0,10
BRDA:283,5,1,0
BRDA:294,6,0,0
BRDA:294,6,1,0
BRF:14
BRH:7
end_of_record
TN:
SF:src\components\molecules\Item\Card\CardsComponent.tsx
FN:22,(anonymous_0)
FN:31,(anonymous_1)
FN:50,(anonymous_2)
FN:58,(anonymous_3)
FNF:4
FNH:3
FNDA:71,(anonymous_0)
FNDA:0,(anonymous_1)
FNDA:110,(anonymous_2)
FNDA:133,(anonymous_3)
DA:22,4
DA:31,71
DA:32,0
DA:33,0
DA:34,0
DA:37,71
DA:38,1
DA:46,70
DA:51,110
DA:58,133
DA:72,4
LF:11
LH:8
BRDA:37,0,0,1
BRDA:37,0,1,70
BRDA:57,1,0,0
BRDA:57,1,1,70
BRDA:60,2,0,33
BRDA:60,2,1,37
BRF:6
BRH:5
end_of_record
TN:
SF:src\components\molecules\Item\Card\SingleCardComponent.tsx
FN:17,(anonymous_0)
FN:24,(anonymous_1)
FNF:2
FNH:2
FNDA:114,(anonymous_0)
FNDA:4,(anonymous_1)
DA:17,4
DA:22,114
DA:23,114
DA:24,114
DA:25,4
DA:29,114
DA:30,114
DA:176,4
LF:8
LH:8
BRDA:29,0,0,0
BRDA:29,0,1,114
BRDA:29,1,0,114
BRDA:29,1,1,0
BRDA:32,2,0,114
BRDA:32,2,1,4
BRF:6
BRH:4
end_of_record
TN:
SF:src\components\molecules\Item\Card\SingleCardComponentWithMatch.tsx
FN:7,(anonymous_0)
FN:14,(anonymous_1)
FNF:2
FNH:0
FNDA:0,(anonymous_0)
FNDA:0,(anonymous_1)
DA:7,2
DA:8,0
DA:9,0
DA:10,0
DA:11,0
DA:14,0
DA:15,0
DA:20,0
DA:56,2
LF:9
LH:2
BRDA:10,0,0,0
BRDA:10,0,1,0
BRDA:10,1,0,0
BRDA:10,1,1,0
BRDA:10,1,2,0
BRDA:33,2,0,0
BRDA:33,2,1,0
BRF:7
BRH:0
end_of_record
TN:
SF:src\components\molecules\ItemForm\NextStepButton.tsx
FN:11,(anonymous_0)
FNF:1
FNH:0
FNDA:0,(anonymous_0)
DA:11,3
DA:12,0
LF:2
LH:1
BRF:0
BRH:0
end_of_record
TN:
SF:src\components\molecules\ItemForm\PrevStepButton.tsx
FN:8,(anonymous_0)
FNF:1
FNH:0
FNDA:0,(anonymous_0)
DA:8,3
DA:9,0
LF:2
LH:1
BRF:0
BRH:0
end_of_record
TN:
SF:src\components\molecules\ItemForm\Step1ItemNameComponent.tsx
FN:11,(anonymous_0)
FN:18,(anonymous_1)
FNF:2
FNH:0
FNDA:0,(anonymous_0)
FNDA:0,(anonymous_1)
DA:11,3
DA:18,0
DA:19,0
DA:22,0
LF:4
LH:1
BRDA:19,0,0,0
BRDA:19,0,1,0
BRF:2
BRH:0
end_of_record
TN:
SF:src\components\molecules\ItemForm\Step2SelectColorComponent.tsx
FN:12,(anonymous_0)
FN:20,(anonymous_1)
FN:27,(anonymous_2)
FN:68,(anonymous_3)
FN:73,(anonymous_4)
FN:76,(anonymous_5)
FNF:6
FNH:0
FNDA:0,(anonymous_0)
FNDA:0,(anonymous_1)
FNDA:0,(anonymous_2)
FNDA:0,(anonymous_3)
FNDA:0,(anonymous_4)
FNDA:0,(anonymous_5)
DA:12,3
DA:20,0
DA:21,0
DA:22,0
DA:23,0
DA:25,0
DA:27,0
DA:28,0
DA:31,0
DA:69,0
DA:73,0
DA:77,0
LF:12
LH:1
BRF:0
BRH:0
end_of_record
TN:
SF:src\components\molecules\ItemForm\Step3DateTimeComponent.tsx
FN:14,(anonymous_0)
FN:26,(anonymous_1)
FN:31,(anonymous_2)
FN:40,(anonymous_3)
FN:44,(anonymous_4)
FN:48,(anonymous_5)
FNF:6
FNH:0
FNDA:0,(anonymous_0)
FNDA:0,(anonymous_1)
FNDA:0,(anonymous_2)
FNDA:0,(anonymous_3)
FNDA:0,(anonymous_4)
FNDA:0,(anonymous_5)
DA:14,3
DA:22,0
DA:26,0
DA:27,0
DA:28,0
DA:31,0
DA:32,0
DA:40,0
DA:41,0
DA:44,0
DA:45,0
DA:48,0
DA:49,0
DA:51,0
LF:14
LH:1
BRDA:23,0,0,0
BRDA:23,0,1,0
BRF:2
BRH:0
end_of_record
TN:
SF:src\components\molecules\ItemForm\Step4DescriptionComponent.tsx
FN:10,(anonymous_0)
FN:17,(anonymous_1)
FNF:2
FNH:0
FNDA:0,(anonymous_0)
FNDA:0,(anonymous_1)
DA:10,3
DA:17,0
DA:18,0
DA:21,0
LF:4
LH:1
BRDA:18,0,0,0
BRDA:18,0,1,0
BRF:2
BRH:0
end_of_record
TN:
SF:src\components\molecules\ItemForm\Step5CategoryComponent.tsx
FN:12,(anonymous_0)
FN:20,(anonymous_1)
FN:27,(anonymous_2)
FN:70,(anonymous_3)
FN:74,(anonymous_4)
FN:79,(anonymous_5)
FNF:6
FNH:0
FNDA:0,(anonymous_0)
FNDA:0,(anonymous_1)
FNDA:0,(anonymous_2)
FNDA:0,(anonymous_3)
FNDA:0,(anonymous_4)
FNDA:0,(anonymous_5)
DA:12,3
DA:20,0
DA:21,0
DA:22,0
DA:23,0
DA:25,0
DA:27,0
DA:28,0
DA:31,0
DA:71,0
DA:75,0
DA:80,0
LF:12
LH:1
BRF:0
BRH:0
end_of_record
TN:
SF:src\components\molecules\ItemForm\Step6UploadPicturesComponent.tsx
FN:15,(anonymous_0)
FN:23,(anonymous_1)
FN:41,(anonymous_2)
FN:96,(anonymous_3)
FN:117,(anonymous_4)
FNF:5
FNH:0
FNDA:0,(anonymous_0)
FNDA:0,(anonymous_1)
FNDA:0,(anonymous_2)
FNDA:0,(anonymous_3)
FNDA:0,(anonymous_4)
DA:15,3
DA:23,0
DA:26,0
DA:28,0
DA:29,0
DA:32,0
DA:34,0
DA:35,0
DA:36,0
DA:37,0
DA:38,0
DA:41,0
DA:42,0
DA:44,0
DA:96,0
DA:117,0
LF:16
LH:1
BRDA:28,0,0,0
BRDA:28,0,1,0
BRDA:34,1,0,0
BRDA:34,1,1,0
BRDA:97,2,0,0
BRDA:97,2,1,0
BRDA:118,3,0,0
BRDA:118,3,1,0
BRF:8
BRH:0
end_of_record
TN:
SF:src\components\molecules\ItemForm\Step7BrandandCityComponent.tsx
FN:10,(anonymous_0)
FN:17,(anonymous_1)
FNF:2
FNH:0
FNDA:0,(anonymous_0)
FNDA:0,(anonymous_1)
DA:10,3
DA:17,0
DA:18,0
DA:26,0
LF:4
LH:1
BRDA:19,0,0,0
BRDA:19,0,1,0
BRDA:19,0,2,0
BRDA:19,0,3,0
BRF:4
BRH:0
end_of_record
TN:
SF:src\components\molecules\ItemForm\Step8SetLocationComponent.tsx
FN:15,(anonymous_0)
FN:29,(anonymous_1)
FN:33,(anonymous_2)
FN:36,(anonymous_3)
FN:82,(anonymous_4)
FN:103,(anonymous_5)
FNF:6
FNH:0
FNDA:0,(anonymous_0)
FNDA:0,(anonymous_1)
FNDA:0,(anonymous_2)
FNDA:0,(anonymous_3)
FNDA:0,(anonymous_4)
FNDA:0,(anonymous_5)
DA:15,3
DA:27,0
DA:28,0
DA:29,0
DA:30,0
DA:33,0
DA:34,0
DA:36,0
DA:37,0
DA:38,0
DA:40,0
DA:47,0
DA:49,0
DA:50,0
DA:59,0
DA:83,0
DA:84,0
DA:85,0
DA:103,0
LF:19
LH:1
BRDA:78,0,0,0
BRDA:78,0,1,0
BRDA:135,1,0,0
BRDA:135,1,1,0
BRF:4
BRH:0
end_of_record
TN:
SF:src\components\molecules\Message\MessageListComponent.tsx
FN:14,(anonymous_0)
FN:21,(anonymous_1)
FN:38,(anonymous_2)
FN:43,(anonymous_3)
FNF:4
FNH:0
FNDA:0,(anonymous_0)
FNDA:0,(anonymous_1)
FNDA:0,(anonymous_2)
FNDA:0,(anonymous_3)
DA:14,2
DA:21,0
DA:22,0
DA:23,0
DA:24,0
DA:26,0
DA:27,0
DA:35,0
DA:39,0
DA:43,0
DA:60,2
LF:11
LH:2
BRDA:26,0,0,0
BRDA:26,0,1,0
BRDA:42,1,0,0
BRDA:42,1,1,0
BRDA:45,2,0,0
BRDA:45,2,1,0
BRF:6
BRH:0
end_of_record
TN:
SF:src\components\molecules\Message\SingleMessageComponent.tsx
FN:20,(anonymous_0)
FN:24,(anonymous_1)
FN:66,(anonymous_2)
FN:80,(anonymous_3)
FN:98,(anonymous_4)
FNF:5
FNH:0
FNDA:0,(anonymous_0)
FNDA:0,(anonymous_1)
FNDA:0,(anonymous_2)
FNDA:0,(anonymous_3)
FNDA:0,(anonymous_4)
DA:20,2
DA:21,0
DA:22,0
DA:23,0
DA:24,0
DA:25,0
DA:27,0
DA:66,0
DA:80,0
DA:99,0
DA:136,2
LF:11
LH:2
BRDA:31,0,0,0
BRDA:31,0,1,0
BRDA:42,1,0,0
BRDA:42,1,1,0
BRDA:47,2,0,0
BRDA:47,2,1,0
BRDA:55,3,0,0
BRDA:55,3,1,0
BRDA:57,4,0,0
BRDA:57,4,1,0
BRDA:57,5,0,0
BRDA:57,5,1,0
BRDA:61,6,0,0
BRDA:61,6,1,0
BRDA:71,7,0,0
BRDA:71,7,1,0
BRDA:71,8,0,0
BRDA:71,8,1,0
BRDA:75,9,0,0
BRDA:75,9,1,0
BRDA:89,10,0,0
BRDA:89,10,1,0
BRDA:95,11,0,0
BRDA:95,11,1,0
BRDA:118,12,0,0
BRDA:118,12,1,0
BRF:26
BRH:0
end_of_record
TN:
SF:src\components\molecules\profile\EmailComponent.tsx
FN:31,(anonymous_0)
FN:45,(anonymous_1)
FN:57,(anonymous_2)
FN:62,(anonymous_3)
FN:85,(anonymous_4)
FN:107,(anonymous_5)
FN:110,(anonymous_6)
FN:111,(anonymous_7)
FN:127,(anonymous_8)
FN:291,(anonymous_9)
FN:296,(anonymous_10)
FN:301,(anonymous_11)
FN:307,(anonymous_12)
FN:346,(anonymous_13)
FNF:14
FNH:0
FNDA:0,(anonymous_0)
FNDA:0,(anonymous_1)
FNDA:0,(anonymous_2)
FNDA:0,(anonymous_3)
FNDA:0,(anonymous_4)
FNDA:0,(anonymous_5)
FNDA:0,(anonymous_6)
FNDA:0,(anonymous_7)
FNDA:0,(anonymous_8)
FNDA:0,(anonymous_9)
FNDA:0,(anonymous_10)
FNDA:0,(anonymous_11)
FNDA:0,(anonymous_12)
FNDA:0,(anonymous_13)
DA:31,2
DA:32,0
DA:33,0
DA:34,0
DA:35,0
DA:36,0
DA:37,0
DA:38,0
DA:39,0
DA:40,0
DA:41,0
DA:42,0
DA:43,0
DA:44,0
DA:45,0
DA:46,0
DA:47,0
DA:48,0
DA:49,0
DA:50,0
DA:51,0
DA:52,0
DA:54,0
DA:57,0
DA:58,0
DA:59,0
DA:62,0
DA:63,0
DA:64,0
DA:65,0
DA:66,0
DA:67,0
DA:68,0
DA:69,0
DA:70,0
DA:71,0
DA:74,0
DA:75,0
DA:76,0
DA:77,0
DA:78,0
DA:79,0
DA:83,0
DA:85,0
DA:86,0
DA:87,0
DA:91,0
DA:92,0
DA:94,0
DA:103,0
DA:104,0
DA:107,0
DA:108,0
DA:110,0
DA:111,0
DA:112,0
DA:113,0
DA:116,0
DA:117,0
DA:118,0
DA:119,0
DA:121,0
DA:122,0
DA:127,0
DA:128,0
DA:131,0
DA:291,0
DA:296,0
DA:301,0
DA:307,0
DA:347,0
DA:402,2
LF:72
LH:2
BRDA:65,0,0,0
BRDA:65,0,1,0
BRDA:66,1,0,0
BRDA:66,1,1,0
BRDA:68,2,0,0
BRDA:68,2,1,0
BRDA:70,3,0,0
BRDA:70,3,1,0
BRDA:74,4,0,0
BRDA:74,4,1,0
BRDA:76,5,0,0
BRDA:76,5,1,0
BRDA:78,6,0,0
BRDA:78,6,1,0
BRDA:112,7,0,0
BRDA:112,7,1,0
BRDA:116,8,0,0
BRDA:116,8,1,0
BRDA:117,9,0,0
BRDA:117,9,1,0
BRDA:133,10,0,0
BRDA:133,10,1,0
BRDA:185,11,0,0
BRDA:185,11,1,0
BRDA:233,12,0,0
BRDA:233,12,1,0
BRDA:312,13,0,0
BRDA:312,13,1,0
BRDA:312,14,0,0
BRDA:312,14,1,0
BRDA:320,15,0,0
BRDA:320,15,1,0
BRDA:321,16,0,0
BRDA:321,16,1,0
BRDA:341,17,0,0
BRDA:341,17,1,0
BRDA:360,18,0,0
BRDA:360,18,1,0
BRDA:388,19,0,0
BRDA:388,19,1,0
BRDA:388,20,0,0
BRDA:388,20,1,0
BRDA:388,20,2,0
BRDA:392,21,0,0
BRDA:392,21,1,0
BRF:45
BRH:0
end_of_record
TN:
SF:src\components\molecules\profile\NotLoggedInProfileComponent.tsx
FN:16,(anonymous_0)
FNF:1
FNH:0
FNDA:0,(anonymous_0)
DA:16,4
DA:20,0
LF:2
LH:1
BRDA:18,0,0,0
BRF:1
BRH:0
end_of_record
TN:
SF:src\components\molecules\profile\PhoneNumberComponent.tsx
FN:14,(anonymous_0)
FN:27,(anonymous_1)
FN:33,(anonymous_2)
FN:47,(anonymous_3)
FN:56,(anonymous_4)
FNF:5
FNH:0
FNDA:0,(anonymous_0)
FNDA:0,(anonymous_1)
FNDA:0,(anonymous_2)
FNDA:0,(anonymous_3)
FNDA:0,(anonymous_4)
DA:14,2
DA:19,0
DA:22,0
DA:23,0
DA:24,0
DA:25,0
DA:26,0
DA:27,0
DA:28,0
DA:29,0
DA:30,0
DA:31,0
DA:33,0
DA:34,0
DA:35,0
DA:36,0
DA:40,0
DA:42,0
DA:44,0
DA:47,0
DA:48,0
DA:57,0
DA:116,2
LF:23
LH:2
BRDA:31,0,0,0
BRDA:31,0,1,0
BRDA:34,1,0,0
BRDA:34,1,1,0
BRDA:50,2,0,0
BRDA:50,2,1,0
BRDA:50,3,0,0
BRDA:50,3,1,0
BRDA:67,4,0,0
BRDA:67,4,1,0
BRDA:69,5,0,0
BRDA:69,5,1,0
BRF:12
BRH:0
end_of_record
TN:
SF:src\components\molecules\profile\UserAddressComponent.tsx
FN:17,(anonymous_0)
FN:28,(anonymous_1)
FN:42,(anonymous_2)
FN:54,(anonymous_3)
FN:58,(anonymous_4)
FN:62,(anonymous_5)
FN:65,(anonymous_6)
FN:74,(anonymous_7)
FN:113,(anonymous_8)
FNF:9
FNH:0
FNDA:0,(anonymous_0)
FNDA:0,(anonymous_1)
FNDA:0,(anonymous_2)
FNDA:0,(anonymous_3)
FNDA:0,(anonymous_4)
FNDA:0,(anonymous_5)
FNDA:0,(anonymous_6)
FNDA:0,(anonymous_7)
FNDA:0,(anonymous_8)
DA:17,2
DA:22,0
DA:23,0
DA:24,0
DA:25,0
DA:26,0
DA:28,0
DA:29,0
DA:30,0
DA:34,0
DA:36,0
DA:38,0
DA:39,0
DA:42,0
DA:43,0
DA:44,0
DA:46,0
DA:47,0
DA:50,0
DA:51,0
DA:54,0
DA:55,0
DA:56,0
DA:58,0
DA:59,0
DA:62,0
DA:63,0
DA:65,0
DA:66,0
DA:67,0
DA:69,0
DA:71,0
DA:74,0
DA:75,0
DA:76,0
DA:77,0
DA:78,0
DA:79,0
DA:82,0
DA:84,0
DA:85,0
DA:86,0
DA:90,0
DA:92,0
DA:93,0
DA:96,0
DA:99,0
DA:114,0
DA:155,2
LF:49
LH:2
BRDA:46,0,0,0
BRDA:46,0,1,0
BRDA:56,1,0,0
BRDA:56,1,1,0
BRDA:56,2,0,0
BRDA:56,2,1,0
BRDA:77,3,0,0
BRDA:77,3,1,0
BRDA:84,4,0,0
BRDA:84,4,1,0
BRDA:101,5,0,0
BRDA:101,5,1,0
BRDA:101,6,0,0
BRDA:101,6,1,0
BRDA:106,7,0,0
BRDA:106,7,1,0
BRF:16
BRH:0
end_of_record
TN:
SF:src\components\molecules\profile\UserUpdatePrivacyComponent.tsx
FN:19,(anonymous_0)
FN:27,(anonymous_1)
FN:52,(anonymous_2)
FN:54,(anonymous_3)
FN:69,(anonymous_4)
FN:71,(anonymous_5)
FN:84,(anonymous_6)
FN:86,(anonymous_7)
FNF:8
FNH:0
FNDA:0,(anonymous_0)
FNDA:0,(anonymous_1)
FNDA:0,(anonymous_2)
FNDA:0,(anonymous_3)
FNDA:0,(anonymous_4)
FNDA:0,(anonymous_5)
FNDA:0,(anonymous_6)
FNDA:0,(anonymous_7)
DA:19,2
DA:25,0
DA:27,0
DA:28,0
DA:29,0
DA:34,0
DA:37,0
DA:53,0
DA:55,0
DA:70,0
DA:72,0
DA:85,0
DA:87,0
DA:99,2
LF:14
LH:2
BRDA:56,0,0,0
BRDA:56,0,1,0
BRDA:73,1,0,0
BRDA:73,1,1,0
BRDA:88,2,0,0
BRDA:88,2,1,0
BRF:6
BRH:0
end_of_record
TN:
SF:src\configs\key.config.js
FNF:0
FNH:0
DA:2,7
DA:3,7
LF:2
LH:2
BRF:0
BRH:0
end_of_record
TN:
SF:src\configs\routesConfig.js
FNF:0
FNH:0
DA:1,2
LF:1
LH:1
BRF:0
BRH:0
end_of_record
TN:
SF:src\configs\toastConfig.js
FN:6,(anonymous_0)
FN:9,(anonymous_1)
FN:18,(anonymous_2)
FN:21,(anonymous_3)
FN:30,(anonymous_4)
FN:33,(anonymous_5)
FN:42,(anonymous_6)
FN:45,(anonymous_7)
FN:56,(anonymous_8)
FN:93,(anonymous_9)
FNF:10
FNH:3
FNDA:0,(anonymous_0)
FNDA:0,(anonymous_1)
FNDA:0,(anonymous_2)
FNDA:0,(anonymous_3)
FNDA:0,(anonymous_4)
FNDA:0,(anonymous_5)
FNDA:7,(anonymous_6)
FNDA:7,(anonymous_7)
FNDA:7,(anonymous_8)
FNDA:0,(anonymous_9)
DA:5,2
DA:7,0
DA:10,0
DA:19,0
DA:22,0
DA:31,0
DA:34,0
DA:43,7
DA:46,7
DA:56,2
DA:57,7
DA:93,0
LF:12
LH:5
BRDA:96,0,0,7
BRDA:96,0,1,0
BRF:2
BRH:1
end_of_record
TN:
SF:src\constants\icons.js
FNF:0
FNH:0
LF:0
LH:0
BRF:0
BRH:0
end_of_record
TN:
SF:src\constants\item.ts
FN:71,(anonymous_0)
FNF:1
FNH:1
FNDA:240,(anonymous_0)
DA:1,5
DA:19,5
DA:70,5
DA:71,240
LF:4
LH:4
BRF:0
BRH:0
end_of_record
TN:
SF:src\constants\theme.js
FNF:0
FNH:0
DA:2,7
DA:4,7
DA:47,7
DA:68,7
DA:72,7
DA:115,7
LF:6
LH:6
BRF:0
BRH:0
end_of_record
TN:
SF:src\interfaces\initials.ts
FNF:0
FNH:0
DA:3,3
LF:1
LH:1
BRF:0
BRH:0
end_of_record
TN:
SF:src\redux\store.ts
FN:14,(anonymous_0)
FNF:1
FNH:1
FNDA:7,(anonymous_0)
DA:7,7
DA:15,7
LF:2
LH:2
BRF:0
BRH:0
end_of_record
TN:
SF:src\redux\services\api-service.ts
FN:8,(anonymous_0)
FN:19,(anonymous_1)
FN:41,(anonymous_2)
FNF:3
FNH:3
FNDA:15,(anonymous_0)
FNDA:15,(anonymous_1)
FNDA:7,(anonymous_2)
DA:5,7
DA:9,15
DA:11,15
DA:12,0
DA:14,15
DA:15,15
DA:19,7
DA:20,15
DA:21,15
DA:23,0
DA:25,0
DA:26,0
DA:28,0
DA:30,0
DA:32,0
DA:36,15
DA:39,7
DA:41,7
LF:18
LH:11
BRDA:11,0,0,0
BRDA:11,0,1,15
BRDA:21,1,0,0
BRDA:21,1,1,15
BRDA:25,2,0,0
BRDA:25,2,1,0
BRF:6
BRH:2
end_of_record
TN:
SF:src\redux\services\auth-service.ts
FN:15,(anonymous_0)
FN:17,(anonymous_1)
FN:27,(anonymous_2)
FN:36,(anonymous_3)
FN:39,(anonymous_4)
FN:42,(anonymous_5)
FN:48,(anonymous_6)
FN:57,(anonymous_7)
FN:69,(anonymous_8)
FN:70,(anonymous_9)
FN:87,(anonymous_10)
FNF:11
FNH:3
FNDA:3,(anonymous_0)
FNDA:0,(anonymous_1)
FNDA:0,(anonymous_2)
FNDA:0,(anonymous_3)
FNDA:0,(anonymous_4)
FNDA:0,(anonymous_5)
FNDA:0,(anonymous_6)
FNDA:0,(anonymous_7)
FNDA:7,(anonymous_8)
FNDA:7,(anonymous_9)
FNDA:0,(anonymous_10)
DA:14,3
DA:15,3
DA:18,0
DA:28,0
DA:36,0
DA:40,0
DA:43,0
DA:44,0
DA:49,0
DA:58,0
DA:69,3
DA:70,7
DA:71,7
DA:74,7
DA:75,0
DA:76,0
DA:77,0
DA:78,0
DA:79,0
DA:81,0
DA:87,3
DA:88,0
DA:97,3
LF:23
LH:8
BRDA:43,0,0,0
BRDA:43,0,1,0
BRDA:74,1,0,7
BRDA:74,1,1,0
BRDA:78,2,0,0
BRDA:78,2,1,0
BRF:6
BRH:1
end_of_record
TN:
SF:src\redux\services\message-service.ts
FN:4,(anonymous_0)
FN:6,(anonymous_1)
FN:20,(anonymous_2)
FN:30,(anonymous_3)
FNF:4
FNH:1
FNDA:4,(anonymous_0)
FNDA:0,(anonymous_1)
FNDA:0,(anonymous_2)
FNDA:0,(anonymous_3)
DA:3,4
DA:4,4
DA:6,0
DA:21,0
DA:30,0
DA:44,4
LF:6
LH:3
BRF:0
BRH:0
end_of_record
TN:
SF:src\redux\services\otp-service.ts
FN:4,(anonymous_0)
FN:6,(anonymous_1)
FN:11,(anonymous_2)
FN:17,(anonymous_3)
FNF:4
FNH:1
FNDA:2,(anonymous_0)
FNDA:0,(anonymous_1)
FNDA:0,(anonymous_2)
FNDA:0,(anonymous_3)
DA:3,2
DA:4,2
DA:7,0
DA:12,0
DA:18,0
DA:26,2
LF:6
LH:3
BRF:0
BRH:0
end_of_record
TN:
SF:src\redux\services\post-service.ts
FN:5,(anonymous_0)
FN:7,(anonymous_1)
FN:10,(anonymous_2)
FN:16,(anonymous_3)
FN:19,(anonymous_4)
FN:25,(anonymous_5)
FN:31,(anonymous_6)
FN:34,(anonymous_7)
FN:39,(anonymous_8)
FN:45,(anonymous_9)
FN:48,(anonymous_10)
FN:53,(anonymous_11)
FN:63,(anonymous_12)
FN:66,(anonymous_13)
FN:72,(anonymous_14)
FN:79,(anonymous_15)
FNF:16
FNH:8
FNDA:5,(anonymous_0)
FNDA:1,(anonymous_1)
FNDA:1,(anonymous_2)
FNDA:8,(anonymous_3)
FNDA:8,(anonymous_4)
FNDA:8,(anonymous_5)
FNDA:0,(anonymous_6)
FNDA:0,(anonymous_7)
FNDA:0,(anonymous_8)
FNDA:2,(anonymous_9)
FNDA:2,(anonymous_10)
FNDA:0,(anonymous_11)
FNDA:0,(anonymous_12)
FNDA:0,(anonymous_13)
FNDA:0,(anonymous_14)
FNDA:0,(anonymous_15)
DA:4,5
DA:5,5
DA:8,1
DA:11,1
DA:17,8
DA:18,8
DA:19,8
DA:20,8
DA:23,8
DA:26,8
DA:32,0
DA:33,0
DA:34,0
DA:35,0
DA:37,0
DA:40,0
DA:46,2
DA:49,2
DA:54,0
DA:64,0
DA:67,0
DA:73,0
DA:80,0
DA:98,5
LF:24
LH:13
BRF:0
BRH:0
end_of_record
TN:
SF:src\redux\services\profile-service.ts
FN:4,(anonymous_0)
FN:6,(anonymous_1)
FN:9,(anonymous_2)
FN:15,(anonymous_3)
FN:18,(anonymous_4)
FN:24,(anonymous_5)
FNF:6
FNH:2
FNDA:4,(anonymous_0)
FNDA:0,(anonymous_1)
FNDA:0,(anonymous_2)
FNDA:4,(anonymous_3)
FNDA:0,(anonymous_4)
FNDA:0,(anonymous_5)
DA:3,4
DA:4,4
DA:7,0
DA:10,0
DA:16,4
DA:19,0
DA:25,0
DA:41,4
LF:8
LH:4
BRF:0
BRH:0
end_of_record
TN:
SF:src\redux\slices\authSlice.ts
FN:15,(anonymous_0)
FN:23,(anonymous_1)
FN:27,(anonymous_2)
FN:30,(anonymous_3)
FN:42,(anonymous_4)
FN:43,(anonymous_5)
FN:44,(anonymous_6)
FN:45,(anonymous_7)
FN:47,(anonymous_8)
FNF:9
FNH:3
FNDA:0,(anonymous_0)
FNDA:0,(anonymous_1)
FNDA:0,(anonymous_2)
FNDA:0,(anonymous_3)
FNDA:50,(anonymous_4)
FNDA:0,(anonymous_5)
FNDA:0,(anonymous_6)
FNDA:2,(anonymous_7)
FNDA:255,(anonymous_8)
DA:5,7
DA:11,7
DA:16,0
DA:17,0
DA:18,0
DA:20,0
DA:21,0
DA:24,0
DA:25,0
DA:28,0
DA:31,0
DA:32,0
DA:38,7
DA:42,50
DA:43,7
DA:44,7
DA:45,7
DA:46,2
DA:47,7
DA:48,255
DA:49,255
LF:21
LH:11
BRDA:18,0,0,0
BRDA:18,0,1,0
BRDA:20,1,0,0
BRDA:20,1,1,0
BRDA:49,2,0,0
BRDA:49,2,1,255
BRF:6
BRH:1
end_of_record
TN:
SF:src\redux\slices\postSlice.ts
FN:29,(anonymous_0)
FN:36,(anonymous_1)
FN:41,(anonymous_2)
FN:45,(anonymous_3)
FN:49,(anonymous_4)
FN:54,(anonymous_5)
FN:71,(anonymous_6)
FN:72,(anonymous_7)
FN:73,(anonymous_8)
FN:74,(anonymous_9)
FN:78,(anonymous_10)
FN:79,(anonymous_11)
FN:80,(anonymous_12)
FN:81,(anonymous_13)
FNF:14
FNH:7
FNDA:11,(anonymous_0)
FNDA:8,(anonymous_1)
FNDA:2,(anonymous_2)
FNDA:0,(anonymous_3)
FNDA:0,(anonymous_4)
FNDA:0,(anonymous_5)
FNDA:226,(anonymous_6)
FNDA:159,(anonymous_7)
FNDA:143,(anonymous_8)
FNDA:214,(anonymous_9)
FNDA:0,(anonymous_10)
FNDA:0,(anonymous_11)
FNDA:0,(anonymous_12)
FNDA:0,(anonymous_13)
DA:15,7
DA:25,7
DA:30,11
DA:31,11
DA:32,11
DA:33,37
DA:34,11
DA:37,8
DA:38,8
DA:39,8
DA:42,2
DA:43,2
DA:46,0
DA:47,0
DA:50,0
DA:51,0
DA:52,0
DA:55,0
DA:56,0
DA:68,7
DA:71,226
DA:72,159
DA:73,143
DA:74,214
DA:78,7
DA:79,7
DA:80,7
DA:81,7
DA:82,0
LF:29
LH:21
BRF:0
BRH:0
end_of_record
TN:
SF:src\redux\slices\sreenSilce.ts
FN:15,(anonymous_0)
FN:18,(anonymous_1)
FN:31,(anonymous_2)
FN:33,(anonymous_3)
FNF:4
FNH:3
FNDA:2,(anonymous_0)
FNDA:0,(anonymous_1)
FNDA:238,(anonymous_2)
FNDA:43,(anonymous_3)
DA:7,7
DA:11,7
DA:16,2
DA:19,0
DA:28,7
DA:31,7
DA:32,238
DA:33,7
DA:34,43
LF:9
LH:8
BRF:0
BRH:0
end_of_record
TN:
SF:src\screens\AddItemScreen.tsx
FN:11,(anonymous_0)
FNF:1
FNH:0
FNDA:0,(anonymous_0)
DA:8,2
DA:11,2
DA:12,0
DA:30,2
LF:4
LH:3
BRF:0
BRH:0
end_of_record
TN:
SF:src\screens\FeedScreen.tsx
FN:11,(anonymous_0)
FN:22,(anonymous_1)
FNF:2
FNH:2
FNDA:8,(anonymous_0)
FNDA:7,(anonymous_1)
DA:8,2
DA:11,2
DA:12,8
DA:22,7
DA:40,2
LF:5
LH:5
BRF:0
BRH:0
end_of_record
TN:
SF:src\screens\HomeScreen.tsx
FN:28,(anonymous_0)
FN:49,(anonymous_1)
FN:65,(anonymous_2)
FN:82,(anonymous_3)
FN:94,(anonymous_4)
FN:112,(anonymous_5)
FN:124,(anonymous_6)
FN:142,(anonymous_7)
FN:154,(anonymous_8)
FNF:9
FNH:6
FNDA:8,(anonymous_0)
FNDA:14,(anonymous_1)
FNDA:14,(anonymous_2)
FNDA:0,(anonymous_3)
FNDA:14,(anonymous_4)
FNDA:0,(anonymous_5)
FNDA:14,(anonymous_6)
FNDA:0,(anonymous_7)
FNDA:14,(anonymous_8)
DA:16,2
DA:17,2
DA:28,2
DA:29,8
DA:30,7
DA:33,7
DA:50,14
DA:66,14
DA:82,0
DA:95,14
DA:112,0
DA:125,14
DA:142,0
DA:155,14
DA:171,2
LF:15
LH:12
BRDA:40,0,0,0
BRDA:40,0,1,7
BRDA:40,1,0,7
BRDA:40,1,1,7
BRDA:52,2,0,7
BRDA:52,2,1,7
BRDA:54,3,0,7
BRDA:54,3,1,7
BRDA:68,4,0,7
BRDA:68,4,1,7
BRDA:70,5,0,7
BRDA:70,5,1,7
BRDA:97,6,0,7
BRDA:97,6,1,7
BRDA:99,7,0,7
BRDA:99,7,1,7
BRDA:127,8,0,7
BRDA:127,8,1,7
BRDA:129,9,0,7
BRDA:129,9,1,7
BRDA:157,10,0,7
BRDA:157,10,1,7
BRDA:159,11,0,7
BRDA:159,11,1,7
BRF:24
BRH:23
end_of_record
TN:
SF:src\screens\MessageScreen.tsx
FN:10,(anonymous_0)
FNF:1
FNH:0
FNDA:0,(anonymous_0)
DA:7,2
DA:10,2
DA:11,0
DA:30,2
LF:4
LH:3
BRF:0
BRH:0
end_of_record
TN:
SF:src\screens\ProfileScreen.tsx
FN:45,(anonymous_0)
FN:53,(anonymous_1)
FN:72,(anonymous_2)
FN:179,(anonymous_3)
FN:190,(anonymous_4)
FN:201,(anonymous_5)
FN:223,(anonymous_6)
FN:235,(anonymous_7)
FN:237,(anonymous_8)
FN:249,(anonymous_9)
FN:251,(anonymous_10)
FN:264,(anonymous_11)
FN:266,(anonymous_12)
FN:278,(anonymous_13)
FN:280,(anonymous_14)
FNF:15
FNH:0
FNDA:0,(anonymous_0)
FNDA:0,(anonymous_1)
FNDA:0,(anonymous_2)
FNDA:0,(anonymous_3)
FNDA:0,(anonymous_4)
FNDA:0,(anonymous_5)
FNDA:0,(anonymous_6)
FNDA:0,(anonymous_7)
FNDA:0,(anonymous_8)
FNDA:0,(anonymous_9)
FNDA:0,(anonymous_10)
FNDA:0,(anonymous_11)
FNDA:0,(anonymous_12)
FNDA:0,(anonymous_13)
FNDA:0,(anonymous_14)
DA:39,2
DA:45,2
DA:46,0
DA:47,0
DA:50,0
DA:51,0
DA:52,0
DA:53,0
DA:56,0
DA:58,0
DA:59,0
DA:61,0
DA:62,0
DA:64,0
DA:65,0
DA:67,0
DA:68,0
DA:72,0
DA:75,0
DA:77,0
DA:78,0
DA:81,0
DA:83,0
DA:84,0
DA:85,0
DA:86,0
DA:90,0
DA:92,0
DA:96,0
DA:97,0
DA:99,0
DA:179,0
DA:190,0
DA:201,0
DA:223,0
DA:235,0
DA:237,0
DA:249,0
DA:251,0
DA:264,0
DA:266,0
DA:278,0
DA:280,0
DA:292,2
LF:44
LH:3
BRDA:48,0,0,0
BRDA:48,0,1,0
BRDA:56,1,0,0
BRDA:56,1,1,0
BRDA:56,1,2,0
BRDA:56,1,3,0
BRDA:56,1,4,0
BRDA:77,2,0,0
BRDA:77,2,1,0
BRDA:83,3,0,0
BRDA:83,3,1,0
BRDA:96,4,0,0
BRDA:96,4,1,0
BRDA:117,5,0,0
BRDA:117,5,1,0
BRDA:117,6,0,0
BRDA:117,6,1,0
BRDA:119,7,0,0
BRDA:119,7,1,0
BRDA:125,8,0,0
BRDA:125,8,1,0
BRDA:228,9,0,0
BRDA:228,9,1,0
BRDA:230,10,0,0
BRDA:230,10,1,0
BRDA:243,11,0,0
BRDA:243,11,1,0
BRDA:245,12,0,0
BRDA:245,12,1,0
BRDA:257,13,0,0
BRDA:257,13,1,0
BRDA:259,14,0,0
BRDA:259,14,1,0
BRDA:272,15,0,0
BRDA:272,15,1,0
BRF:35
BRH:0
end_of_record
TN:
SF:src\screens\authScreens\AuthScreen.tsx
FN:15,(anonymous_0)
FNF:1
FNH:1
FNDA:1,(anonymous_0)
DA:11,2
DA:15,2
DA:16,1
DA:18,1
DA:69,2
LF:5
LH:5
BRF:0
BRH:0
end_of_record
TN:
SF:src\screens\authScreens\ForgotPasswordScreen.tsx
FN:34,(anonymous_0)
FN:39,(anonymous_1)
FN:61,(anonymous_2)
FN:96,(anonymous_3)
FN:132,(anonymous_4)
FN:311,(anonymous_5)
FNF:6
FNH:0
FNDA:0,(anonymous_0)
FNDA:0,(anonymous_1)
FNDA:0,(anonymous_2)
FNDA:0,(anonymous_3)
FNDA:0,(anonymous_4)
FNDA:0,(anonymous_5)
DA:34,2
DA:35,0
DA:36,0
DA:37,0
DA:39,0
DA:40,0
DA:41,0
DA:42,0
DA:49,0
DA:51,0
DA:52,0
DA:61,0
DA:62,0
DA:64,0
DA:104,0
DA:132,0
DA:188,2
DA:304,2
DA:311,0
DA:314,2
LF:20
LH:4
BRDA:68,0,0,0
BRDA:68,0,1,0
BRDA:127,1,0,0
BRDA:127,1,1,0
BRDA:175,2,0,0
BRDA:175,2,1,0
BRF:6
BRH:0
end_of_record
TN:
SF:src\screens\authScreens\ResetPasswordScreen.tsx
FN:38,(anonymous_0)
FN:54,(anonymous_1)
FN:80,(anonymous_2)
FN:82,(anonymous_3)
FN:146,(anonymous_4)
FN:170,(anonymous_5)
FN:186,(anonymous_6)
FN:319,(anonymous_7)
FNF:8
FNH:0
FNDA:0,(anonymous_0)
FNDA:0,(anonymous_1)
FNDA:0,(anonymous_2)
FNDA:0,(anonymous_3)
FNDA:0,(anonymous_4)
FNDA:0,(anonymous_5)
FNDA:0,(anonymous_6)
FNDA:0,(anonymous_7)
DA:37,2
DA:38,2
DA:39,0
DA:40,0
DA:41,0
DA:42,0
DA:43,0
DA:44,0
DA:49,0
DA:54,0
DA:55,0
DA:56,0
DA:61,0
DA:68,0
DA:70,0
DA:71,0
DA:80,0
DA:81,0
DA:82,0
DA:83,0
DA:87,0
DA:88,0
DA:89,0
DA:118,0
DA:154,0
DA:171,0
DA:186,0
DA:200,2
DA:316,2
DA:319,0
LF:30
LH:4
BRDA:81,0,0,0
BRDA:81,0,1,0
BRDA:87,1,0,0
BRDA:87,1,1,0
BRDA:88,2,0,0
BRDA:88,2,1,0
BRDA:88,3,0,0
BRDA:88,3,1,0
BRDA:177,4,0,0
BRDA:177,4,1,0
BRDA:183,5,0,0
BRDA:183,5,1,0
BRF:12
BRH:0
end_of_record
TN:
SF:src\screens\authScreens\SigninScreen.tsx
FN:30,(anonymous_0)
FN:37,(anonymous_1)
FN:89,(anonymous_2)
FN:134,(anonymous_3)
FN:150,(anonymous_4)
FN:155,(anonymous_5)
FN:178,(anonymous_6)
FN:282,(anonymous_7)
FNF:8
FNH:2
FNDA:3,(anonymous_0)
FNDA:0,(anonymous_1)
FNDA:3,(anonymous_2)
FNDA:0,(anonymous_3)
FNDA:0,(anonymous_4)
FNDA:0,(anonymous_5)
FNDA:0,(anonymous_6)
FNDA:0,(anonymous_7)
DA:30,3
DA:31,3
DA:32,3
DA:33,3
DA:35,3
DA:37,3
DA:38,0
DA:39,0
DA:40,0
DA:48,0
DA:49,0
DA:50,0
DA:52,0
DA:53,0
DA:63,3
DA:97,3
DA:135,0
DA:150,0
DA:155,0
DA:178,0
DA:196,3
DA:275,3
DA:282,0
LF:23
LH:10
BRDA:141,0,0,3
BRDA:141,0,1,0
BRDA:147,1,0,3
BRDA:147,1,1,0
BRF:4
BRH:2
end_of_record
TN:
SF:src\screens\authScreens\SignupScreen.tsx
FN:26,(anonymous_0)
FN:30,(anonymous_1)
FN:81,(anonymous_2)
FN:162,(anonymous_3)
FN:178,(anonymous_4)
FN:192,(anonymous_5)
FN:310,(anonymous_6)
FNF:7
FNH:0
FNDA:0,(anonymous_0)
FNDA:0,(anonymous_1)
FNDA:0,(anonymous_2)
FNDA:0,(anonymous_3)
FNDA:0,(anonymous_4)
FNDA:0,(anonymous_5)
FNDA:0,(anonymous_6)
DA:26,2
DA:27,0
DA:28,0
DA:30,0
DA:31,0
DA:32,0
DA:33,0
DA:40,0
DA:42,0
DA:43,0
DA:53,0
DA:89,0
DA:163,0
DA:178,0
DA:192,0
DA:210,2
DA:303,2
DA:310,0
LF:18
LH:3
BRDA:169,0,0,0
BRDA:169,0,1,0
BRDA:175,1,0,0
BRDA:175,1,1,0
BRF:4
BRH:0
end_of_record
TN:
SF:src\screens\contactScreens\ChatScreen.tsx
FN:19,(anonymous_0)
FN:31,(anonymous_1)
FN:63,(anonymous_2)
FN:69,(anonymous_3)
FN:87,(anonymous_4)
FNF:5
FNH:0
FNDA:0,(anonymous_0)
FNDA:0,(anonymous_1)
FNDA:0,(anonymous_2)
FNDA:0,(anonymous_3)
FNDA:0,(anonymous_4)
DA:19,2
DA:20,0
DA:21,0
DA:22,0
DA:26,0
DA:27,0
DA:28,0
DA:29,0
DA:30,0
DA:31,0
DA:32,0
DA:33,0
DA:34,0
DA:35,0
DA:41,0
DA:42,0
DA:43,0
DA:44,0
DA:45,0
DA:46,0
DA:48,0
DA:49,0
DA:53,0
DA:54,0
DA:56,0
DA:57,0
DA:58,0
DA:59,0
DA:60,0
DA:63,0
DA:64,0
DA:65,0
DA:66,0
DA:69,0
DA:70,0
DA:73,0
DA:87,0
DA:161,2
LF:38
LH:2
BRDA:32,0,0,0
BRDA:32,0,1,0
BRDA:41,1,0,0
BRDA:41,1,1,0
BRDA:42,2,0,0
BRDA:42,2,1,0
BRDA:45,3,0,0
BRDA:45,3,1,0
BRDA:48,4,0,0
BRDA:48,4,1,0
BRDA:57,5,0,0
BRDA:57,5,1,0
BRDA:64,6,0,0
BRDA:64,6,1,0
BRF:14
BRH:0
end_of_record
TN:
SF:src\screens\contactScreens\ContactScreen.tsx
FN:22,(anonymous_0)
FN:33,(anonymous_1)
FN:64,(anonymous_2)
FN:67,(anonymous_3)
FNF:4
FNH:0
FNDA:0,(anonymous_0)
FNDA:0,(anonymous_1)
FNDA:0,(anonymous_2)
FNDA:0,(anonymous_3)
DA:22,2
DA:23,0
DA:24,0
DA:28,0
DA:29,0
DA:30,0
DA:31,0
DA:32,0
DA:33,0
DA:34,0
DA:35,0
DA:36,0
DA:37,0
DA:43,0
DA:44,0
DA:45,0
DA:46,0
DA:47,0
DA:48,0
DA:50,0
DA:54,0
DA:55,0
DA:56,0
DA:58,0
DA:59,0
DA:60,0
DA:61,0
DA:64,0
DA:65,0
DA:66,0
DA:67,0
DA:68,0
DA:72,0
DA:73,0
DA:93,0
DA:148,2
LF:36
LH:2
BRDA:34,0,0,0
BRDA:34,0,1,0
BRDA:43,1,0,0
BRDA:43,1,1,0
BRDA:46,2,0,0
BRDA:46,2,1,0
BRDA:66,3,0,0
BRDA:66,3,1,0
BRDA:72,4,0,0
BRDA:72,4,1,0
BRF:10
BRH:0
end_of_record
TN:
SF:src\screens\itemScreens\FeedSearchScreen.tsx
FN:38,(anonymous_0)
FN:40,(anonymous_1)
FN:43,(anonymous_2)
FN:50,(anonymous_3)
FN:64,(anonymous_4)
FN:93,(anonymous_5)
FN:96,(anonymous_6)
FN:106,(anonymous_7)
FN:119,(anonymous_8)
FN:124,(anonymous_9)
FN:130,(anonymous_10)
FNF:11
FNH:7
FNDA:0,(anonymous_0)
FNDA:0,(anonymous_1)
FNDA:0,(anonymous_2)
FNDA:12,(anonymous_3)
FNDA:1,(anonymous_4)
FNDA:1,(anonymous_5)
FNDA:1,(anonymous_6)
FNDA:2,(anonymous_7)
FNDA:1,(anonymous_8)
FNDA:2,(anonymous_9)
FNDA:0,(anonymous_10)
DA:38,3
DA:39,0
DA:40,0
DA:41,0
DA:42,0
DA:43,0
DA:44,0
DA:45,0
DA:50,3
DA:51,12
DA:52,12
DA:53,12
DA:54,12
DA:55,12
DA:56,12
DA:58,12
DA:59,12
DA:60,12
DA:62,12
DA:63,12
DA:64,12
DA:65,1
DA:66,1
DA:67,1
DA:68,1
DA:69,1
DA:74,1
DA:75,1
DA:76,1
DA:78,0
DA:79,0
DA:80,0
DA:81,0
DA:82,0
DA:89,0
DA:93,12
DA:94,1
DA:96,12
DA:97,1
DA:102,1
DA:103,1
DA:104,1
DA:106,12
DA:107,2
DA:108,2
DA:109,2
DA:110,2
DA:111,2
DA:114,2
DA:116,2
DA:118,2
DA:119,1
DA:120,1
DA:124,2
DA:125,2
DA:126,2
DA:127,2
DA:130,12
DA:131,12
DA:224,3
LF:60
LH:47
BRDA:41,0,0,0
BRDA:41,0,1,0
BRDA:66,1,0,0
BRDA:66,1,1,1
BRDA:81,2,0,0
BRDA:81,2,1,0
BRDA:108,3,0,2
BRDA:108,3,1,0
BRDA:118,4,0,1
BRDA:118,4,1,1
BRDA:118,5,0,2
BRDA:118,5,1,2
BRDA:145,6,0,12
BRDA:145,6,1,5
BRDA:200,7,0,12
BRDA:200,7,1,2
BRF:16
BRH:10
end_of_record
TN:
SF:src\screens\itemScreens\ItemScreen.tsx
FN:46,(anonymous_0)
FN:64,(anonymous_1)
FN:68,(anonymous_2)
FN:73,(anonymous_3)
FN:77,(anonymous_4)
FN:82,(anonymous_5)
FN:85,(anonymous_6)
FN:88,(anonymous_7)
FN:119,(anonymous_8)
FN:126,(anonymous_9)
FN:132,(anonymous_10)
FN:160,(anonymous_11)
FN:167,(anonymous_12)
FN:170,(anonymous_13)
FN:172,(anonymous_14)
FNF:15
FNH:9
FNDA:68,(anonymous_0)
FNDA:4,(anonymous_1)
FNDA:0,(anonymous_2)
FNDA:0,(anonymous_3)
FNDA:2,(anonymous_4)
FNDA:0,(anonymous_5)
FNDA:0,(anonymous_6)
FNDA:10,(anonymous_7)
FNDA:32,(anonymous_8)
FNDA:30,(anonymous_9)
FNDA:1,(anonymous_10)
FNDA:120,(anonymous_11)
FNDA:137,(anonymous_12)
FNDA:0,(anonymous_13)
FNDA:0,(anonymous_14)
DA:46,3
DA:47,68
DA:48,68
DA:49,68
DA:51,68
DA:52,68
DA:53,68
DA:56,68
DA:57,68
DA:58,68
DA:59,68
DA:60,68
DA:61,68
DA:62,68
DA:63,68
DA:64,68
DA:65,4
DA:67,68
DA:68,68
DA:69,0
DA:70,0
DA:71,0
DA:72,0
DA:73,0
DA:74,0
DA:77,68
DA:78,2
DA:79,2
DA:80,2
DA:82,68
DA:83,0
DA:85,68
DA:86,0
DA:88,68
DA:89,10
DA:90,10
DA:91,10
DA:92,10
DA:94,10
DA:95,10
DA:101,10
DA:102,10
DA:104,0
DA:105,0
DA:106,0
DA:108,0
DA:109,0
DA:116,0
DA:119,68
DA:120,32
DA:121,32
DA:122,30
DA:123,30
DA:124,10
DA:126,30
DA:127,30
DA:132,68
DA:133,1
DA:134,1
DA:135,1
DA:137,68
DA:161,120
DA:167,137
DA:171,0
DA:172,0
DA:173,0
DA:235,3
LF:67
LH:50
BRDA:70,0,0,0
BRDA:70,0,1,0
BRDA:90,1,0,0
BRDA:90,1,1,10
BRDA:90,2,0,10
BRDA:90,2,1,10
BRDA:108,3,0,0
BRDA:108,3,1,0
BRDA:121,4,0,30
BRDA:121,4,1,2
BRDA:123,5,0,10
BRDA:123,5,1,20
BRDA:123,6,0,30
BRDA:123,6,1,30
BRDA:216,7,0,68
BRDA:216,7,1,12
BRF:16
BRH:11
end_of_record
TN:
SF:src\screens\postScreens\AddItemDetailsScreen.tsx
FN:46,(anonymous_0)
FN:52,(anonymous_1)
FN:62,(anonymous_2)
FN:65,(anonymous_3)
FN:69,(anonymous_4)
FN:70,(anonymous_5)
FN:78,(anonymous_6)
FN:113,(anonymous_7)
FN:115,(anonymous_8)
FN:143,(anonymous_9)
FN:155,(anonymous_10)
FNF:11
FNH:3
FNDA:1,(anonymous_0)
FNDA:0,(anonymous_1)
FNDA:0,(anonymous_2)
FNDA:0,(anonymous_3)
FNDA:0,(anonymous_4)
FNDA:0,(anonymous_5)
FNDA:0,(anonymous_6)
FNDA:1,(anonymous_7)
FNDA:1,(anonymous_8)
FNDA:0,(anonymous_9)
FNDA:0,(anonymous_10)
DA:29,3
DA:45,3
DA:46,3
DA:47,1
DA:48,1
DA:49,1
DA:50,1
DA:51,1
DA:52,1
DA:53,0
DA:58,0
DA:60,0
DA:62,1
DA:63,0
DA:65,1
DA:66,0
DA:67,0
DA:69,1
DA:70,1
DA:71,0
DA:78,1
DA:79,0
DA:81,0
DA:83,0
DA:85,0
DA:87,0
DA:89,0
DA:91,0
DA:93,0
DA:95,0
DA:103,0
DA:111,1
DA:113,1
DA:114,1
DA:115,1
DA:116,1
DA:120,1
DA:121,1
DA:139,0
DA:143,0
DA:156,0
DA:178,3
DA:202,3
LF:43
LH:23
BRDA:79,0,0,0
BRDA:79,0,1,0
BRDA:79,0,2,0
BRDA:79,0,3,0
BRDA:79,0,4,0
BRDA:79,0,5,0
BRDA:79,0,6,0
BRDA:79,0,7,0
BRDA:79,0,8,0
BRDA:120,1,0,1
BRDA:120,1,1,0
BRDA:143,2,0,0
BRDA:143,2,1,0
BRDA:161,3,0,0
BRDA:161,3,1,0
BRDA:167,4,0,0
BRDA:167,4,1,0
BRF:17
BRH:1
end_of_record
TN:
SF:src\screens\postScreens\SelectItemTypeScreen.tsx
FN:16,(anonymous_0)
FN:19,(anonymous_1)
FN:49,(anonymous_2)
FN:55,(anonymous_3)
FNF:4
FNH:4
FNDA:3,(anonymous_0)
FNDA:2,(anonymous_1)
FNDA:1,(anonymous_2)
FNDA:1,(anonymous_3)
DA:16,3
DA:17,3
DA:18,3
DA:19,3
DA:20,2
DA:21,0
DA:25,2
DA:28,3
DA:49,1
DA:55,1
DA:67,3
LF:11
LH:10
BRDA:20,0,0,0
BRDA:20,0,1,2
BRF:2
BRH:1
end_of_record
TN:
SF:src\screens\userPostScreens\UserPostsHomeScreen.tsx
FN:8,(anonymous_0)
FNF:1
FNH:0
FNDA:0,(anonymous_0)
DA:6,2
DA:8,2
DA:9,0
LF:3
LH:2
BRF:0
BRH:0
end_of_record
TN:
SF:src\screens\userPostScreens\UserPostsRecommendationScreen.tsx
FN:26,(anonymous_0)
FN:27,(anonymous_1)
FN:30,(anonymous_2)
FN:43,(anonymous_3)
FN:47,(anonymous_4)
FN:60,(anonymous_5)
FN:79,(anonymous_6)
FN:84,(anonymous_7)
FNF:8
FNH:0
FNDA:0,(anonymous_0)
FNDA:0,(anonymous_1)
FNDA:0,(anonymous_2)
FNDA:0,(anonymous_3)
FNDA:0,(anonymous_4)
FNDA:0,(anonymous_5)
FNDA:0,(anonymous_6)
FNDA:0,(anonymous_7)
DA:26,2
DA:27,0
DA:28,0
DA:31,0
DA:35,0
DA:36,0
DA:37,0
DA:38,0
DA:39,0
DA:40,0
DA:42,0
DA:43,0
DA:44,0
DA:45,0
DA:47,0
DA:48,0
DA:49,0
DA:50,0
DA:52,0
DA:53,0
DA:54,0
DA:55,0
DA:56,0
DA:59,0
DA:60,0
DA:61,0
DA:63,0
DA:64,0
DA:65,0
DA:67,0
DA:68,0
DA:75,0
DA:79,0
DA:80,0
DA:81,0
DA:82,0
DA:84,0
DA:85,0
DA:89,0
DA:111,2
LF:40
LH:2
BRDA:48,0,0,0
BRDA:48,0,1,0
BRDA:53,1,0,0
BRDA:53,1,1,0
BRDA:67,2,0,0
BRDA:67,2,1,0
BRDA:81,3,0,0
BRDA:81,3,1,0
BRF:8
BRH:0
end_of_record
TN:
SF:src\screens\userPostScreens\UserPostsScreen.tsx
FN:41,(anonymous_0)
FN:60,(anonymous_1)
FN:64,(anonymous_2)
FN:69,(anonymous_3)
FN:73,(anonymous_4)
FN:78,(anonymous_5)
FN:81,(anonymous_6)
FN:84,(anonymous_7)
FN:116,(anonymous_8)
FN:124,(anonymous_9)
FN:129,(anonymous_10)
FN:176,(anonymous_11)
FN:183,(anonymous_12)
FN:186,(anonymous_13)
FN:188,(anonymous_14)
FNF:15
FNH:0
FNDA:0,(anonymous_0)
FNDA:0,(anonymous_1)
FNDA:0,(anonymous_2)
FNDA:0,(anonymous_3)
FNDA:0,(anonymous_4)
FNDA:0,(anonymous_5)
FNDA:0,(anonymous_6)
FNDA:0,(anonymous_7)
FNDA:0,(anonymous_8)
FNDA:0,(anonymous_9)
FNDA:0,(anonymous_10)
FNDA:0,(anonymous_11)
FNDA:0,(anonymous_12)
FNDA:0,(anonymous_13)
FNDA:0,(anonymous_14)
DA:41,2
DA:42,0
DA:43,0
DA:44,0
DA:45,0
DA:47,0
DA:48,0
DA:49,0
DA:52,0
DA:53,0
DA:54,0
DA:55,0
DA:56,0
DA:57,0
DA:58,0
DA:59,0
DA:60,0
DA:61,0
DA:63,0
DA:64,0
DA:65,0
DA:66,0
DA:67,0
DA:68,0
DA:69,0
DA:70,0
DA:73,0
DA:74,0
DA:75,0
DA:76,0
DA:78,0
DA:79,0
DA:81,0
DA:82,0
DA:84,0
DA:85,0
DA:86,0
DA:87,0
DA:88,0
DA:90,0
DA:91,0
DA:98,0
DA:99,0
DA:101,0
DA:102,0
DA:103,0
DA:105,0
DA:106,0
DA:113,0
DA:116,0
DA:117,0
DA:118,0
DA:119,0
DA:120,0
DA:121,0
DA:124,0
DA:125,0
DA:129,0
DA:131,0
DA:132,0
DA:152,0
DA:177,0
DA:183,0
DA:187,0
DA:188,0
DA:189,0
DA:270,2
LF:67
LH:2
BRDA:66,0,0,0
BRDA:66,0,1,0
BRDA:86,1,0,0
BRDA:86,1,1,0
BRDA:105,2,0,0
BRDA:105,2,1,0
BRDA:118,3,0,0
BRDA:118,3,1,0
BRDA:120,4,0,0
BRDA:120,4,1,0
BRDA:131,5,0,0
BRDA:131,5,1,0
BRDA:159,6,0,0
BRDA:159,6,1,0
BRDA:248,7,0,0
BRDA:248,7,1,0
BRF:16
BRH:0
end_of_record
TN:
SF:src\storage\foundo-localstorage.ts
FN:4,(anonymous_0)
FN:11,(anonymous_1)
FN:21,(anonymous_2)
FNF:3
FNH:1
FNDA:0,(anonymous_0)
FNDA:7,(anonymous_1)
FNDA:0,(anonymous_2)
DA:4,7
DA:5,0
DA:6,0
DA:8,0
DA:11,7
DA:12,7
DA:13,7
DA:14,7
DA:16,0
DA:18,7
DA:21,7
DA:22,0
DA:23,0
DA:26,0
LF:14
LH:7
BRF:0
BRH:0
end_of_record
TN:
SF:src\utils\index.ts
FN:2,(anonymous_0)
FN:5,(anonymous_1)
FN:8,(anonymous_2)
FN:11,(anonymous_3)
FN:14,(anonymous_4)
FN:17,(anonymous_5)
FN:20,(anonymous_6)
FN:43,(anonymous_7)
FN:66,(anonymous_8)
FNF:9
FNH:3
FNDA:392,(anonymous_0)
FNDA:114,(anonymous_1)
FNDA:154,(anonymous_2)
FNDA:0,(anonymous_3)
FNDA:0,(anonymous_4)
FNDA:0,(anonymous_5)
FNDA:0,(anonymous_6)
FNDA:0,(anonymous_7)
FNDA:0,(anonymous_8)
DA:2,7
DA:3,392
DA:5,7
DA:6,114
DA:8,154
DA:11,7
DA:12,0
DA:14,7
DA:15,0
DA:16,0
DA:17,0
DA:18,0
DA:19,0
DA:20,0
DA:21,0
DA:22,0
DA:26,7
DA:43,7
DA:44,0
DA:45,0
DA:47,0
DA:48,0
DA:49,0
DA:50,0
DA:51,0
DA:52,0
DA:54,0
DA:66,7
DA:70,0
DA:71,0
LF:30
LH:10
BRDA:47,0,0,0
BRDA:47,0,1,0
BRDA:48,1,0,0
BRDA:48,1,1,0
BRDA:49,2,0,0
BRDA:49,2,1,0
BRDA:50,3,0,0
BRDA:50,3,1,0
BRDA:51,4,0,0
BRDA:51,4,1,0
BRDA:52,5,0,0
BRDA:52,5,1,0
BRF:12
BRH:0
end_of_record
